<html>
<head>
<title>TestNG:  Test</title>
<link href="../testng.css" rel="stylesheet" type="text/css" />
<link href="../my-testng.css" rel="stylesheet" type="text/css" />

<style type="text/css">
.log { display: none;} 
.stack-trace { display: none;} 
</style>
<script type="text/javascript">
<!--
function flip(e) {
  current = e.style.display;
  if (current == 'block') {
    e.style.display = 'none';
    return 0;
  }
  else {
    e.style.display = 'block';
    return 1;
  }
}

function toggleBox(szDivId, elem, msg1, msg2)
{
  var res = -1;  if (document.getElementById) {
    res = flip(document.getElementById(szDivId));
  }
  else if (document.all) {
    // this is the way old msie versions work
    res = flip(document.all[szDivId]);
  }
  if(elem) {
    if(res == 0) elem.innerHTML = msg1; else elem.innerHTML = msg2;
  }

}

function toggleAllBoxes() {
  if (document.getElementsByTagName) {
    d = document.getElementsByTagName('div');
    for (i = 0; i < d.length; i++) {
      if (d[i].className == 'log') {
        flip(d[i]);
      }
    }
  }
}

// -->
</script>

</head>
<body>
<h2 align='center'>Test</h2><table border='1' align="center">
<tr>
<td>Tests passed/Failed/Skipped:</td><td>26/7/0</td>
</tr><tr>
<td>Started on:</td><td>Tue Feb 07 02:12:04 IST 2023</td>
</tr>
<tr><td>Total time:</td><td>162 seconds (162045 ms)</td>
</tr><tr>
<td>Included groups:</td><td></td>
</tr><tr>
<td>Excluded groups:</td><td></td>
</tr>
</table><p/>
<small><i>(Hover the method name to see the test class name)</i></small><p/>
<table width='100%' border='1' class='invocation-failed'>
<tr><td colspan='4' align='center'><b>FAILED TESTS</b></td></tr>
<tr><td><b>Test method</b></td>
<td width="30%"><b>Exception</b></td>
<td width="10%"><b>Time (seconds)</b></td>
<td><b>Instance</b></td>
</tr>
<tr>
<td title='com.obsqura.selenium.FinalProject.MobileSliderTest.VerifyAddNewSlider()'><b>VerifyAddNewSlider</b><br>Test class: com.obsqura.selenium.FinalProject.MobileSliderTest<br>Test method: Add a new slider and save</td>
<td><div><pre>org.openqa.selenium.ElementClickInterceptedException: element click intercepted: Element is not clickable at point (727, 731)
  (Session info: chrome=109.0.5414.120)
Build info: version: &apos;4.7.2&apos;, revision: &apos;4d4020c3b7&apos;
System info: os.name: &apos;Windows 11&apos;, os.arch: &apos;amd64&apos;, os.version: &apos;10.0&apos;, java.version: &apos;1.8.0_361&apos;
Driver info: org.openqa.selenium.chrome.ChromeDriver
Command: [39c7dd4362998da60c5ce3ed8854b778, clickElement {id=7f56d98f-e9bc-44ba-9b02-9f2081e9d538}]
Capabilities {acceptInsecureCerts: false, browserName: chrome, browserVersion: 109.0.5414.120, chrome: {chromedriverVersion: 108.0.5359.71 (1e0e3868ee06..., userDataDir: C:\Users\anjuc\AppData\Loca...}, goog:chromeOptions: {debuggerAddress: localhost:52557}, networkConnectionEnabled: false, pageLoadStrategy: normal, platformName: WINDOWS, proxy: Proxy(), se:cdp: ws://localhost:52557/devtoo..., se:cdpVersion: 109.0.5414.120, setWindowRect: true, strictFileInteractability: false, timeouts: {implicit: 0, pageLoad: 300000, script: 30000}, unhandledPromptBehavior: dismiss and notify, webauthn:extension:credBlob: true, webauthn:extension:largeBlob: true, webauthn:virtualAuthenticators: true}
Element: [[ChromeDriver: chrome on WINDOWS (39c7dd4362998da60c5ce3ed8854b778)] -&gt; xpath: //a[@href=&apos;https://groceryapp.uniqassosiates.com/admin/list-mobileslider&apos; and @class=&apos;small-box-footer&apos;]]
Session ID: 39c7dd4362998da60c5ce3ed8854b778
	at org.openqa.selenium.remote.codec.w3c.W3CHttpResponseCodec.createException(W3CHttpResponseCodec.java:200)
	at org.openqa.selenium.remote.codec.w3c.W3CHttpResponseCodec.decode(W3CHttpResponseCodec.java:133)
	at org.openqa.selenium.remote.codec.w3c.W3CHttpResponseCodec.decode(W3CHttpResponseCodec.java:53)
	at org.openqa.selenium.remote.HttpCommandExecutor.execute(HttpCommandExecutor.java:184)
	at org.openqa.selenium.remote.service.DriverCommandExecutor.invokeExecute(DriverCommandExecutor.java:167)
	at org.openqa.selenium.remote.service.DriverCommandExecutor.execute(DriverCommandExecutor.java:142)
	at org.openqa.selenium.remote.RemoteWebDriver.execute(RemoteWebDriver.java:535)
	at org.openqa.selenium.remote.RemoteWebElement.execute(RemoteWebElement.java:257)
	at org.openqa.selenium.remote.RemoteWebElement.click(RemoteWebElement.java:78)
	at org.openqa.selenium.support.pagefactory.internal.LocatingElementHandler.invoke(LocatingElementHandler.java:52)
	at com.sun.proxy.$Proxy16.click(Unknown Source)
	at utilities.PageUtility.clickOnElement(PageUtility.java:11)
	at pages.MobileSliderPage.addNewSlider(MobileSliderPage.java:88)
	at com.obsqura.selenium.FinalProject.MobileSliderTest.VerifyAddNewSlider(MobileSliderTest.java:35)
... Removed 32 stack frames</pre></div><a href='#' onClick='toggleBox("stack-trace1143860354", this, "Click to show all stack frames", "Click to hide stack frames")'>Click to show all stack frames</a>
<div class='stack-trace' id='stack-trace1143860354'><pre>org.openqa.selenium.ElementClickInterceptedException: element click intercepted: Element is not clickable at point (727, 731)
  (Session info: chrome=109.0.5414.120)
Build info: version: &apos;4.7.2&apos;, revision: &apos;4d4020c3b7&apos;
System info: os.name: &apos;Windows 11&apos;, os.arch: &apos;amd64&apos;, os.version: &apos;10.0&apos;, java.version: &apos;1.8.0_361&apos;
Driver info: org.openqa.selenium.chrome.ChromeDriver
Command: [39c7dd4362998da60c5ce3ed8854b778, clickElement {id=7f56d98f-e9bc-44ba-9b02-9f2081e9d538}]
Capabilities {acceptInsecureCerts: false, browserName: chrome, browserVersion: 109.0.5414.120, chrome: {chromedriverVersion: 108.0.5359.71 (1e0e3868ee06..., userDataDir: C:\Users\anjuc\AppData\Loca...}, goog:chromeOptions: {debuggerAddress: localhost:52557}, networkConnectionEnabled: false, pageLoadStrategy: normal, platformName: WINDOWS, proxy: Proxy(), se:cdp: ws://localhost:52557/devtoo..., se:cdpVersion: 109.0.5414.120, setWindowRect: true, strictFileInteractability: false, timeouts: {implicit: 0, pageLoad: 300000, script: 30000}, unhandledPromptBehavior: dismiss and notify, webauthn:extension:credBlob: true, webauthn:extension:largeBlob: true, webauthn:virtualAuthenticators: true}
Element: [[ChromeDriver: chrome on WINDOWS (39c7dd4362998da60c5ce3ed8854b778)] -&gt; xpath: //a[@href=&apos;https://groceryapp.uniqassosiates.com/admin/list-mobileslider&apos; and @class=&apos;small-box-footer&apos;]]
Session ID: 39c7dd4362998da60c5ce3ed8854b778
	at sun.reflect.NativeConstructorAccessorImpl.newInstance0(Native Method)
	at sun.reflect.NativeConstructorAccessorImpl.newInstance(Unknown Source)
	at sun.reflect.DelegatingConstructorAccessorImpl.newInstance(Unknown Source)
	at java.lang.reflect.Constructor.newInstance(Unknown Source)
	at org.openqa.selenium.remote.codec.w3c.W3CHttpResponseCodec.createException(W3CHttpResponseCodec.java:200)
	at org.openqa.selenium.remote.codec.w3c.W3CHttpResponseCodec.decode(W3CHttpResponseCodec.java:133)
	at org.openqa.selenium.remote.codec.w3c.W3CHttpResponseCodec.decode(W3CHttpResponseCodec.java:53)
	at org.openqa.selenium.remote.HttpCommandExecutor.execute(HttpCommandExecutor.java:184)
	at org.openqa.selenium.remote.service.DriverCommandExecutor.invokeExecute(DriverCommandExecutor.java:167)
	at org.openqa.selenium.remote.service.DriverCommandExecutor.execute(DriverCommandExecutor.java:142)
	at org.openqa.selenium.remote.RemoteWebDriver.execute(RemoteWebDriver.java:535)
	at org.openqa.selenium.remote.RemoteWebElement.execute(RemoteWebElement.java:257)
	at org.openqa.selenium.remote.RemoteWebElement.click(RemoteWebElement.java:78)
	at sun.reflect.GeneratedMethodAccessor2.invoke(Unknown Source)
	at sun.reflect.DelegatingMethodAccessorImpl.invoke(Unknown Source)
	at java.lang.reflect.Method.invoke(Unknown Source)
	at org.openqa.selenium.support.pagefactory.internal.LocatingElementHandler.invoke(LocatingElementHandler.java:52)
	at com.sun.proxy.$Proxy16.click(Unknown Source)
	at utilities.PageUtility.clickOnElement(PageUtility.java:11)
	at pages.MobileSliderPage.addNewSlider(MobileSliderPage.java:88)
	at com.obsqura.selenium.FinalProject.MobileSliderTest.VerifyAddNewSlider(MobileSliderTest.java:35)
	at sun.reflect.NativeMethodAccessorImpl.invoke0(Native Method)
	at sun.reflect.NativeMethodAccessorImpl.invoke(Unknown Source)
	at sun.reflect.DelegatingMethodAccessorImpl.invoke(Unknown Source)
	at java.lang.reflect.Method.invoke(Unknown Source)
	at org.testng.internal.MethodInvocationHelper.invokeMethod(MethodInvocationHelper.java:108)
	at org.testng.internal.Invoker.invokeMethod(Invoker.java:661)
	at org.testng.internal.Invoker.invokeTestMethod(Invoker.java:869)
	at org.testng.internal.Invoker.invokeTestMethods(Invoker.java:1193)
	at org.testng.internal.TestMethodWorker.invokeTestMethods(TestMethodWorker.java:126)
	at org.testng.internal.TestMethodWorker.run(TestMethodWorker.java:109)
	at org.testng.TestRunner.privateRun(TestRunner.java:744)
	at org.testng.TestRunner.run(TestRunner.java:602)
	at org.testng.SuiteRunner.runTest(SuiteRunner.java:380)
	at org.testng.SuiteRunner.runSequentially(SuiteRunner.java:375)
	at org.testng.SuiteRunner.privateRun(SuiteRunner.java:340)
	at org.testng.SuiteRunner.run(SuiteRunner.java:289)
	at org.testng.SuiteRunnerWorker.runSuite(SuiteRunnerWorker.java:52)
	at org.testng.SuiteRunnerWorker.run(SuiteRunnerWorker.java:86)
	at org.testng.TestNG.runSuitesSequentially(TestNG.java:1301)
	at org.testng.TestNG.runSuitesLocally(TestNG.java:1226)
	at org.testng.TestNG.runSuites(TestNG.java:1144)
	at org.testng.TestNG.run(TestNG.java:1115)
	at org.testng.remote.AbstractRemoteTestNG.run(AbstractRemoteTestNG.java:132)
	at org.testng.remote.RemoteTestNG.initAndRun(RemoteTestNG.java:230)
	at org.testng.remote.RemoteTestNG.main(RemoteTestNG.java:76)
</pre></div></td>
<td>1</td>
<td>com.obsqura.selenium.FinalProject.MobileSliderTest@7d3a22a9</td></tr>
<tr>
<td title='com.obsqura.selenium.FinalProject.ManageDeliveryBoyTest.VerifyCreateNewDeliveryBoy()'><b>VerifyCreateNewDeliveryBoy</b><br>Test class: com.obsqura.selenium.FinalProject.ManageDeliveryBoyTest<br>Test method: Click new button and verify<br>Parameters: John Samuel, john123@gmail.com, 556485226, Sam villa,North carolina,Zip-45236</td>
<td><div><pre>org.openqa.selenium.ElementClickInterceptedException: element click intercepted: Element is not clickable at point (334, 758)
  (Session info: chrome=109.0.5414.120)
Build info: version: &apos;4.7.2&apos;, revision: &apos;4d4020c3b7&apos;
System info: os.name: &apos;Windows 11&apos;, os.arch: &apos;amd64&apos;, os.version: &apos;10.0&apos;, java.version: &apos;1.8.0_361&apos;
Driver info: org.openqa.selenium.chrome.ChromeDriver
Command: [e95ac50f89d81579e020db54a90eb27b, clickElement {id=8c7a0ff1-edf0-4f3c-9488-1646dc906c59}]
Capabilities {acceptInsecureCerts: false, browserName: chrome, browserVersion: 109.0.5414.120, chrome: {chromedriverVersion: 108.0.5359.71 (1e0e3868ee06..., userDataDir: C:\Users\anjuc\AppData\Loca...}, goog:chromeOptions: {debuggerAddress: localhost:52009}, networkConnectionEnabled: false, pageLoadStrategy: normal, platformName: WINDOWS, proxy: Proxy(), se:cdp: ws://localhost:52009/devtoo..., se:cdpVersion: 109.0.5414.120, setWindowRect: true, strictFileInteractability: false, timeouts: {implicit: 0, pageLoad: 300000, script: 30000}, unhandledPromptBehavior: dismiss and notify, webauthn:extension:credBlob: true, webauthn:extension:largeBlob: true, webauthn:virtualAuthenticators: true}
Element: [[ChromeDriver: chrome on WINDOWS (e95ac50f89d81579e020db54a90eb27b)] -&gt; xpath: //button[@type=&apos;submit&apos;]]
Session ID: e95ac50f89d81579e020db54a90eb27b
	at org.openqa.selenium.remote.codec.w3c.W3CHttpResponseCodec.createException(W3CHttpResponseCodec.java:200)
	at org.openqa.selenium.remote.codec.w3c.W3CHttpResponseCodec.decode(W3CHttpResponseCodec.java:133)
	at org.openqa.selenium.remote.codec.w3c.W3CHttpResponseCodec.decode(W3CHttpResponseCodec.java:53)
	at org.openqa.selenium.remote.HttpCommandExecutor.execute(HttpCommandExecutor.java:184)
	at org.openqa.selenium.remote.service.DriverCommandExecutor.invokeExecute(DriverCommandExecutor.java:167)
	at org.openqa.selenium.remote.service.DriverCommandExecutor.execute(DriverCommandExecutor.java:142)
	at org.openqa.selenium.remote.RemoteWebDriver.execute(RemoteWebDriver.java:535)
	at org.openqa.selenium.remote.RemoteWebElement.execute(RemoteWebElement.java:257)
	at org.openqa.selenium.remote.RemoteWebElement.click(RemoteWebElement.java:78)
	at org.openqa.selenium.support.pagefactory.internal.LocatingElementHandler.invoke(LocatingElementHandler.java:52)
	at com.sun.proxy.$Proxy16.click(Unknown Source)
	at utilities.PageUtility.clickOnElement(PageUtility.java:11)
	at pages.ManageDeliveryBoyPage.createNewDeliveryBoy(ManageDeliveryBoyPage.java:68)
	at com.obsqura.selenium.FinalProject.ManageDeliveryBoyTest.VerifyCreateNewDeliveryBoy(ManageDeliveryBoyTest.java:21)
... Removed 33 stack frames</pre></div><a href='#' onClick='toggleBox("stack-trace1394111263", this, "Click to show all stack frames", "Click to hide stack frames")'>Click to show all stack frames</a>
<div class='stack-trace' id='stack-trace1394111263'><pre>org.openqa.selenium.ElementClickInterceptedException: element click intercepted: Element is not clickable at point (334, 758)
  (Session info: chrome=109.0.5414.120)
Build info: version: &apos;4.7.2&apos;, revision: &apos;4d4020c3b7&apos;
System info: os.name: &apos;Windows 11&apos;, os.arch: &apos;amd64&apos;, os.version: &apos;10.0&apos;, java.version: &apos;1.8.0_361&apos;
Driver info: org.openqa.selenium.chrome.ChromeDriver
Command: [e95ac50f89d81579e020db54a90eb27b, clickElement {id=8c7a0ff1-edf0-4f3c-9488-1646dc906c59}]
Capabilities {acceptInsecureCerts: false, browserName: chrome, browserVersion: 109.0.5414.120, chrome: {chromedriverVersion: 108.0.5359.71 (1e0e3868ee06..., userDataDir: C:\Users\anjuc\AppData\Loca...}, goog:chromeOptions: {debuggerAddress: localhost:52009}, networkConnectionEnabled: false, pageLoadStrategy: normal, platformName: WINDOWS, proxy: Proxy(), se:cdp: ws://localhost:52009/devtoo..., se:cdpVersion: 109.0.5414.120, setWindowRect: true, strictFileInteractability: false, timeouts: {implicit: 0, pageLoad: 300000, script: 30000}, unhandledPromptBehavior: dismiss and notify, webauthn:extension:credBlob: true, webauthn:extension:largeBlob: true, webauthn:virtualAuthenticators: true}
Element: [[ChromeDriver: chrome on WINDOWS (e95ac50f89d81579e020db54a90eb27b)] -&gt; xpath: //button[@type=&apos;submit&apos;]]
Session ID: e95ac50f89d81579e020db54a90eb27b
	at sun.reflect.NativeConstructorAccessorImpl.newInstance0(Native Method)
	at sun.reflect.NativeConstructorAccessorImpl.newInstance(Unknown Source)
	at sun.reflect.DelegatingConstructorAccessorImpl.newInstance(Unknown Source)
	at java.lang.reflect.Constructor.newInstance(Unknown Source)
	at org.openqa.selenium.remote.codec.w3c.W3CHttpResponseCodec.createException(W3CHttpResponseCodec.java:200)
	at org.openqa.selenium.remote.codec.w3c.W3CHttpResponseCodec.decode(W3CHttpResponseCodec.java:133)
	at org.openqa.selenium.remote.codec.w3c.W3CHttpResponseCodec.decode(W3CHttpResponseCodec.java:53)
	at org.openqa.selenium.remote.HttpCommandExecutor.execute(HttpCommandExecutor.java:184)
	at org.openqa.selenium.remote.service.DriverCommandExecutor.invokeExecute(DriverCommandExecutor.java:167)
	at org.openqa.selenium.remote.service.DriverCommandExecutor.execute(DriverCommandExecutor.java:142)
	at org.openqa.selenium.remote.RemoteWebDriver.execute(RemoteWebDriver.java:535)
	at org.openqa.selenium.remote.RemoteWebElement.execute(RemoteWebElement.java:257)
	at org.openqa.selenium.remote.RemoteWebElement.click(RemoteWebElement.java:78)
	at sun.reflect.NativeMethodAccessorImpl.invoke0(Native Method)
	at sun.reflect.NativeMethodAccessorImpl.invoke(Unknown Source)
	at sun.reflect.DelegatingMethodAccessorImpl.invoke(Unknown Source)
	at java.lang.reflect.Method.invoke(Unknown Source)
	at org.openqa.selenium.support.pagefactory.internal.LocatingElementHandler.invoke(LocatingElementHandler.java:52)
	at com.sun.proxy.$Proxy16.click(Unknown Source)
	at utilities.PageUtility.clickOnElement(PageUtility.java:11)
	at pages.ManageDeliveryBoyPage.createNewDeliveryBoy(ManageDeliveryBoyPage.java:68)
	at com.obsqura.selenium.FinalProject.ManageDeliveryBoyTest.VerifyCreateNewDeliveryBoy(ManageDeliveryBoyTest.java:21)
	at sun.reflect.NativeMethodAccessorImpl.invoke0(Native Method)
	at sun.reflect.NativeMethodAccessorImpl.invoke(Unknown Source)
	at sun.reflect.DelegatingMethodAccessorImpl.invoke(Unknown Source)
	at java.lang.reflect.Method.invoke(Unknown Source)
	at org.testng.internal.MethodInvocationHelper.invokeMethod(MethodInvocationHelper.java:108)
	at org.testng.internal.Invoker.invokeMethod(Invoker.java:661)
	at org.testng.internal.Invoker.invokeTestMethod(Invoker.java:869)
	at org.testng.internal.Invoker.invokeTestMethods(Invoker.java:1193)
	at org.testng.internal.TestMethodWorker.invokeTestMethods(TestMethodWorker.java:126)
	at org.testng.internal.TestMethodWorker.run(TestMethodWorker.java:109)
	at org.testng.TestRunner.privateRun(TestRunner.java:744)
	at org.testng.TestRunner.run(TestRunner.java:602)
	at org.testng.SuiteRunner.runTest(SuiteRunner.java:380)
	at org.testng.SuiteRunner.runSequentially(SuiteRunner.java:375)
	at org.testng.SuiteRunner.privateRun(SuiteRunner.java:340)
	at org.testng.SuiteRunner.run(SuiteRunner.java:289)
	at org.testng.SuiteRunnerWorker.runSuite(SuiteRunnerWorker.java:52)
	at org.testng.SuiteRunnerWorker.run(SuiteRunnerWorker.java:86)
	at org.testng.TestNG.runSuitesSequentially(TestNG.java:1301)
	at org.testng.TestNG.runSuitesLocally(TestNG.java:1226)
	at org.testng.TestNG.runSuites(TestNG.java:1144)
	at org.testng.TestNG.run(TestNG.java:1115)
	at org.testng.remote.AbstractRemoteTestNG.run(AbstractRemoteTestNG.java:132)
	at org.testng.remote.RemoteTestNG.initAndRun(RemoteTestNG.java:230)
	at org.testng.remote.RemoteTestNG.main(RemoteTestNG.java:76)
</pre></div></td>
<td>3</td>
<td>com.obsqura.selenium.FinalProject.ManageDeliveryBoyTest@7fc2413d</td></tr>
<tr>
<td title='com.obsqura.selenium.FinalProject.ManageDeliveryBoyTest.VerifyCreateNewDeliveryBoy()'><b>VerifyCreateNewDeliveryBoy</b><br>Test class: com.obsqura.selenium.FinalProject.ManageDeliveryBoyTest<br>Test method: Click new button and verify<br>Parameters: George Antony, anto@gmail.com, 445255694, Leo mansion,ontario,zip-425569</td>
<td><div><pre>org.openqa.selenium.ElementClickInterceptedException: element click intercepted: Element is not clickable at point (334, 748)
  (Session info: chrome=109.0.5414.120)
Build info: version: &apos;4.7.2&apos;, revision: &apos;4d4020c3b7&apos;
System info: os.name: &apos;Windows 11&apos;, os.arch: &apos;amd64&apos;, os.version: &apos;10.0&apos;, java.version: &apos;1.8.0_361&apos;
Driver info: org.openqa.selenium.chrome.ChromeDriver
Command: [8b3dec6ff40625564d3a7a732f2ebced, clickElement {id=cff897b9-209b-4770-832e-60728eaac169}]
Capabilities {acceptInsecureCerts: false, browserName: chrome, browserVersion: 109.0.5414.120, chrome: {chromedriverVersion: 108.0.5359.71 (1e0e3868ee06..., userDataDir: C:\Users\anjuc\AppData\Loca...}, goog:chromeOptions: {debuggerAddress: localhost:52031}, networkConnectionEnabled: false, pageLoadStrategy: normal, platformName: WINDOWS, proxy: Proxy(), se:cdp: ws://localhost:52031/devtoo..., se:cdpVersion: 109.0.5414.120, setWindowRect: true, strictFileInteractability: false, timeouts: {implicit: 0, pageLoad: 300000, script: 30000}, unhandledPromptBehavior: dismiss and notify, webauthn:extension:credBlob: true, webauthn:extension:largeBlob: true, webauthn:virtualAuthenticators: true}
Element: [[ChromeDriver: chrome on WINDOWS (8b3dec6ff40625564d3a7a732f2ebced)] -&gt; xpath: //button[@type=&apos;submit&apos;]]
Session ID: 8b3dec6ff40625564d3a7a732f2ebced
	at org.openqa.selenium.remote.codec.w3c.W3CHttpResponseCodec.createException(W3CHttpResponseCodec.java:200)
	at org.openqa.selenium.remote.codec.w3c.W3CHttpResponseCodec.decode(W3CHttpResponseCodec.java:133)
	at org.openqa.selenium.remote.codec.w3c.W3CHttpResponseCodec.decode(W3CHttpResponseCodec.java:53)
	at org.openqa.selenium.remote.HttpCommandExecutor.execute(HttpCommandExecutor.java:184)
	at org.openqa.selenium.remote.service.DriverCommandExecutor.invokeExecute(DriverCommandExecutor.java:167)
	at org.openqa.selenium.remote.service.DriverCommandExecutor.execute(DriverCommandExecutor.java:142)
	at org.openqa.selenium.remote.RemoteWebDriver.execute(RemoteWebDriver.java:535)
	at org.openqa.selenium.remote.RemoteWebElement.execute(RemoteWebElement.java:257)
	at org.openqa.selenium.remote.RemoteWebElement.click(RemoteWebElement.java:78)
	at org.openqa.selenium.support.pagefactory.internal.LocatingElementHandler.invoke(LocatingElementHandler.java:52)
	at com.sun.proxy.$Proxy16.click(Unknown Source)
	at utilities.PageUtility.clickOnElement(PageUtility.java:11)
	at pages.ManageDeliveryBoyPage.createNewDeliveryBoy(ManageDeliveryBoyPage.java:68)
	at com.obsqura.selenium.FinalProject.ManageDeliveryBoyTest.VerifyCreateNewDeliveryBoy(ManageDeliveryBoyTest.java:21)
... Removed 32 stack frames</pre></div><a href='#' onClick='toggleBox("stack-trace407603353", this, "Click to show all stack frames", "Click to hide stack frames")'>Click to show all stack frames</a>
<div class='stack-trace' id='stack-trace407603353'><pre>org.openqa.selenium.ElementClickInterceptedException: element click intercepted: Element is not clickable at point (334, 748)
  (Session info: chrome=109.0.5414.120)
Build info: version: &apos;4.7.2&apos;, revision: &apos;4d4020c3b7&apos;
System info: os.name: &apos;Windows 11&apos;, os.arch: &apos;amd64&apos;, os.version: &apos;10.0&apos;, java.version: &apos;1.8.0_361&apos;
Driver info: org.openqa.selenium.chrome.ChromeDriver
Command: [8b3dec6ff40625564d3a7a732f2ebced, clickElement {id=cff897b9-209b-4770-832e-60728eaac169}]
Capabilities {acceptInsecureCerts: false, browserName: chrome, browserVersion: 109.0.5414.120, chrome: {chromedriverVersion: 108.0.5359.71 (1e0e3868ee06..., userDataDir: C:\Users\anjuc\AppData\Loca...}, goog:chromeOptions: {debuggerAddress: localhost:52031}, networkConnectionEnabled: false, pageLoadStrategy: normal, platformName: WINDOWS, proxy: Proxy(), se:cdp: ws://localhost:52031/devtoo..., se:cdpVersion: 109.0.5414.120, setWindowRect: true, strictFileInteractability: false, timeouts: {implicit: 0, pageLoad: 300000, script: 30000}, unhandledPromptBehavior: dismiss and notify, webauthn:extension:credBlob: true, webauthn:extension:largeBlob: true, webauthn:virtualAuthenticators: true}
Element: [[ChromeDriver: chrome on WINDOWS (8b3dec6ff40625564d3a7a732f2ebced)] -&gt; xpath: //button[@type=&apos;submit&apos;]]
Session ID: 8b3dec6ff40625564d3a7a732f2ebced
	at sun.reflect.NativeConstructorAccessorImpl.newInstance0(Native Method)
	at sun.reflect.NativeConstructorAccessorImpl.newInstance(Unknown Source)
	at sun.reflect.DelegatingConstructorAccessorImpl.newInstance(Unknown Source)
	at java.lang.reflect.Constructor.newInstance(Unknown Source)
	at org.openqa.selenium.remote.codec.w3c.W3CHttpResponseCodec.createException(W3CHttpResponseCodec.java:200)
	at org.openqa.selenium.remote.codec.w3c.W3CHttpResponseCodec.decode(W3CHttpResponseCodec.java:133)
	at org.openqa.selenium.remote.codec.w3c.W3CHttpResponseCodec.decode(W3CHttpResponseCodec.java:53)
	at org.openqa.selenium.remote.HttpCommandExecutor.execute(HttpCommandExecutor.java:184)
	at org.openqa.selenium.remote.service.DriverCommandExecutor.invokeExecute(DriverCommandExecutor.java:167)
	at org.openqa.selenium.remote.service.DriverCommandExecutor.execute(DriverCommandExecutor.java:142)
	at org.openqa.selenium.remote.RemoteWebDriver.execute(RemoteWebDriver.java:535)
	at org.openqa.selenium.remote.RemoteWebElement.execute(RemoteWebElement.java:257)
	at org.openqa.selenium.remote.RemoteWebElement.click(RemoteWebElement.java:78)
	at sun.reflect.GeneratedMethodAccessor2.invoke(Unknown Source)
	at sun.reflect.DelegatingMethodAccessorImpl.invoke(Unknown Source)
	at java.lang.reflect.Method.invoke(Unknown Source)
	at org.openqa.selenium.support.pagefactory.internal.LocatingElementHandler.invoke(LocatingElementHandler.java:52)
	at com.sun.proxy.$Proxy16.click(Unknown Source)
	at utilities.PageUtility.clickOnElement(PageUtility.java:11)
	at pages.ManageDeliveryBoyPage.createNewDeliveryBoy(ManageDeliveryBoyPage.java:68)
	at com.obsqura.selenium.FinalProject.ManageDeliveryBoyTest.VerifyCreateNewDeliveryBoy(ManageDeliveryBoyTest.java:21)
	at sun.reflect.NativeMethodAccessorImpl.invoke0(Native Method)
	at sun.reflect.NativeMethodAccessorImpl.invoke(Unknown Source)
	at sun.reflect.DelegatingMethodAccessorImpl.invoke(Unknown Source)
	at java.lang.reflect.Method.invoke(Unknown Source)
	at org.testng.internal.MethodInvocationHelper.invokeMethod(MethodInvocationHelper.java:108)
	at org.testng.internal.Invoker.invokeMethod(Invoker.java:661)
	at org.testng.internal.Invoker.invokeTestMethod(Invoker.java:869)
	at org.testng.internal.Invoker.invokeTestMethods(Invoker.java:1193)
	at org.testng.internal.TestMethodWorker.invokeTestMethods(TestMethodWorker.java:126)
	at org.testng.internal.TestMethodWorker.run(TestMethodWorker.java:109)
	at org.testng.TestRunner.privateRun(TestRunner.java:744)
	at org.testng.TestRunner.run(TestRunner.java:602)
	at org.testng.SuiteRunner.runTest(SuiteRunner.java:380)
	at org.testng.SuiteRunner.runSequentially(SuiteRunner.java:375)
	at org.testng.SuiteRunner.privateRun(SuiteRunner.java:340)
	at org.testng.SuiteRunner.run(SuiteRunner.java:289)
	at org.testng.SuiteRunnerWorker.runSuite(SuiteRunnerWorker.java:52)
	at org.testng.SuiteRunnerWorker.run(SuiteRunnerWorker.java:86)
	at org.testng.TestNG.runSuitesSequentially(TestNG.java:1301)
	at org.testng.TestNG.runSuitesLocally(TestNG.java:1226)
	at org.testng.TestNG.runSuites(TestNG.java:1144)
	at org.testng.TestNG.run(TestNG.java:1115)
	at org.testng.remote.AbstractRemoteTestNG.run(AbstractRemoteTestNG.java:132)
	at org.testng.remote.RemoteTestNG.initAndRun(RemoteTestNG.java:230)
	at org.testng.remote.RemoteTestNG.main(RemoteTestNG.java:76)
</pre></div></td>
<td>3</td>
<td>com.obsqura.selenium.FinalProject.ManageDeliveryBoyTest@7fc2413d</td></tr>
<tr>
<td title='com.obsqura.selenium.FinalProject.MobileSliderTest.verifyCheckColumnHeaders()'><b>verifyCheckColumnHeaders</b><br>Test class: com.obsqura.selenium.FinalProject.MobileSliderTest<br>Test method: Verify headers of table</td>
<td><div><pre>org.openqa.selenium.ElementClickInterceptedException: element click intercepted: Element is not clickable at point (727, 735)
  (Session info: chrome=109.0.5414.120)
Build info: version: &apos;4.7.2&apos;, revision: &apos;4d4020c3b7&apos;
System info: os.name: &apos;Windows 11&apos;, os.arch: &apos;amd64&apos;, os.version: &apos;10.0&apos;, java.version: &apos;1.8.0_361&apos;
Driver info: org.openqa.selenium.chrome.ChromeDriver
Command: [b42b34471f79f58ef2f832ee7fa306ec, clickElement {id=679f04a7-932f-4869-b179-754dce101fee}]
Capabilities {acceptInsecureCerts: false, browserName: chrome, browserVersion: 109.0.5414.120, chrome: {chromedriverVersion: 108.0.5359.71 (1e0e3868ee06..., userDataDir: C:\Users\anjuc\AppData\Loca...}, goog:chromeOptions: {debuggerAddress: localhost:52188}, networkConnectionEnabled: false, pageLoadStrategy: normal, platformName: WINDOWS, proxy: Proxy(), se:cdp: ws://localhost:52188/devtoo..., se:cdpVersion: 109.0.5414.120, setWindowRect: true, strictFileInteractability: false, timeouts: {implicit: 0, pageLoad: 300000, script: 30000}, unhandledPromptBehavior: dismiss and notify, webauthn:extension:credBlob: true, webauthn:extension:largeBlob: true, webauthn:virtualAuthenticators: true}
Element: [[ChromeDriver: chrome on WINDOWS (b42b34471f79f58ef2f832ee7fa306ec)] -&gt; xpath: //a[@href=&apos;https://groceryapp.uniqassosiates.com/admin/list-mobileslider&apos; and @class=&apos;small-box-footer&apos;]]
Session ID: b42b34471f79f58ef2f832ee7fa306ec
	at org.openqa.selenium.remote.codec.w3c.W3CHttpResponseCodec.createException(W3CHttpResponseCodec.java:200)
	at org.openqa.selenium.remote.codec.w3c.W3CHttpResponseCodec.decode(W3CHttpResponseCodec.java:133)
	at org.openqa.selenium.remote.codec.w3c.W3CHttpResponseCodec.decode(W3CHttpResponseCodec.java:53)
	at org.openqa.selenium.remote.HttpCommandExecutor.execute(HttpCommandExecutor.java:184)
	at org.openqa.selenium.remote.service.DriverCommandExecutor.invokeExecute(DriverCommandExecutor.java:167)
	at org.openqa.selenium.remote.service.DriverCommandExecutor.execute(DriverCommandExecutor.java:142)
	at org.openqa.selenium.remote.RemoteWebDriver.execute(RemoteWebDriver.java:535)
	at org.openqa.selenium.remote.RemoteWebElement.execute(RemoteWebElement.java:257)
	at org.openqa.selenium.remote.RemoteWebElement.click(RemoteWebElement.java:78)
	at org.openqa.selenium.support.pagefactory.internal.LocatingElementHandler.invoke(LocatingElementHandler.java:52)
	at com.sun.proxy.$Proxy16.click(Unknown Source)
	at utilities.PageUtility.clickOnElement(PageUtility.java:11)
	at pages.MobileSliderPage.checkColumnHeaders(MobileSliderPage.java:54)
	at com.obsqura.selenium.FinalProject.MobileSliderTest.verifyCheckColumnHeaders(MobileSliderTest.java:21)
... Removed 32 stack frames</pre></div><a href='#' onClick='toggleBox("stack-trace1560002299", this, "Click to show all stack frames", "Click to hide stack frames")'>Click to show all stack frames</a>
<div class='stack-trace' id='stack-trace1560002299'><pre>org.openqa.selenium.ElementClickInterceptedException: element click intercepted: Element is not clickable at point (727, 735)
  (Session info: chrome=109.0.5414.120)
Build info: version: &apos;4.7.2&apos;, revision: &apos;4d4020c3b7&apos;
System info: os.name: &apos;Windows 11&apos;, os.arch: &apos;amd64&apos;, os.version: &apos;10.0&apos;, java.version: &apos;1.8.0_361&apos;
Driver info: org.openqa.selenium.chrome.ChromeDriver
Command: [b42b34471f79f58ef2f832ee7fa306ec, clickElement {id=679f04a7-932f-4869-b179-754dce101fee}]
Capabilities {acceptInsecureCerts: false, browserName: chrome, browserVersion: 109.0.5414.120, chrome: {chromedriverVersion: 108.0.5359.71 (1e0e3868ee06..., userDataDir: C:\Users\anjuc\AppData\Loca...}, goog:chromeOptions: {debuggerAddress: localhost:52188}, networkConnectionEnabled: false, pageLoadStrategy: normal, platformName: WINDOWS, proxy: Proxy(), se:cdp: ws://localhost:52188/devtoo..., se:cdpVersion: 109.0.5414.120, setWindowRect: true, strictFileInteractability: false, timeouts: {implicit: 0, pageLoad: 300000, script: 30000}, unhandledPromptBehavior: dismiss and notify, webauthn:extension:credBlob: true, webauthn:extension:largeBlob: true, webauthn:virtualAuthenticators: true}
Element: [[ChromeDriver: chrome on WINDOWS (b42b34471f79f58ef2f832ee7fa306ec)] -&gt; xpath: //a[@href=&apos;https://groceryapp.uniqassosiates.com/admin/list-mobileslider&apos; and @class=&apos;small-box-footer&apos;]]
Session ID: b42b34471f79f58ef2f832ee7fa306ec
	at sun.reflect.NativeConstructorAccessorImpl.newInstance0(Native Method)
	at sun.reflect.NativeConstructorAccessorImpl.newInstance(Unknown Source)
	at sun.reflect.DelegatingConstructorAccessorImpl.newInstance(Unknown Source)
	at java.lang.reflect.Constructor.newInstance(Unknown Source)
	at org.openqa.selenium.remote.codec.w3c.W3CHttpResponseCodec.createException(W3CHttpResponseCodec.java:200)
	at org.openqa.selenium.remote.codec.w3c.W3CHttpResponseCodec.decode(W3CHttpResponseCodec.java:133)
	at org.openqa.selenium.remote.codec.w3c.W3CHttpResponseCodec.decode(W3CHttpResponseCodec.java:53)
	at org.openqa.selenium.remote.HttpCommandExecutor.execute(HttpCommandExecutor.java:184)
	at org.openqa.selenium.remote.service.DriverCommandExecutor.invokeExecute(DriverCommandExecutor.java:167)
	at org.openqa.selenium.remote.service.DriverCommandExecutor.execute(DriverCommandExecutor.java:142)
	at org.openqa.selenium.remote.RemoteWebDriver.execute(RemoteWebDriver.java:535)
	at org.openqa.selenium.remote.RemoteWebElement.execute(RemoteWebElement.java:257)
	at org.openqa.selenium.remote.RemoteWebElement.click(RemoteWebElement.java:78)
	at sun.reflect.GeneratedMethodAccessor2.invoke(Unknown Source)
	at sun.reflect.DelegatingMethodAccessorImpl.invoke(Unknown Source)
	at java.lang.reflect.Method.invoke(Unknown Source)
	at org.openqa.selenium.support.pagefactory.internal.LocatingElementHandler.invoke(LocatingElementHandler.java:52)
	at com.sun.proxy.$Proxy16.click(Unknown Source)
	at utilities.PageUtility.clickOnElement(PageUtility.java:11)
	at pages.MobileSliderPage.checkColumnHeaders(MobileSliderPage.java:54)
	at com.obsqura.selenium.FinalProject.MobileSliderTest.verifyCheckColumnHeaders(MobileSliderTest.java:21)
	at sun.reflect.NativeMethodAccessorImpl.invoke0(Native Method)
	at sun.reflect.NativeMethodAccessorImpl.invoke(Unknown Source)
	at sun.reflect.DelegatingMethodAccessorImpl.invoke(Unknown Source)
	at java.lang.reflect.Method.invoke(Unknown Source)
	at org.testng.internal.MethodInvocationHelper.invokeMethod(MethodInvocationHelper.java:108)
	at org.testng.internal.Invoker.invokeMethod(Invoker.java:661)
	at org.testng.internal.Invoker.invokeTestMethod(Invoker.java:869)
	at org.testng.internal.Invoker.invokeTestMethods(Invoker.java:1193)
	at org.testng.internal.TestMethodWorker.invokeTestMethods(TestMethodWorker.java:126)
	at org.testng.internal.TestMethodWorker.run(TestMethodWorker.java:109)
	at org.testng.TestRunner.privateRun(TestRunner.java:744)
	at org.testng.TestRunner.run(TestRunner.java:602)
	at org.testng.SuiteRunner.runTest(SuiteRunner.java:380)
	at org.testng.SuiteRunner.runSequentially(SuiteRunner.java:375)
	at org.testng.SuiteRunner.privateRun(SuiteRunner.java:340)
	at org.testng.SuiteRunner.run(SuiteRunner.java:289)
	at org.testng.SuiteRunnerWorker.runSuite(SuiteRunnerWorker.java:52)
	at org.testng.SuiteRunnerWorker.run(SuiteRunnerWorker.java:86)
	at org.testng.TestNG.runSuitesSequentially(TestNG.java:1301)
	at org.testng.TestNG.runSuitesLocally(TestNG.java:1226)
	at org.testng.TestNG.runSuites(TestNG.java:1144)
	at org.testng.TestNG.run(TestNG.java:1115)
	at org.testng.remote.AbstractRemoteTestNG.run(AbstractRemoteTestNG.java:132)
	at org.testng.remote.RemoteTestNG.initAndRun(RemoteTestNG.java:230)
	at org.testng.remote.RemoteTestNG.main(RemoteTestNG.java:76)
</pre></div></td>
<td>1</td>
<td>com.obsqura.selenium.FinalProject.MobileSliderTest@7d3a22a9</td></tr>
<tr>
<td title='com.obsqura.selenium.FinalProject.ManageExpenseFromDashboardTest.verifyCreateNewExpenseRecord()'><b>verifyCreateNewExpenseRecord</b><br>Test class: com.obsqura.selenium.FinalProject.ManageExpenseFromDashboardTest<br>Test method: Create a new expense record and save</td>
<td><div><pre>org.openqa.selenium.ElementClickInterceptedException: element click intercepted: Element is not clickable at point (1354, 723)
  (Session info: chrome=109.0.5414.120)
Build info: version: &apos;4.7.2&apos;, revision: &apos;4d4020c3b7&apos;
System info: os.name: &apos;Windows 11&apos;, os.arch: &apos;amd64&apos;, os.version: &apos;10.0&apos;, java.version: &apos;1.8.0_361&apos;
Driver info: org.openqa.selenium.chrome.ChromeDriver
Command: [c1f8468f0ccee58862a4ec9b4202f6c3, clickElement {id=fc228f60-8dce-4781-8f45-3292b7fd63d7}]
Capabilities {acceptInsecureCerts: false, browserName: chrome, browserVersion: 109.0.5414.120, chrome: {chromedriverVersion: 108.0.5359.71 (1e0e3868ee06..., userDataDir: C:\Users\anjuc\AppData\Loca...}, goog:chromeOptions: {debuggerAddress: localhost:52079}, networkConnectionEnabled: false, pageLoadStrategy: normal, platformName: WINDOWS, proxy: Proxy(), se:cdp: ws://localhost:52079/devtoo..., se:cdpVersion: 109.0.5414.120, setWindowRect: true, strictFileInteractability: false, timeouts: {implicit: 0, pageLoad: 300000, script: 30000}, unhandledPromptBehavior: dismiss and notify, webauthn:extension:credBlob: true, webauthn:extension:largeBlob: true, webauthn:virtualAuthenticators: true}
Element: [[ChromeDriver: chrome on WINDOWS (c1f8468f0ccee58862a4ec9b4202f6c3)] -&gt; xpath: //a[@href=&apos;https://groceryapp.uniqassosiates.com/admin/expense&apos;]]
Session ID: c1f8468f0ccee58862a4ec9b4202f6c3
	at org.openqa.selenium.remote.codec.w3c.W3CHttpResponseCodec.createException(W3CHttpResponseCodec.java:200)
	at org.openqa.selenium.remote.codec.w3c.W3CHttpResponseCodec.decode(W3CHttpResponseCodec.java:133)
	at org.openqa.selenium.remote.codec.w3c.W3CHttpResponseCodec.decode(W3CHttpResponseCodec.java:53)
	at org.openqa.selenium.remote.HttpCommandExecutor.execute(HttpCommandExecutor.java:184)
	at org.openqa.selenium.remote.service.DriverCommandExecutor.invokeExecute(DriverCommandExecutor.java:167)
	at org.openqa.selenium.remote.service.DriverCommandExecutor.execute(DriverCommandExecutor.java:142)
	at org.openqa.selenium.remote.RemoteWebDriver.execute(RemoteWebDriver.java:535)
	at org.openqa.selenium.remote.RemoteWebElement.execute(RemoteWebElement.java:257)
	at org.openqa.selenium.remote.RemoteWebElement.click(RemoteWebElement.java:78)
	at org.openqa.selenium.support.pagefactory.internal.LocatingElementHandler.invoke(LocatingElementHandler.java:52)
	at com.sun.proxy.$Proxy16.click(Unknown Source)
	at utilities.PageUtility.clickOnElement(PageUtility.java:11)
	at pages.ManageExpenseFromDashboard.createNewExpenseRecord(ManageExpenseFromDashboard.java:89)
	at com.obsqura.selenium.FinalProject.ManageExpenseFromDashboardTest.verifyCreateNewExpenseRecord(ManageExpenseFromDashboardTest.java:27)
... Removed 32 stack frames</pre></div><a href='#' onClick='toggleBox("stack-trace838700655", this, "Click to show all stack frames", "Click to hide stack frames")'>Click to show all stack frames</a>
<div class='stack-trace' id='stack-trace838700655'><pre>org.openqa.selenium.ElementClickInterceptedException: element click intercepted: Element is not clickable at point (1354, 723)
  (Session info: chrome=109.0.5414.120)
Build info: version: &apos;4.7.2&apos;, revision: &apos;4d4020c3b7&apos;
System info: os.name: &apos;Windows 11&apos;, os.arch: &apos;amd64&apos;, os.version: &apos;10.0&apos;, java.version: &apos;1.8.0_361&apos;
Driver info: org.openqa.selenium.chrome.ChromeDriver
Command: [c1f8468f0ccee58862a4ec9b4202f6c3, clickElement {id=fc228f60-8dce-4781-8f45-3292b7fd63d7}]
Capabilities {acceptInsecureCerts: false, browserName: chrome, browserVersion: 109.0.5414.120, chrome: {chromedriverVersion: 108.0.5359.71 (1e0e3868ee06..., userDataDir: C:\Users\anjuc\AppData\Loca...}, goog:chromeOptions: {debuggerAddress: localhost:52079}, networkConnectionEnabled: false, pageLoadStrategy: normal, platformName: WINDOWS, proxy: Proxy(), se:cdp: ws://localhost:52079/devtoo..., se:cdpVersion: 109.0.5414.120, setWindowRect: true, strictFileInteractability: false, timeouts: {implicit: 0, pageLoad: 300000, script: 30000}, unhandledPromptBehavior: dismiss and notify, webauthn:extension:credBlob: true, webauthn:extension:largeBlob: true, webauthn:virtualAuthenticators: true}
Element: [[ChromeDriver: chrome on WINDOWS (c1f8468f0ccee58862a4ec9b4202f6c3)] -&gt; xpath: //a[@href=&apos;https://groceryapp.uniqassosiates.com/admin/expense&apos;]]
Session ID: c1f8468f0ccee58862a4ec9b4202f6c3
	at sun.reflect.NativeConstructorAccessorImpl.newInstance0(Native Method)
	at sun.reflect.NativeConstructorAccessorImpl.newInstance(Unknown Source)
	at sun.reflect.DelegatingConstructorAccessorImpl.newInstance(Unknown Source)
	at java.lang.reflect.Constructor.newInstance(Unknown Source)
	at org.openqa.selenium.remote.codec.w3c.W3CHttpResponseCodec.createException(W3CHttpResponseCodec.java:200)
	at org.openqa.selenium.remote.codec.w3c.W3CHttpResponseCodec.decode(W3CHttpResponseCodec.java:133)
	at org.openqa.selenium.remote.codec.w3c.W3CHttpResponseCodec.decode(W3CHttpResponseCodec.java:53)
	at org.openqa.selenium.remote.HttpCommandExecutor.execute(HttpCommandExecutor.java:184)
	at org.openqa.selenium.remote.service.DriverCommandExecutor.invokeExecute(DriverCommandExecutor.java:167)
	at org.openqa.selenium.remote.service.DriverCommandExecutor.execute(DriverCommandExecutor.java:142)
	at org.openqa.selenium.remote.RemoteWebDriver.execute(RemoteWebDriver.java:535)
	at org.openqa.selenium.remote.RemoteWebElement.execute(RemoteWebElement.java:257)
	at org.openqa.selenium.remote.RemoteWebElement.click(RemoteWebElement.java:78)
	at sun.reflect.GeneratedMethodAccessor2.invoke(Unknown Source)
	at sun.reflect.DelegatingMethodAccessorImpl.invoke(Unknown Source)
	at java.lang.reflect.Method.invoke(Unknown Source)
	at org.openqa.selenium.support.pagefactory.internal.LocatingElementHandler.invoke(LocatingElementHandler.java:52)
	at com.sun.proxy.$Proxy16.click(Unknown Source)
	at utilities.PageUtility.clickOnElement(PageUtility.java:11)
	at pages.ManageExpenseFromDashboard.createNewExpenseRecord(ManageExpenseFromDashboard.java:89)
	at com.obsqura.selenium.FinalProject.ManageExpenseFromDashboardTest.verifyCreateNewExpenseRecord(ManageExpenseFromDashboardTest.java:27)
	at sun.reflect.NativeMethodAccessorImpl.invoke0(Native Method)
	at sun.reflect.NativeMethodAccessorImpl.invoke(Unknown Source)
	at sun.reflect.DelegatingMethodAccessorImpl.invoke(Unknown Source)
	at java.lang.reflect.Method.invoke(Unknown Source)
	at org.testng.internal.MethodInvocationHelper.invokeMethod(MethodInvocationHelper.java:108)
	at org.testng.internal.Invoker.invokeMethod(Invoker.java:661)
	at org.testng.internal.Invoker.invokeTestMethod(Invoker.java:869)
	at org.testng.internal.Invoker.invokeTestMethods(Invoker.java:1193)
	at org.testng.internal.TestMethodWorker.invokeTestMethods(TestMethodWorker.java:126)
	at org.testng.internal.TestMethodWorker.run(TestMethodWorker.java:109)
	at org.testng.TestRunner.privateRun(TestRunner.java:744)
	at org.testng.TestRunner.run(TestRunner.java:602)
	at org.testng.SuiteRunner.runTest(SuiteRunner.java:380)
	at org.testng.SuiteRunner.runSequentially(SuiteRunner.java:375)
	at org.testng.SuiteRunner.privateRun(SuiteRunner.java:340)
	at org.testng.SuiteRunner.run(SuiteRunner.java:289)
	at org.testng.SuiteRunnerWorker.runSuite(SuiteRunnerWorker.java:52)
	at org.testng.SuiteRunnerWorker.run(SuiteRunnerWorker.java:86)
	at org.testng.TestNG.runSuitesSequentially(TestNG.java:1301)
	at org.testng.TestNG.runSuitesLocally(TestNG.java:1226)
	at org.testng.TestNG.runSuites(TestNG.java:1144)
	at org.testng.TestNG.run(TestNG.java:1115)
	at org.testng.remote.AbstractRemoteTestNG.run(AbstractRemoteTestNG.java:132)
	at org.testng.remote.RemoteTestNG.initAndRun(RemoteTestNG.java:230)
	at org.testng.remote.RemoteTestNG.main(RemoteTestNG.java:76)
</pre></div></td>
<td>1</td>
<td>com.obsqura.selenium.FinalProject.ManageExpenseFromDashboardTest@70be0a2b</td></tr>
<tr>
<td title='com.obsqura.selenium.FinalProject.ManageExpenseFromDashboardTest.verifySelectDateFromCalendar()'><b>verifySelectDateFromCalendar</b><br>Test class: com.obsqura.selenium.FinalProject.ManageExpenseFromDashboardTest<br>Test method: Select another date from calendar and save</td>
<td><div><pre>org.openqa.selenium.ElementClickInterceptedException: element click intercepted: Element is not clickable at point (1354, 711)
  (Session info: chrome=109.0.5414.120)
Build info: version: &apos;4.7.2&apos;, revision: &apos;4d4020c3b7&apos;
System info: os.name: &apos;Windows 11&apos;, os.arch: &apos;amd64&apos;, os.version: &apos;10.0&apos;, java.version: &apos;1.8.0_361&apos;
Driver info: org.openqa.selenium.chrome.ChromeDriver
Command: [61f011851ac7cc54158b2b1f6f30ae6e, clickElement {id=54bb0517-1ff7-4f31-985f-9188ef9a981e}]
Capabilities {acceptInsecureCerts: false, browserName: chrome, browserVersion: 109.0.5414.120, chrome: {chromedriverVersion: 108.0.5359.71 (1e0e3868ee06..., userDataDir: C:\Users\anjuc\AppData\Loca...}, goog:chromeOptions: {debuggerAddress: localhost:52510}, networkConnectionEnabled: false, pageLoadStrategy: normal, platformName: WINDOWS, proxy: Proxy(), se:cdp: ws://localhost:52510/devtoo..., se:cdpVersion: 109.0.5414.120, setWindowRect: true, strictFileInteractability: false, timeouts: {implicit: 0, pageLoad: 300000, script: 30000}, unhandledPromptBehavior: dismiss and notify, webauthn:extension:credBlob: true, webauthn:extension:largeBlob: true, webauthn:virtualAuthenticators: true}
Element: [[ChromeDriver: chrome on WINDOWS (61f011851ac7cc54158b2b1f6f30ae6e)] -&gt; xpath: //a[@href=&apos;https://groceryapp.uniqassosiates.com/admin/expense&apos;]]
Session ID: 61f011851ac7cc54158b2b1f6f30ae6e
	at org.openqa.selenium.remote.codec.w3c.W3CHttpResponseCodec.createException(W3CHttpResponseCodec.java:200)
	at org.openqa.selenium.remote.codec.w3c.W3CHttpResponseCodec.decode(W3CHttpResponseCodec.java:133)
	at org.openqa.selenium.remote.codec.w3c.W3CHttpResponseCodec.decode(W3CHttpResponseCodec.java:53)
	at org.openqa.selenium.remote.HttpCommandExecutor.execute(HttpCommandExecutor.java:184)
	at org.openqa.selenium.remote.service.DriverCommandExecutor.invokeExecute(DriverCommandExecutor.java:167)
	at org.openqa.selenium.remote.service.DriverCommandExecutor.execute(DriverCommandExecutor.java:142)
	at org.openqa.selenium.remote.RemoteWebDriver.execute(RemoteWebDriver.java:535)
	at org.openqa.selenium.remote.RemoteWebElement.execute(RemoteWebElement.java:257)
	at org.openqa.selenium.remote.RemoteWebElement.click(RemoteWebElement.java:78)
	at org.openqa.selenium.support.pagefactory.internal.LocatingElementHandler.invoke(LocatingElementHandler.java:52)
	at com.sun.proxy.$Proxy16.click(Unknown Source)
	at utilities.PageUtility.clickOnElement(PageUtility.java:11)
	at pages.ManageExpenseFromDashboard.createExpenseRecordByselectDateFromCalendar(ManageExpenseFromDashboard.java:121)
	at com.obsqura.selenium.FinalProject.ManageExpenseFromDashboardTest.verifySelectDateFromCalendar(ManageExpenseFromDashboardTest.java:34)
... Removed 32 stack frames</pre></div><a href='#' onClick='toggleBox("stack-trace2068893342", this, "Click to show all stack frames", "Click to hide stack frames")'>Click to show all stack frames</a>
<div class='stack-trace' id='stack-trace2068893342'><pre>org.openqa.selenium.ElementClickInterceptedException: element click intercepted: Element is not clickable at point (1354, 711)
  (Session info: chrome=109.0.5414.120)
Build info: version: &apos;4.7.2&apos;, revision: &apos;4d4020c3b7&apos;
System info: os.name: &apos;Windows 11&apos;, os.arch: &apos;amd64&apos;, os.version: &apos;10.0&apos;, java.version: &apos;1.8.0_361&apos;
Driver info: org.openqa.selenium.chrome.ChromeDriver
Command: [61f011851ac7cc54158b2b1f6f30ae6e, clickElement {id=54bb0517-1ff7-4f31-985f-9188ef9a981e}]
Capabilities {acceptInsecureCerts: false, browserName: chrome, browserVersion: 109.0.5414.120, chrome: {chromedriverVersion: 108.0.5359.71 (1e0e3868ee06..., userDataDir: C:\Users\anjuc\AppData\Loca...}, goog:chromeOptions: {debuggerAddress: localhost:52510}, networkConnectionEnabled: false, pageLoadStrategy: normal, platformName: WINDOWS, proxy: Proxy(), se:cdp: ws://localhost:52510/devtoo..., se:cdpVersion: 109.0.5414.120, setWindowRect: true, strictFileInteractability: false, timeouts: {implicit: 0, pageLoad: 300000, script: 30000}, unhandledPromptBehavior: dismiss and notify, webauthn:extension:credBlob: true, webauthn:extension:largeBlob: true, webauthn:virtualAuthenticators: true}
Element: [[ChromeDriver: chrome on WINDOWS (61f011851ac7cc54158b2b1f6f30ae6e)] -&gt; xpath: //a[@href=&apos;https://groceryapp.uniqassosiates.com/admin/expense&apos;]]
Session ID: 61f011851ac7cc54158b2b1f6f30ae6e
	at sun.reflect.NativeConstructorAccessorImpl.newInstance0(Native Method)
	at sun.reflect.NativeConstructorAccessorImpl.newInstance(Unknown Source)
	at sun.reflect.DelegatingConstructorAccessorImpl.newInstance(Unknown Source)
	at java.lang.reflect.Constructor.newInstance(Unknown Source)
	at org.openqa.selenium.remote.codec.w3c.W3CHttpResponseCodec.createException(W3CHttpResponseCodec.java:200)
	at org.openqa.selenium.remote.codec.w3c.W3CHttpResponseCodec.decode(W3CHttpResponseCodec.java:133)
	at org.openqa.selenium.remote.codec.w3c.W3CHttpResponseCodec.decode(W3CHttpResponseCodec.java:53)
	at org.openqa.selenium.remote.HttpCommandExecutor.execute(HttpCommandExecutor.java:184)
	at org.openqa.selenium.remote.service.DriverCommandExecutor.invokeExecute(DriverCommandExecutor.java:167)
	at org.openqa.selenium.remote.service.DriverCommandExecutor.execute(DriverCommandExecutor.java:142)
	at org.openqa.selenium.remote.RemoteWebDriver.execute(RemoteWebDriver.java:535)
	at org.openqa.selenium.remote.RemoteWebElement.execute(RemoteWebElement.java:257)
	at org.openqa.selenium.remote.RemoteWebElement.click(RemoteWebElement.java:78)
	at sun.reflect.GeneratedMethodAccessor2.invoke(Unknown Source)
	at sun.reflect.DelegatingMethodAccessorImpl.invoke(Unknown Source)
	at java.lang.reflect.Method.invoke(Unknown Source)
	at org.openqa.selenium.support.pagefactory.internal.LocatingElementHandler.invoke(LocatingElementHandler.java:52)
	at com.sun.proxy.$Proxy16.click(Unknown Source)
	at utilities.PageUtility.clickOnElement(PageUtility.java:11)
	at pages.ManageExpenseFromDashboard.createExpenseRecordByselectDateFromCalendar(ManageExpenseFromDashboard.java:121)
	at com.obsqura.selenium.FinalProject.ManageExpenseFromDashboardTest.verifySelectDateFromCalendar(ManageExpenseFromDashboardTest.java:34)
	at sun.reflect.NativeMethodAccessorImpl.invoke0(Native Method)
	at sun.reflect.NativeMethodAccessorImpl.invoke(Unknown Source)
	at sun.reflect.DelegatingMethodAccessorImpl.invoke(Unknown Source)
	at java.lang.reflect.Method.invoke(Unknown Source)
	at org.testng.internal.MethodInvocationHelper.invokeMethod(MethodInvocationHelper.java:108)
	at org.testng.internal.Invoker.invokeMethod(Invoker.java:661)
	at org.testng.internal.Invoker.invokeTestMethod(Invoker.java:869)
	at org.testng.internal.Invoker.invokeTestMethods(Invoker.java:1193)
	at org.testng.internal.TestMethodWorker.invokeTestMethods(TestMethodWorker.java:126)
	at org.testng.internal.TestMethodWorker.run(TestMethodWorker.java:109)
	at org.testng.TestRunner.privateRun(TestRunner.java:744)
	at org.testng.TestRunner.run(TestRunner.java:602)
	at org.testng.SuiteRunner.runTest(SuiteRunner.java:380)
	at org.testng.SuiteRunner.runSequentially(SuiteRunner.java:375)
	at org.testng.SuiteRunner.privateRun(SuiteRunner.java:340)
	at org.testng.SuiteRunner.run(SuiteRunner.java:289)
	at org.testng.SuiteRunnerWorker.runSuite(SuiteRunnerWorker.java:52)
	at org.testng.SuiteRunnerWorker.run(SuiteRunnerWorker.java:86)
	at org.testng.TestNG.runSuitesSequentially(TestNG.java:1301)
	at org.testng.TestNG.runSuitesLocally(TestNG.java:1226)
	at org.testng.TestNG.runSuites(TestNG.java:1144)
	at org.testng.TestNG.run(TestNG.java:1115)
	at org.testng.remote.AbstractRemoteTestNG.run(AbstractRemoteTestNG.java:132)
	at org.testng.remote.RemoteTestNG.initAndRun(RemoteTestNG.java:230)
	at org.testng.remote.RemoteTestNG.main(RemoteTestNG.java:76)
</pre></div></td>
<td>1</td>
<td>com.obsqura.selenium.FinalProject.ManageExpenseFromDashboardTest@70be0a2b</td></tr>
<tr>
<td title='com.obsqura.selenium.FinalProject.ManageExpenseFromDashboardTest.verifyTodaysDateInDateField()'><b>verifyTodaysDateInDateField</b><br>Test class: com.obsqura.selenium.FinalProject.ManageExpenseFromDashboardTest<br>Test method: Check if the date field have today's date by default</td>
<td><div><pre>org.openqa.selenium.ElementClickInterceptedException: element click intercepted: Element is not clickable at point (1354, 731)
  (Session info: chrome=109.0.5414.120)
Build info: version: &apos;4.7.2&apos;, revision: &apos;4d4020c3b7&apos;
System info: os.name: &apos;Windows 11&apos;, os.arch: &apos;amd64&apos;, os.version: &apos;10.0&apos;, java.version: &apos;1.8.0_361&apos;
Driver info: org.openqa.selenium.chrome.ChromeDriver
Command: [c194cfcbc542df3aa191f3c5925d3f34, clickElement {id=ed874a46-acf4-4710-be84-9532276c0656}]
Capabilities {acceptInsecureCerts: false, browserName: chrome, browserVersion: 109.0.5414.120, chrome: {chromedriverVersion: 108.0.5359.71 (1e0e3868ee06..., userDataDir: C:\Users\anjuc\AppData\Loca...}, goog:chromeOptions: {debuggerAddress: localhost:52367}, networkConnectionEnabled: false, pageLoadStrategy: normal, platformName: WINDOWS, proxy: Proxy(), se:cdp: ws://localhost:52367/devtoo..., se:cdpVersion: 109.0.5414.120, setWindowRect: true, strictFileInteractability: false, timeouts: {implicit: 0, pageLoad: 300000, script: 30000}, unhandledPromptBehavior: dismiss and notify, webauthn:extension:credBlob: true, webauthn:extension:largeBlob: true, webauthn:virtualAuthenticators: true}
Element: [[ChromeDriver: chrome on WINDOWS (c194cfcbc542df3aa191f3c5925d3f34)] -&gt; xpath: //a[@href=&apos;https://groceryapp.uniqassosiates.com/admin/expense&apos;]]
Session ID: c194cfcbc542df3aa191f3c5925d3f34
	at org.openqa.selenium.remote.codec.w3c.W3CHttpResponseCodec.createException(W3CHttpResponseCodec.java:200)
	at org.openqa.selenium.remote.codec.w3c.W3CHttpResponseCodec.decode(W3CHttpResponseCodec.java:133)
	at org.openqa.selenium.remote.codec.w3c.W3CHttpResponseCodec.decode(W3CHttpResponseCodec.java:53)
	at org.openqa.selenium.remote.HttpCommandExecutor.execute(HttpCommandExecutor.java:184)
	at org.openqa.selenium.remote.service.DriverCommandExecutor.invokeExecute(DriverCommandExecutor.java:167)
	at org.openqa.selenium.remote.service.DriverCommandExecutor.execute(DriverCommandExecutor.java:142)
	at org.openqa.selenium.remote.RemoteWebDriver.execute(RemoteWebDriver.java:535)
	at org.openqa.selenium.remote.RemoteWebElement.execute(RemoteWebElement.java:257)
	at org.openqa.selenium.remote.RemoteWebElement.click(RemoteWebElement.java:78)
	at org.openqa.selenium.support.pagefactory.internal.LocatingElementHandler.invoke(LocatingElementHandler.java:52)
	at com.sun.proxy.$Proxy16.click(Unknown Source)
	at utilities.PageUtility.clickOnElement(PageUtility.java:11)
	at pages.ManageExpenseFromDashboard.checkTodaysDateInDateField(ManageExpenseFromDashboard.java:73)
	at com.obsqura.selenium.FinalProject.ManageExpenseFromDashboardTest.verifyTodaysDateInDateField(ManageExpenseFromDashboardTest.java:20)
... Removed 32 stack frames</pre></div><a href='#' onClick='toggleBox("stack-trace1926561588", this, "Click to show all stack frames", "Click to hide stack frames")'>Click to show all stack frames</a>
<div class='stack-trace' id='stack-trace1926561588'><pre>org.openqa.selenium.ElementClickInterceptedException: element click intercepted: Element is not clickable at point (1354, 731)
  (Session info: chrome=109.0.5414.120)
Build info: version: &apos;4.7.2&apos;, revision: &apos;4d4020c3b7&apos;
System info: os.name: &apos;Windows 11&apos;, os.arch: &apos;amd64&apos;, os.version: &apos;10.0&apos;, java.version: &apos;1.8.0_361&apos;
Driver info: org.openqa.selenium.chrome.ChromeDriver
Command: [c194cfcbc542df3aa191f3c5925d3f34, clickElement {id=ed874a46-acf4-4710-be84-9532276c0656}]
Capabilities {acceptInsecureCerts: false, browserName: chrome, browserVersion: 109.0.5414.120, chrome: {chromedriverVersion: 108.0.5359.71 (1e0e3868ee06..., userDataDir: C:\Users\anjuc\AppData\Loca...}, goog:chromeOptions: {debuggerAddress: localhost:52367}, networkConnectionEnabled: false, pageLoadStrategy: normal, platformName: WINDOWS, proxy: Proxy(), se:cdp: ws://localhost:52367/devtoo..., se:cdpVersion: 109.0.5414.120, setWindowRect: true, strictFileInteractability: false, timeouts: {implicit: 0, pageLoad: 300000, script: 30000}, unhandledPromptBehavior: dismiss and notify, webauthn:extension:credBlob: true, webauthn:extension:largeBlob: true, webauthn:virtualAuthenticators: true}
Element: [[ChromeDriver: chrome on WINDOWS (c194cfcbc542df3aa191f3c5925d3f34)] -&gt; xpath: //a[@href=&apos;https://groceryapp.uniqassosiates.com/admin/expense&apos;]]
Session ID: c194cfcbc542df3aa191f3c5925d3f34
	at sun.reflect.NativeConstructorAccessorImpl.newInstance0(Native Method)
	at sun.reflect.NativeConstructorAccessorImpl.newInstance(Unknown Source)
	at sun.reflect.DelegatingConstructorAccessorImpl.newInstance(Unknown Source)
	at java.lang.reflect.Constructor.newInstance(Unknown Source)
	at org.openqa.selenium.remote.codec.w3c.W3CHttpResponseCodec.createException(W3CHttpResponseCodec.java:200)
	at org.openqa.selenium.remote.codec.w3c.W3CHttpResponseCodec.decode(W3CHttpResponseCodec.java:133)
	at org.openqa.selenium.remote.codec.w3c.W3CHttpResponseCodec.decode(W3CHttpResponseCodec.java:53)
	at org.openqa.selenium.remote.HttpCommandExecutor.execute(HttpCommandExecutor.java:184)
	at org.openqa.selenium.remote.service.DriverCommandExecutor.invokeExecute(DriverCommandExecutor.java:167)
	at org.openqa.selenium.remote.service.DriverCommandExecutor.execute(DriverCommandExecutor.java:142)
	at org.openqa.selenium.remote.RemoteWebDriver.execute(RemoteWebDriver.java:535)
	at org.openqa.selenium.remote.RemoteWebElement.execute(RemoteWebElement.java:257)
	at org.openqa.selenium.remote.RemoteWebElement.click(RemoteWebElement.java:78)
	at sun.reflect.GeneratedMethodAccessor2.invoke(Unknown Source)
	at sun.reflect.DelegatingMethodAccessorImpl.invoke(Unknown Source)
	at java.lang.reflect.Method.invoke(Unknown Source)
	at org.openqa.selenium.support.pagefactory.internal.LocatingElementHandler.invoke(LocatingElementHandler.java:52)
	at com.sun.proxy.$Proxy16.click(Unknown Source)
	at utilities.PageUtility.clickOnElement(PageUtility.java:11)
	at pages.ManageExpenseFromDashboard.checkTodaysDateInDateField(ManageExpenseFromDashboard.java:73)
	at com.obsqura.selenium.FinalProject.ManageExpenseFromDashboardTest.verifyTodaysDateInDateField(ManageExpenseFromDashboardTest.java:20)
	at sun.reflect.NativeMethodAccessorImpl.invoke0(Native Method)
	at sun.reflect.NativeMethodAccessorImpl.invoke(Unknown Source)
	at sun.reflect.DelegatingMethodAccessorImpl.invoke(Unknown Source)
	at java.lang.reflect.Method.invoke(Unknown Source)
	at org.testng.internal.MethodInvocationHelper.invokeMethod(MethodInvocationHelper.java:108)
	at org.testng.internal.Invoker.invokeMethod(Invoker.java:661)
	at org.testng.internal.Invoker.invokeTestMethod(Invoker.java:869)
	at org.testng.internal.Invoker.invokeTestMethods(Invoker.java:1193)
	at org.testng.internal.TestMethodWorker.invokeTestMethods(TestMethodWorker.java:126)
	at org.testng.internal.TestMethodWorker.run(TestMethodWorker.java:109)
	at org.testng.TestRunner.privateRun(TestRunner.java:744)
	at org.testng.TestRunner.run(TestRunner.java:602)
	at org.testng.SuiteRunner.runTest(SuiteRunner.java:380)
	at org.testng.SuiteRunner.runSequentially(SuiteRunner.java:375)
	at org.testng.SuiteRunner.privateRun(SuiteRunner.java:340)
	at org.testng.SuiteRunner.run(SuiteRunner.java:289)
	at org.testng.SuiteRunnerWorker.runSuite(SuiteRunnerWorker.java:52)
	at org.testng.SuiteRunnerWorker.run(SuiteRunnerWorker.java:86)
	at org.testng.TestNG.runSuitesSequentially(TestNG.java:1301)
	at org.testng.TestNG.runSuitesLocally(TestNG.java:1226)
	at org.testng.TestNG.runSuites(TestNG.java:1144)
	at org.testng.TestNG.run(TestNG.java:1115)
	at org.testng.remote.AbstractRemoteTestNG.run(AbstractRemoteTestNG.java:132)
	at org.testng.remote.RemoteTestNG.initAndRun(RemoteTestNG.java:230)
	at org.testng.remote.RemoteTestNG.main(RemoteTestNG.java:76)
</pre></div></td>
<td>1</td>
<td>com.obsqura.selenium.FinalProject.ManageExpenseFromDashboardTest@70be0a2b</td></tr>
</table><p>
<table width='100%' border='1' class='invocation-passed'>
<tr><td colspan='4' align='center'><b>PASSED TESTS</b></td></tr>
<tr><td><b>Test method</b></td>
<td width="30%"><b>Exception</b></td>
<td width="10%"><b>Time (seconds)</b></td>
<td><b>Instance</b></td>
</tr>
<tr>
<td title='com.obsqura.selenium.FinalProject.ManageNewsTest.VerifyEnterAndSaveNews()'><b>VerifyEnterAndSaveNews</b><br>Test class: com.obsqura.selenium.FinalProject.ManageNewsTest<br>Test method: Create new news record and save</td>
<td></td>
<td>1</td>
<td>com.obsqura.selenium.FinalProject.ManageNewsTest@4c15e7fd</td></tr>
<tr>
<td title='com.obsqura.selenium.FinalProject.ManageSliderTest.verifyAddSlider()'><b>verifyAddSlider</b><br>Test class: com.obsqura.selenium.FinalProject.ManageSliderTest<br>Test method: Add a new slider and save</td>
<td></td>
<td>1</td>
<td>com.obsqura.selenium.FinalProject.ManageSliderTest@1e730495</td></tr>
<tr>
<td title='com.obsqura.selenium.FinalProject.MobileSliderTest.verifyCheckButtonColors()'><b>verifyCheckButtonColors</b><br>Test class: com.obsqura.selenium.FinalProject.MobileSliderTest<br>Test method: Verify colors of buttons</td>
<td></td>
<td>1</td>
<td>com.obsqura.selenium.FinalProject.MobileSliderTest@7d3a22a9</td></tr>
<tr>
<td title='com.obsqura.selenium.FinalProject.AdminUsersTest.verifyCheckColumnHeaders()'><b>verifyCheckColumnHeaders</b><br>Test class: com.obsqura.selenium.FinalProject.AdminUsersTest<br>Test method: Verify column headers</td>
<td></td>
<td>2</td>
<td>com.obsqura.selenium.FinalProject.AdminUsersTest@6a01e23</td></tr>
<tr>
<td title='com.obsqura.selenium.FinalProject.PushNotificationsTest.verifyCheckTitleOfPage()'><b>verifyCheckTitleOfPage</b><br>Test class: com.obsqura.selenium.FinalProject.PushNotificationsTest<br>Test method: Verify page title</td>
<td></td>
<td>1</td>
<td>com.obsqura.selenium.FinalProject.PushNotificationsTest@1d082e88</td></tr>
<tr>
<td title='com.obsqura.selenium.FinalProject.ManageOrdersFromDashboardTTest.verifyClickBackButtonFromViewScreen()'><b>verifyClickBackButtonFromViewScreen</b><br>Test class: com.obsqura.selenium.FinalProject.ManageOrdersFromDashboardTTest<br>Test method: Click back button from view screen and verify</td>
<td></td>
<td>2</td>
<td>com.obsqura.selenium.FinalProject.ManageOrdersFromDashboardTTest@23f7d05d</td></tr>
<tr>
<td title='com.obsqura.selenium.FinalProject.ExpenseCategoryPageTest.verifyClickExpenseCategory()'><b>verifyClickExpenseCategory</b><br>Test class: com.obsqura.selenium.FinalProject.ExpenseCategoryPageTest<br>Test method: Click expense category and verify</td>
<td></td>
<td>1</td>
<td>com.obsqura.selenium.FinalProject.ExpenseCategoryPageTest@6293abcc</td></tr>
<tr>
<td title='com.obsqura.selenium.FinalProject.ExpenseCategoryNewButtonTest.verifyClickNewButton()'><b>verifyClickNewButton</b><br>Test class: com.obsqura.selenium.FinalProject.ExpenseCategoryNewButtonTest<br>Test method: Click new button and verify</td>
<td></td>
<td>1</td>
<td>com.obsqura.selenium.FinalProject.ExpenseCategoryNewButtonTest@5a955565</td></tr>
<tr>
<td title='com.obsqura.selenium.FinalProject.ExpenseCategoryNewButtonTest.verifyClickSaveWithTitle()'><b>verifyClickSaveWithTitle</b><br>Test class: com.obsqura.selenium.FinalProject.ExpenseCategoryNewButtonTest<br>Test method: Provide expense category title and save</td>
<td></td>
<td>1</td>
<td>com.obsqura.selenium.FinalProject.ExpenseCategoryNewButtonTest@5a955565</td></tr>
<tr>
<td title='com.obsqura.selenium.FinalProject.ManageOrdersFromDashboardTTest.verifyClickViewButton()'><b>verifyClickViewButton</b><br>Test class: com.obsqura.selenium.FinalProject.ManageOrdersFromDashboardTTest<br>Test method: Click view button and verify</td>
<td></td>
<td>2</td>
<td>com.obsqura.selenium.FinalProject.ManageOrdersFromDashboardTTest@23f7d05d</td></tr>
<tr>
<td title='com.obsqura.selenium.FinalProject.AdminUsersTest.verifyCreateNewUser()'><b>verifyCreateNewUser</b><br>Test class: com.obsqura.selenium.FinalProject.AdminUsersTest<br>Test method: Create a new user</td>
<td></td>
<td>1</td>
<td>com.obsqura.selenium.FinalProject.AdminUsersTest@6a01e23</td></tr>
<tr>
<td title='com.obsqura.selenium.FinalProject.ManageOrdersFromDashboardTTest.verifyDeleteOrder()'><b>verifyDeleteOrder</b><br>Test class: com.obsqura.selenium.FinalProject.ManageOrdersFromDashboardTTest<br>Test method: Delete order and verify</td>
<td></td>
<td>1</td>
<td>com.obsqura.selenium.FinalProject.ManageOrdersFromDashboardTTest@23f7d05d</td></tr>
<tr>
<td title='com.obsqura.selenium.FinalProject.ExpenseCategoryNewButtonTest.verifyDuplicateTitleValidation()'><b>verifyDuplicateTitleValidation</b><br>Test class: com.obsqura.selenium.FinalProject.ExpenseCategoryNewButtonTest</td>
<td></td>
<td>1</td>
<td>com.obsqura.selenium.FinalProject.ExpenseCategoryNewButtonTest@5a955565</td></tr>
<tr>
<td title='com.obsqura.selenium.FinalProject.ManageExpenseOptionsTest.verifyExpenseManageOptions()'><b>verifyExpenseManageOptions</b><br>Test class: com.obsqura.selenium.FinalProject.ManageExpenseOptionsTest<br>Test method: Verify expense manage options</td>
<td></td>
<td>1</td>
<td>com.obsqura.selenium.FinalProject.ManageExpenseOptionsTest@2133814f</td></tr>
<tr>
<td title='com.obsqura.selenium.FinalProject.VerifyButtonsAndColorsInExpenseCategoryTest.verifyFindBackgroundColor()'><b>verifyFindBackgroundColor</b><br>Test class: com.obsqura.selenium.FinalProject.VerifyButtonsAndColorsInExpenseCategoryTest<br>Test method: Check background color</td>
<td></td>
<td>1</td>
<td>com.obsqura.selenium.FinalProject.VerifyButtonsAndColorsInExpenseCategoryTest@60704c</td></tr>
<tr>
<td title='com.obsqura.selenium.FinalProject.ManageLocationTest.verifyLocationAndDeliveryChargeFieldsDisplayedOrNot()'><b>verifyLocationAndDeliveryChargeFieldsDisplayedOrNot</b><br>Test class: com.obsqura.selenium.FinalProject.ManageLocationTest<br>Test method: Check if location and elivery charge fields displayed</td>
<td></td>
<td>1</td>
<td>com.obsqura.selenium.FinalProject.ManageLocationTest@f8c1ddd</td></tr>
<tr>
<td title='com.obsqura.selenium.FinalProject.LoginPageTest.verifyLogin()'><b>verifyLogin</b><br>Test class: com.obsqura.selenium.FinalProject.LoginPageTest<br>Test method: Login to app and verify title</td>
<td></td>
<td>0</td>
<td>com.obsqura.selenium.FinalProject.LoginPageTest@7995092a</td></tr>
<tr>
<td title='com.obsqura.selenium.FinalProject.ManageSliderTest.verifyNavigateBackToHome()'><b>verifyNavigateBackToHome</b><br>Test class: com.obsqura.selenium.FinalProject.ManageSliderTest<br>Test method: Navigate back to home page</td>
<td></td>
<td>2</td>
<td>com.obsqura.selenium.FinalProject.ManageSliderTest@1e730495</td></tr>
<tr>
<td title='com.obsqura.selenium.FinalProject.AdminUsersTest.verifyResetData()'><b>verifyResetData</b><br>Test class: com.obsqura.selenium.FinalProject.AdminUsersTest<br>Test method: Reset the data</td>
<td></td>
<td>1</td>
<td>com.obsqura.selenium.FinalProject.AdminUsersTest@6a01e23</td></tr>
<tr>
<td title='com.obsqura.selenium.FinalProject.PushNotificationsTest.verifyResetNotification()'><b>verifyResetNotification</b><br>Test class: com.obsqura.selenium.FinalProject.PushNotificationsTest<br>Test method: Reset notification and verify</td>
<td></td>
<td>1</td>
<td>com.obsqura.selenium.FinalProject.PushNotificationsTest@1d082e88</td></tr>
<tr>
<td title='com.obsqura.selenium.FinalProject.ExpenseCategoryNewButtonTest.verifySaveButtonColor()'><b>verifySaveButtonColor</b><br>Test class: com.obsqura.selenium.FinalProject.ExpenseCategoryNewButtonTest<br>Test method: Check and verify color of save button</td>
<td></td>
<td>1</td>
<td>com.obsqura.selenium.FinalProject.ExpenseCategoryNewButtonTest@5a955565</td></tr>
<tr>
<td title='com.obsqura.selenium.FinalProject.ManagePagesFromDashboardTest.verifySearchInvalidData()'><b>verifySearchInvalidData</b><br>Test class: com.obsqura.selenium.FinalProject.ManagePagesFromDashboardTest<br>Test method: Search a valid data from table</td>
<td></td>
<td>1</td>
<td>com.obsqura.selenium.FinalProject.ManagePagesFromDashboardTest@23986957</td></tr>
<tr>
<td title='com.obsqura.selenium.FinalProject.ManagePagesFromDashboardTest.verifySearchValidData()'><b>verifySearchValidData</b><br>Test class: com.obsqura.selenium.FinalProject.ManagePagesFromDashboardTest<br>Test method: Search an invalid data from table</td>
<td></td>
<td>1</td>
<td>com.obsqura.selenium.FinalProject.ManagePagesFromDashboardTest@23986957</td></tr>
<tr>
<td title='com.obsqura.selenium.FinalProject.PushNotificationsTest.verifySendNotification()'><b>verifySendNotification</b><br>Test class: com.obsqura.selenium.FinalProject.PushNotificationsTest<br>Test method: Send notification and verify</td>
<td></td>
<td>1</td>
<td>com.obsqura.selenium.FinalProject.PushNotificationsTest@1d082e88</td></tr>
<tr>
<td title='com.obsqura.selenium.FinalProject.ManageOrdersFromDashboardTTest.verifyStatusColumnOptionColors()'><b>verifyStatusColumnOptionColors</b><br>Test class: com.obsqura.selenium.FinalProject.ManageOrdersFromDashboardTTest<br>Test method: Verify status column options colors</td>
<td></td>
<td>1</td>
<td>com.obsqura.selenium.FinalProject.ManageOrdersFromDashboardTTest@23f7d05d</td></tr>
<tr>
<td title='com.obsqura.selenium.FinalProject.ManageLocationTest.verifycreateNewLocation()'><b>verifycreateNewLocation</b><br>Test class: com.obsqura.selenium.FinalProject.ManageLocationTest<br>Test method: Create new location and save<br>Parameters: United Kingdom, Kerala, 250</td>
<td></td>
<td>2</td>
<td>com.obsqura.selenium.FinalProject.ManageLocationTest@f8c1ddd</td></tr>
</table><p>
</body>
</html>