<!DOCTYPE html PUBLIC "-//W3C//DTD XHTML 1.1//EN" "http://www.w3.org/TR/xhtml11/DTD/xhtml11.dtd">
<html xmlns="http://www.w3.org/1999/xhtml"><head><title>TestNG Report</title><style type="text/css">table {margin-bottom:10px;border-collapse:collapse;empty-cells:show}th,td {border:1px solid #009;padding:.25em .5em}th {vertical-align:bottom}td {vertical-align:top}table a {font-weight:bold}.stripe td {background-color: #E6EBF9}.num {text-align:right}.passedodd td {background-color: #3F3}.passedeven td {background-color: #0A0}.skippedodd td {background-color: #DDD}.skippedeven td {background-color: #CCC}.failedodd td,.attn {background-color: #F33}.failedeven td,.stripe .attn {background-color: #D00}.stacktrace {white-space:pre;font-family:monospace}.totop {font-size:85%;text-align:center;border-bottom:2px solid #000}</style></head><body><table><tr><th>Test</th><th># Passed</th><th># Skipped</th><th># Failed</th><th>Time (ms)</th><th>Included Groups</th><th>Excluded Groups</th></tr><tr><th colspan="7">Suite</th></tr><tr><td><a href="#t0">Test</a></td><td class="num">25</td><td class="num">0</td><td class="num attn">7</td><td class="num">157,282</td><td></td><td></td></tr></table><table id='summary'><thead><tr><th>Class</th><th>Method</th><th>Start</th><th>Time (ms)</th></tr></thead><tbody><tr><th colspan="4">Suite</th></tr></tbody><tbody id="t0"><tr><th colspan="4">Test &#8212; failed</th></tr><tr class="failedeven"><td rowspan="1">com.obsqura.selenium.FinalProject.ManageDeliveryBoyTest</td><td><a href="#m0">VerifyCreateNewDeliveryBoy</a></td><td rowspan="1">1675203409831</td><td rowspan="1">3289</td></tr><tr class="failedodd"><td rowspan="3">com.obsqura.selenium.FinalProject.ManageExpenseFromDashboardTest</td><td><a href="#m1">verifyCreateNewExpenseRecord</a></td><td rowspan="1">1675203426176</td><td rowspan="1">2009</td></tr><tr class="failedodd"><td><a href="#m2">verifySelectDateFromCalendar</a></td><td rowspan="1">1675203431418</td><td rowspan="1">1918</td></tr><tr class="failedodd"><td><a href="#m3">verifyTodaysDateInDateField</a></td><td rowspan="1">1675203437521</td><td rowspan="1">1879</td></tr><tr class="failedeven"><td rowspan="3">com.obsqura.selenium.FinalProject.MobileSliderTest</td><td><a href="#m4">VerifyAddNewSlider</a></td><td rowspan="1">1675203490419</td><td rowspan="1">1761</td></tr><tr class="failedeven"><td><a href="#m5">verifyCheckButtonColors</a></td><td rowspan="1">1675203495296</td><td rowspan="1">1876</td></tr><tr class="failedeven"><td><a href="#m6">verifyCheckColumnHeaders</a></td><td rowspan="1">1675203500321</td><td rowspan="1">1871</td></tr><tr><th colspan="4">Test &#8212; passed</th></tr><tr class="passedeven"><td rowspan="3">com.obsqura.selenium.FinalProject.AdminUsersTest</td><td><a href="#m7">verifyCheckColumnHeaders</a></td><td rowspan="1">1675203381036</td><td rowspan="1">2313</td></tr><tr class="passedeven"><td><a href="#m8">verifyCreateNewUser</a></td><td rowspan="1">1675203386362</td><td rowspan="1">2409</td></tr><tr class="passedeven"><td><a href="#m9">verifyResetData</a></td><td rowspan="1">1675203391748</td><td rowspan="1">1993</td></tr><tr class="passedodd"><td rowspan="4">com.obsqura.selenium.FinalProject.ExpenseCategoryNewButtonTest</td><td><a href="#m10">verifyClickNewButton</a></td><td rowspan="1">1675203396725</td><td rowspan="1">1498</td></tr><tr class="passedodd"><td><a href="#m11">verifyClickSaveWithTitle</a></td><td rowspan="1">1675203526948</td><td rowspan="1">1566</td></tr><tr class="passedodd"><td><a href="#m12">verifyDuplicateTitleValidation</a></td><td rowspan="1">1675203531428</td><td rowspan="1">1540</td></tr><tr class="passedodd"><td><a href="#m13">verifySaveButtonColor</a></td><td rowspan="1">1675203522654</td><td rowspan="1">1444</td></tr><tr class="passedeven"><td rowspan="1">com.obsqura.selenium.FinalProject.ExpenseCategoryPageTest</td><td><a href="#m14">verifyClickExpenseCategory</a></td><td rowspan="1">1675203401346</td><td rowspan="1">1323</td></tr><tr class="passedodd"><td rowspan="1">com.obsqura.selenium.FinalProject.LoginPageTest</td><td><a href="#m15">verifyLogin</a></td><td rowspan="1">1675203405877</td><td rowspan="1">830</td></tr><tr class="passedeven"><td rowspan="1">com.obsqura.selenium.FinalProject.ManageExpenseOptionsTest</td><td><a href="#m16">verifyExpenseManageOptions</a></td><td rowspan="1">1675203442720</td><td rowspan="1">1406</td></tr><tr class="passedodd"><td rowspan="2">com.obsqura.selenium.FinalProject.ManageLocationTest</td><td><a href="#m17">verifyLocationAndDeliveryChargeFieldsDisplayedOrNot</a></td><td rowspan="1">1675203416469</td><td rowspan="1">1331</td></tr><tr class="passedodd"><td><a href="#m18">verifycreateNewLocation</a></td><td rowspan="1">1675203420818</td><td rowspan="1">2289</td></tr><tr class="passedeven"><td rowspan="1">com.obsqura.selenium.FinalProject.ManageNewsTest</td><td><a href="#m19">VerifyEnterAndSaveNews</a></td><td rowspan="1">1675203447160</td><td rowspan="1">1996</td></tr><tr class="passedodd"><td rowspan="4">com.obsqura.selenium.FinalProject.ManageOrdersFromDashboardTest</td><td><a href="#m20">verifyClickBackButtonFromViewScreen</a></td><td rowspan="1">1675203452188</td><td rowspan="1">2384</td></tr><tr class="passedodd"><td><a href="#m21">verifyClickViewButton</a></td><td rowspan="1">1675203457514</td><td rowspan="1">1756</td></tr><tr class="passedodd"><td><a href="#m22">verifyDeleteOrder</a></td><td rowspan="1">1675203462344</td><td rowspan="1">2093</td></tr><tr class="passedodd"><td><a href="#m23">verifyStatusColumnOptionColors</a></td><td rowspan="1">1675203467395</td><td rowspan="1">1421</td></tr><tr class="passedeven"><td rowspan="2">com.obsqura.selenium.FinalProject.ManagePagesFromDashboardTest</td><td><a href="#m24">verifySearchInvalidData</a></td><td rowspan="1">1675203472166</td><td rowspan="1">1513</td></tr><tr class="passedeven"><td><a href="#m25">verifySearchValidData</a></td><td rowspan="1">1675203476588</td><td rowspan="1">1241</td></tr><tr class="passedodd"><td rowspan="2">com.obsqura.selenium.FinalProject.ManageSliderTest</td><td><a href="#m26">verifyAddSlider</a></td><td rowspan="1">1675203480680</td><td rowspan="1">1800</td></tr><tr class="passedodd"><td><a href="#m27">verifyNavigateBackToHome</a></td><td rowspan="1">1675203485327</td><td rowspan="1">2135</td></tr><tr class="passedeven"><td rowspan="3">com.obsqura.selenium.FinalProject.PushNotificationsTest</td><td><a href="#m28">verifyCheckTitleOfPage</a></td><td rowspan="1">1675203505267</td><td rowspan="1">890</td></tr><tr class="passedeven"><td><a href="#m29">verifyResetNotification</a></td><td rowspan="1">1675203509280</td><td rowspan="1">1534</td></tr><tr class="passedeven"><td><a href="#m30">verifySendNotification</a></td><td rowspan="1">1675203513866</td><td rowspan="1">1769</td></tr><tr class="passedodd"><td rowspan="1">com.obsqura.selenium.FinalProject.VerifyButtonsAndColorsInExpenseCategoryTest</td><td><a href="#m31">verifyFindBackgroundColor</a></td><td rowspan="1">1675203518513</td><td rowspan="1">1242</td></tr></tbody></table><h2>Test</h2><h3 id="m0">com.obsqura.selenium.FinalProject.ManageDeliveryBoyTest#VerifyCreateNewDeliveryBoy</h3><table class="result"><tr class="param"><th>Parameter #1</th><th>Parameter #2</th><th>Parameter #3</th><th>Parameter #4</th></tr><tr class="param stripe"><td>John Samuel</td><td>john123@gmail.com</td><td>556485226</td><td>Sam villa,North carolina,Zip-45236</td></tr><tr><th colspan="4">Exception</th></tr><tr><td colspan="4"><div class="stacktrace">org.openqa.selenium.ElementClickInterceptedException: element click intercepted: Element is not clickable at point (334, 773)
  (Session info: chrome=109.0.5414.120)
Build info: version: &apos;4.7.2&apos;, revision: &apos;4d4020c3b7&apos;
System info: os.name: &apos;Windows 11&apos;, os.arch: &apos;amd64&apos;, os.version: &apos;10.0&apos;, java.version: &apos;1.8.0_361&apos;
Driver info: org.openqa.selenium.chrome.ChromeDriver
Command: [f9cb34fb0a5a4d58a56ccb69891e9045, clickElement {id=c84b1ba8-4888-4022-bf9b-cead81cb2da4}]
Capabilities {acceptInsecureCerts: false, browserName: chrome, browserVersion: 109.0.5414.120, chrome: {chromedriverVersion: 108.0.5359.71 (1e0e3868ee06..., userDataDir: C:\Users\anjuc\AppData\Loca...}, goog:chromeOptions: {debuggerAddress: localhost:57094}, networkConnectionEnabled: false, pageLoadStrategy: normal, platformName: WINDOWS, proxy: Proxy(), se:cdp: ws://localhost:57094/devtoo..., se:cdpVersion: 109.0.5414.120, setWindowRect: true, strictFileInteractability: false, timeouts: {implicit: 0, pageLoad: 300000, script: 30000}, unhandledPromptBehavior: dismiss and notify, webauthn:extension:credBlob: true, webauthn:extension:largeBlob: true, webauthn:virtualAuthenticators: true}
Element: [[ChromeDriver: chrome on WINDOWS (f9cb34fb0a5a4d58a56ccb69891e9045)] -&gt; xpath: //button[@type=&apos;submit&apos;]]
Session ID: f9cb34fb0a5a4d58a56ccb69891e9045
	at org.openqa.selenium.remote.codec.w3c.W3CHttpResponseCodec.createException(W3CHttpResponseCodec.java:200)
	at org.openqa.selenium.remote.codec.w3c.W3CHttpResponseCodec.decode(W3CHttpResponseCodec.java:133)
	at org.openqa.selenium.remote.codec.w3c.W3CHttpResponseCodec.decode(W3CHttpResponseCodec.java:53)
	at org.openqa.selenium.remote.HttpCommandExecutor.execute(HttpCommandExecutor.java:184)
	at org.openqa.selenium.remote.service.DriverCommandExecutor.invokeExecute(DriverCommandExecutor.java:167)
	at org.openqa.selenium.remote.service.DriverCommandExecutor.execute(DriverCommandExecutor.java:142)
	at org.openqa.selenium.remote.RemoteWebDriver.execute(RemoteWebDriver.java:535)
	at org.openqa.selenium.remote.RemoteWebElement.execute(RemoteWebElement.java:257)
	at org.openqa.selenium.remote.RemoteWebElement.click(RemoteWebElement.java:78)
	at org.openqa.selenium.support.pagefactory.internal.LocatingElementHandler.invoke(LocatingElementHandler.java:52)
	at com.sun.proxy.$Proxy16.click(Unknown Source)
	at utilities.PageUtility.clickOnElement(PageUtility.java:11)
	at pages.ManageDeliveryBoyPage.createNewDeliveryBoy(ManageDeliveryBoyPage.java:65)
	at com.obsqura.selenium.FinalProject.ManageDeliveryBoyTest.VerifyCreateNewDeliveryBoy(ManageDeliveryBoyTest.java:18)
... Removed 32 stack frames</div></td></tr></table><p class="totop"><a href="#summary">back to summary</a></p><h3 id="m1">com.obsqura.selenium.FinalProject.ManageExpenseFromDashboardTest#verifyCreateNewExpenseRecord</h3><table class="result"><tr><th>Exception</th></tr><tr><td><div class="stacktrace">org.openqa.selenium.ElementClickInterceptedException: element click intercepted: Element is not clickable at point (1354, 735)
  (Session info: chrome=109.0.5414.120)
Build info: version: &apos;4.7.2&apos;, revision: &apos;4d4020c3b7&apos;
System info: os.name: &apos;Windows 11&apos;, os.arch: &apos;amd64&apos;, os.version: &apos;10.0&apos;, java.version: &apos;1.8.0_361&apos;
Driver info: org.openqa.selenium.chrome.ChromeDriver
Command: [7239e769db0a6fed8d3f9272d4050f2e, clickElement {id=9973ee67-7cf3-4718-84c5-89c3c0265d0b}]
Capabilities {acceptInsecureCerts: false, browserName: chrome, browserVersion: 109.0.5414.120, chrome: {chromedriverVersion: 108.0.5359.71 (1e0e3868ee06..., userDataDir: C:\Users\anjuc\AppData\Loca...}, goog:chromeOptions: {debuggerAddress: localhost:57167}, networkConnectionEnabled: false, pageLoadStrategy: normal, platformName: WINDOWS, proxy: Proxy(), se:cdp: ws://localhost:57167/devtoo..., se:cdpVersion: 109.0.5414.120, setWindowRect: true, strictFileInteractability: false, timeouts: {implicit: 0, pageLoad: 300000, script: 30000}, unhandledPromptBehavior: dismiss and notify, webauthn:extension:credBlob: true, webauthn:extension:largeBlob: true, webauthn:virtualAuthenticators: true}
Element: [[ChromeDriver: chrome on WINDOWS (7239e769db0a6fed8d3f9272d4050f2e)] -&gt; xpath: //a[@href=&apos;https://groceryapp.uniqassosiates.com/admin/expense&apos;]]
Session ID: 7239e769db0a6fed8d3f9272d4050f2e
	at org.openqa.selenium.remote.codec.w3c.W3CHttpResponseCodec.createException(W3CHttpResponseCodec.java:200)
	at org.openqa.selenium.remote.codec.w3c.W3CHttpResponseCodec.decode(W3CHttpResponseCodec.java:133)
	at org.openqa.selenium.remote.codec.w3c.W3CHttpResponseCodec.decode(W3CHttpResponseCodec.java:53)
	at org.openqa.selenium.remote.HttpCommandExecutor.execute(HttpCommandExecutor.java:184)
	at org.openqa.selenium.remote.service.DriverCommandExecutor.invokeExecute(DriverCommandExecutor.java:167)
	at org.openqa.selenium.remote.service.DriverCommandExecutor.execute(DriverCommandExecutor.java:142)
	at org.openqa.selenium.remote.RemoteWebDriver.execute(RemoteWebDriver.java:535)
	at org.openqa.selenium.remote.RemoteWebElement.execute(RemoteWebElement.java:257)
	at org.openqa.selenium.remote.RemoteWebElement.click(RemoteWebElement.java:78)
	at org.openqa.selenium.support.pagefactory.internal.LocatingElementHandler.invoke(LocatingElementHandler.java:52)
	at com.sun.proxy.$Proxy16.click(Unknown Source)
	at utilities.PageUtility.clickOnElement(PageUtility.java:11)
	at pages.ManageExpenseFromDashboard.createNewExpenseRecord(ManageExpenseFromDashboard.java:86)
	at com.obsqura.selenium.FinalProject.ManageExpenseFromDashboardTest.verifyCreateNewExpenseRecord(ManageExpenseFromDashboardTest.java:25)
... Removed 32 stack frames</div></td></tr></table><p class="totop"><a href="#summary">back to summary</a></p><h3 id="m2">com.obsqura.selenium.FinalProject.ManageExpenseFromDashboardTest#verifySelectDateFromCalendar</h3><table class="result"><tr><th>Exception</th></tr><tr><td><div class="stacktrace">org.openqa.selenium.ElementClickInterceptedException: element click intercepted: Element is not clickable at point (1354, 737)
  (Session info: chrome=109.0.5414.120)
Build info: version: &apos;4.7.2&apos;, revision: &apos;4d4020c3b7&apos;
System info: os.name: &apos;Windows 11&apos;, os.arch: &apos;amd64&apos;, os.version: &apos;10.0&apos;, java.version: &apos;1.8.0_361&apos;
Driver info: org.openqa.selenium.chrome.ChromeDriver
Command: [1cdbf641857ff3ed792f07bc97fac0c1, clickElement {id=52bc6f68-b5ab-4955-8b14-3e9babbf8500}]
Capabilities {acceptInsecureCerts: false, browserName: chrome, browserVersion: 109.0.5414.120, chrome: {chromedriverVersion: 108.0.5359.71 (1e0e3868ee06..., userDataDir: C:\Users\anjuc\AppData\Loca...}, goog:chromeOptions: {debuggerAddress: localhost:57192}, networkConnectionEnabled: false, pageLoadStrategy: normal, platformName: WINDOWS, proxy: Proxy(), se:cdp: ws://localhost:57192/devtoo..., se:cdpVersion: 109.0.5414.120, setWindowRect: true, strictFileInteractability: false, timeouts: {implicit: 0, pageLoad: 300000, script: 30000}, unhandledPromptBehavior: dismiss and notify, webauthn:extension:credBlob: true, webauthn:extension:largeBlob: true, webauthn:virtualAuthenticators: true}
Element: [[ChromeDriver: chrome on WINDOWS (1cdbf641857ff3ed792f07bc97fac0c1)] -&gt; xpath: //a[@href=&apos;https://groceryapp.uniqassosiates.com/admin/expense&apos;]]
Session ID: 1cdbf641857ff3ed792f07bc97fac0c1
	at org.openqa.selenium.remote.codec.w3c.W3CHttpResponseCodec.createException(W3CHttpResponseCodec.java:200)
	at org.openqa.selenium.remote.codec.w3c.W3CHttpResponseCodec.decode(W3CHttpResponseCodec.java:133)
	at org.openqa.selenium.remote.codec.w3c.W3CHttpResponseCodec.decode(W3CHttpResponseCodec.java:53)
	at org.openqa.selenium.remote.HttpCommandExecutor.execute(HttpCommandExecutor.java:184)
	at org.openqa.selenium.remote.service.DriverCommandExecutor.invokeExecute(DriverCommandExecutor.java:167)
	at org.openqa.selenium.remote.service.DriverCommandExecutor.execute(DriverCommandExecutor.java:142)
	at org.openqa.selenium.remote.RemoteWebDriver.execute(RemoteWebDriver.java:535)
	at org.openqa.selenium.remote.RemoteWebElement.execute(RemoteWebElement.java:257)
	at org.openqa.selenium.remote.RemoteWebElement.click(RemoteWebElement.java:78)
	at org.openqa.selenium.support.pagefactory.internal.LocatingElementHandler.invoke(LocatingElementHandler.java:52)
	at com.sun.proxy.$Proxy16.click(Unknown Source)
	at utilities.PageUtility.clickOnElement(PageUtility.java:11)
	at pages.ManageExpenseFromDashboard.createExpenseRecordByselectDateFromCalendar(ManageExpenseFromDashboard.java:116)
	at com.obsqura.selenium.FinalProject.ManageExpenseFromDashboardTest.verifySelectDateFromCalendar(ManageExpenseFromDashboardTest.java:32)
... Removed 32 stack frames</div></td></tr></table><p class="totop"><a href="#summary">back to summary</a></p><h3 id="m3">com.obsqura.selenium.FinalProject.ManageExpenseFromDashboardTest#verifyTodaysDateInDateField</h3><table class="result"><tr><th>Exception</th></tr><tr><td><div class="stacktrace">org.openqa.selenium.ElementClickInterceptedException: element click intercepted: Element is not clickable at point (1354, 737)
  (Session info: chrome=109.0.5414.120)
Build info: version: &apos;4.7.2&apos;, revision: &apos;4d4020c3b7&apos;
System info: os.name: &apos;Windows 11&apos;, os.arch: &apos;amd64&apos;, os.version: &apos;10.0&apos;, java.version: &apos;1.8.0_361&apos;
Driver info: org.openqa.selenium.chrome.ChromeDriver
Command: [cc9e6969a2b8fa2bddf1d33fcb488ed3, clickElement {id=e4a0959d-a1e6-4f7c-83e1-0a54950807a4}]
Capabilities {acceptInsecureCerts: false, browserName: chrome, browserVersion: 109.0.5414.120, chrome: {chromedriverVersion: 108.0.5359.71 (1e0e3868ee06..., userDataDir: C:\Users\anjuc\AppData\Loca...}, goog:chromeOptions: {debuggerAddress: localhost:57216}, networkConnectionEnabled: false, pageLoadStrategy: normal, platformName: WINDOWS, proxy: Proxy(), se:cdp: ws://localhost:57216/devtoo..., se:cdpVersion: 109.0.5414.120, setWindowRect: true, strictFileInteractability: false, timeouts: {implicit: 0, pageLoad: 300000, script: 30000}, unhandledPromptBehavior: dismiss and notify, webauthn:extension:credBlob: true, webauthn:extension:largeBlob: true, webauthn:virtualAuthenticators: true}
Element: [[ChromeDriver: chrome on WINDOWS (cc9e6969a2b8fa2bddf1d33fcb488ed3)] -&gt; xpath: //a[@href=&apos;https://groceryapp.uniqassosiates.com/admin/expense&apos;]]
Session ID: cc9e6969a2b8fa2bddf1d33fcb488ed3
	at org.openqa.selenium.remote.codec.w3c.W3CHttpResponseCodec.createException(W3CHttpResponseCodec.java:200)
	at org.openqa.selenium.remote.codec.w3c.W3CHttpResponseCodec.decode(W3CHttpResponseCodec.java:133)
	at org.openqa.selenium.remote.codec.w3c.W3CHttpResponseCodec.decode(W3CHttpResponseCodec.java:53)
	at org.openqa.selenium.remote.HttpCommandExecutor.execute(HttpCommandExecutor.java:184)
	at org.openqa.selenium.remote.service.DriverCommandExecutor.invokeExecute(DriverCommandExecutor.java:167)
	at org.openqa.selenium.remote.service.DriverCommandExecutor.execute(DriverCommandExecutor.java:142)
	at org.openqa.selenium.remote.RemoteWebDriver.execute(RemoteWebDriver.java:535)
	at org.openqa.selenium.remote.RemoteWebElement.execute(RemoteWebElement.java:257)
	at org.openqa.selenium.remote.RemoteWebElement.click(RemoteWebElement.java:78)
	at org.openqa.selenium.support.pagefactory.internal.LocatingElementHandler.invoke(LocatingElementHandler.java:52)
	at com.sun.proxy.$Proxy16.click(Unknown Source)
	at utilities.PageUtility.clickOnElement(PageUtility.java:11)
	at pages.ManageExpenseFromDashboard.checkTodaysDateInDateField(ManageExpenseFromDashboard.java:72)
	at com.obsqura.selenium.FinalProject.ManageExpenseFromDashboardTest.verifyTodaysDateInDateField(ManageExpenseFromDashboardTest.java:18)
... Removed 32 stack frames</div></td></tr></table><p class="totop"><a href="#summary">back to summary</a></p><h3 id="m4">com.obsqura.selenium.FinalProject.MobileSliderTest#VerifyAddNewSlider</h3><table class="result"><tr><th>Exception</th></tr><tr><td><div class="stacktrace">org.openqa.selenium.ElementClickInterceptedException: element click intercepted: Element is not clickable at point (727, 737)
  (Session info: chrome=109.0.5414.120)
Build info: version: &apos;4.7.2&apos;, revision: &apos;4d4020c3b7&apos;
System info: os.name: &apos;Windows 11&apos;, os.arch: &apos;amd64&apos;, os.version: &apos;10.0&apos;, java.version: &apos;1.8.0_361&apos;
Driver info: org.openqa.selenium.chrome.ChromeDriver
Command: [24e757a22ea1e0480f0e08d0f7b9108e, clickElement {id=c99c4c77-a4fc-46bd-a49f-d2bbcc903e21}]
Capabilities {acceptInsecureCerts: false, browserName: chrome, browserVersion: 109.0.5414.120, chrome: {chromedriverVersion: 108.0.5359.71 (1e0e3868ee06..., userDataDir: C:\Users\anjuc\AppData\Loca...}, goog:chromeOptions: {debuggerAddress: localhost:57488}, networkConnectionEnabled: false, pageLoadStrategy: normal, platformName: WINDOWS, proxy: Proxy(), se:cdp: ws://localhost:57488/devtoo..., se:cdpVersion: 109.0.5414.120, setWindowRect: true, strictFileInteractability: false, timeouts: {implicit: 0, pageLoad: 300000, script: 30000}, unhandledPromptBehavior: dismiss and notify, webauthn:extension:credBlob: true, webauthn:extension:largeBlob: true, webauthn:virtualAuthenticators: true}
Element: [[ChromeDriver: chrome on WINDOWS (24e757a22ea1e0480f0e08d0f7b9108e)] -&gt; xpath: //a[@href=&apos;https://groceryapp.uniqassosiates.com/admin/list-mobileslider&apos; and @class=&apos;small-box-footer&apos;]]
Session ID: 24e757a22ea1e0480f0e08d0f7b9108e
	at org.openqa.selenium.remote.codec.w3c.W3CHttpResponseCodec.createException(W3CHttpResponseCodec.java:200)
	at org.openqa.selenium.remote.codec.w3c.W3CHttpResponseCodec.decode(W3CHttpResponseCodec.java:133)
	at org.openqa.selenium.remote.codec.w3c.W3CHttpResponseCodec.decode(W3CHttpResponseCodec.java:53)
	at org.openqa.selenium.remote.HttpCommandExecutor.execute(HttpCommandExecutor.java:184)
	at org.openqa.selenium.remote.service.DriverCommandExecutor.invokeExecute(DriverCommandExecutor.java:167)
	at org.openqa.selenium.remote.service.DriverCommandExecutor.execute(DriverCommandExecutor.java:142)
	at org.openqa.selenium.remote.RemoteWebDriver.execute(RemoteWebDriver.java:535)
	at org.openqa.selenium.remote.RemoteWebElement.execute(RemoteWebElement.java:257)
	at org.openqa.selenium.remote.RemoteWebElement.click(RemoteWebElement.java:78)
	at org.openqa.selenium.support.pagefactory.internal.LocatingElementHandler.invoke(LocatingElementHandler.java:52)
	at com.sun.proxy.$Proxy16.click(Unknown Source)
	at utilities.PageUtility.clickOnElement(PageUtility.java:11)
	at pages.MobileSliderPage.addNewSlider(MobileSliderPage.java:85)
	at com.obsqura.selenium.FinalProject.MobileSliderTest.VerifyAddNewSlider(MobileSliderTest.java:33)
... Removed 32 stack frames</div></td></tr></table><p class="totop"><a href="#summary">back to summary</a></p><h3 id="m5">com.obsqura.selenium.FinalProject.MobileSliderTest#verifyCheckButtonColors</h3><table class="result"><tr><th>Exception</th></tr><tr><td><div class="stacktrace">org.openqa.selenium.ElementClickInterceptedException: element click intercepted: Element is not clickable at point (727, 737)
  (Session info: chrome=109.0.5414.120)
Build info: version: &apos;4.7.2&apos;, revision: &apos;4d4020c3b7&apos;
System info: os.name: &apos;Windows 11&apos;, os.arch: &apos;amd64&apos;, os.version: &apos;10.0&apos;, java.version: &apos;1.8.0_361&apos;
Driver info: org.openqa.selenium.chrome.ChromeDriver
Command: [32a5169296c2e0d72947297d82fb8bbb, clickElement {id=efd42989-ad73-414a-baac-bf829b31e8d1}]
Capabilities {acceptInsecureCerts: false, browserName: chrome, browserVersion: 109.0.5414.120, chrome: {chromedriverVersion: 108.0.5359.71 (1e0e3868ee06..., userDataDir: C:\Users\anjuc\AppData\Loca...}, goog:chromeOptions: {debuggerAddress: localhost:57513}, networkConnectionEnabled: false, pageLoadStrategy: normal, platformName: WINDOWS, proxy: Proxy(), se:cdp: ws://localhost:57513/devtoo..., se:cdpVersion: 109.0.5414.120, setWindowRect: true, strictFileInteractability: false, timeouts: {implicit: 0, pageLoad: 300000, script: 30000}, unhandledPromptBehavior: dismiss and notify, webauthn:extension:credBlob: true, webauthn:extension:largeBlob: true, webauthn:virtualAuthenticators: true}
Element: [[ChromeDriver: chrome on WINDOWS (32a5169296c2e0d72947297d82fb8bbb)] -&gt; xpath: //a[@href=&apos;https://groceryapp.uniqassosiates.com/admin/list-mobileslider&apos; and @class=&apos;small-box-footer&apos;]]
Session ID: 32a5169296c2e0d72947297d82fb8bbb
	at org.openqa.selenium.remote.codec.w3c.W3CHttpResponseCodec.createException(W3CHttpResponseCodec.java:200)
	at org.openqa.selenium.remote.codec.w3c.W3CHttpResponseCodec.decode(W3CHttpResponseCodec.java:133)
	at org.openqa.selenium.remote.codec.w3c.W3CHttpResponseCodec.decode(W3CHttpResponseCodec.java:53)
	at org.openqa.selenium.remote.HttpCommandExecutor.execute(HttpCommandExecutor.java:184)
	at org.openqa.selenium.remote.service.DriverCommandExecutor.invokeExecute(DriverCommandExecutor.java:167)
	at org.openqa.selenium.remote.service.DriverCommandExecutor.execute(DriverCommandExecutor.java:142)
	at org.openqa.selenium.remote.RemoteWebDriver.execute(RemoteWebDriver.java:535)
	at org.openqa.selenium.remote.RemoteWebElement.execute(RemoteWebElement.java:257)
	at org.openqa.selenium.remote.RemoteWebElement.click(RemoteWebElement.java:78)
	at org.openqa.selenium.support.pagefactory.internal.LocatingElementHandler.invoke(LocatingElementHandler.java:52)
	at com.sun.proxy.$Proxy16.click(Unknown Source)
	at utilities.PageUtility.clickOnElement(PageUtility.java:11)
	at pages.MobileSliderPage.checkButtonColors(MobileSliderPage.java:72)
	at com.obsqura.selenium.FinalProject.MobileSliderTest.verifyCheckButtonColors(MobileSliderTest.java:26)
... Removed 32 stack frames</div></td></tr></table><p class="totop"><a href="#summary">back to summary</a></p><h3 id="m6">com.obsqura.selenium.FinalProject.MobileSliderTest#verifyCheckColumnHeaders</h3><table class="result"><tr><th>Exception</th></tr><tr><td><div class="stacktrace">org.openqa.selenium.ElementClickInterceptedException: element click intercepted: Element is not clickable at point (727, 737)
  (Session info: chrome=109.0.5414.120)
Build info: version: &apos;4.7.2&apos;, revision: &apos;4d4020c3b7&apos;
System info: os.name: &apos;Windows 11&apos;, os.arch: &apos;amd64&apos;, os.version: &apos;10.0&apos;, java.version: &apos;1.8.0_361&apos;
Driver info: org.openqa.selenium.chrome.ChromeDriver
Command: [00e35e46c75e94996d946214c49ff2b2, clickElement {id=b65b4ab5-865b-4264-8376-ef7023487d25}]
Capabilities {acceptInsecureCerts: false, browserName: chrome, browserVersion: 109.0.5414.120, chrome: {chromedriverVersion: 108.0.5359.71 (1e0e3868ee06..., userDataDir: C:\Users\anjuc\AppData\Loca...}, goog:chromeOptions: {debuggerAddress: localhost:57537}, networkConnectionEnabled: false, pageLoadStrategy: normal, platformName: WINDOWS, proxy: Proxy(), se:cdp: ws://localhost:57537/devtoo..., se:cdpVersion: 109.0.5414.120, setWindowRect: true, strictFileInteractability: false, timeouts: {implicit: 0, pageLoad: 300000, script: 30000}, unhandledPromptBehavior: dismiss and notify, webauthn:extension:credBlob: true, webauthn:extension:largeBlob: true, webauthn:virtualAuthenticators: true}
Element: [[ChromeDriver: chrome on WINDOWS (00e35e46c75e94996d946214c49ff2b2)] -&gt; xpath: //a[@href=&apos;https://groceryapp.uniqassosiates.com/admin/list-mobileslider&apos; and @class=&apos;small-box-footer&apos;]]
Session ID: 00e35e46c75e94996d946214c49ff2b2
	at org.openqa.selenium.remote.codec.w3c.W3CHttpResponseCodec.createException(W3CHttpResponseCodec.java:200)
	at org.openqa.selenium.remote.codec.w3c.W3CHttpResponseCodec.decode(W3CHttpResponseCodec.java:133)
	at org.openqa.selenium.remote.codec.w3c.W3CHttpResponseCodec.decode(W3CHttpResponseCodec.java:53)
	at org.openqa.selenium.remote.HttpCommandExecutor.execute(HttpCommandExecutor.java:184)
	at org.openqa.selenium.remote.service.DriverCommandExecutor.invokeExecute(DriverCommandExecutor.java:167)
	at org.openqa.selenium.remote.service.DriverCommandExecutor.execute(DriverCommandExecutor.java:142)
	at org.openqa.selenium.remote.RemoteWebDriver.execute(RemoteWebDriver.java:535)
	at org.openqa.selenium.remote.RemoteWebElement.execute(RemoteWebElement.java:257)
	at org.openqa.selenium.remote.RemoteWebElement.click(RemoteWebElement.java:78)
	at org.openqa.selenium.support.pagefactory.internal.LocatingElementHandler.invoke(LocatingElementHandler.java:52)
	at com.sun.proxy.$Proxy16.click(Unknown Source)
	at utilities.PageUtility.clickOnElement(PageUtility.java:11)
	at pages.MobileSliderPage.checkColumnHeaders(MobileSliderPage.java:52)
	at com.obsqura.selenium.FinalProject.MobileSliderTest.verifyCheckColumnHeaders(MobileSliderTest.java:19)
... Removed 32 stack frames</div></td></tr></table><p class="totop"><a href="#summary">back to summary</a></p><h3 id="m7">com.obsqura.selenium.FinalProject.AdminUsersTest#verifyCheckColumnHeaders</h3><table class="result"></table><p class="totop"><a href="#summary">back to summary</a></p><h3 id="m8">com.obsqura.selenium.FinalProject.AdminUsersTest#verifyCreateNewUser</h3><table class="result"></table><p class="totop"><a href="#summary">back to summary</a></p><h3 id="m9">com.obsqura.selenium.FinalProject.AdminUsersTest#verifyResetData</h3><table class="result"></table><p class="totop"><a href="#summary">back to summary</a></p><h3 id="m10">com.obsqura.selenium.FinalProject.ExpenseCategoryNewButtonTest#verifyClickNewButton</h3><table class="result"></table><p class="totop"><a href="#summary">back to summary</a></p><h3 id="m11">com.obsqura.selenium.FinalProject.ExpenseCategoryNewButtonTest#verifyClickSaveWithTitle</h3><table class="result"></table><p class="totop"><a href="#summary">back to summary</a></p><h3 id="m12">com.obsqura.selenium.FinalProject.ExpenseCategoryNewButtonTest#verifyDuplicateTitleValidation</h3><table class="result"></table><p class="totop"><a href="#summary">back to summary</a></p><h3 id="m13">com.obsqura.selenium.FinalProject.ExpenseCategoryNewButtonTest#verifySaveButtonColor</h3><table class="result"></table><p class="totop"><a href="#summary">back to summary</a></p><h3 id="m14">com.obsqura.selenium.FinalProject.ExpenseCategoryPageTest#verifyClickExpenseCategory</h3><table class="result"></table><p class="totop"><a href="#summary">back to summary</a></p><h3 id="m15">com.obsqura.selenium.FinalProject.LoginPageTest#verifyLogin</h3><table class="result"></table><p class="totop"><a href="#summary">back to summary</a></p><h3 id="m16">com.obsqura.selenium.FinalProject.ManageExpenseOptionsTest#verifyExpenseManageOptions</h3><table class="result"></table><p class="totop"><a href="#summary">back to summary</a></p><h3 id="m17">com.obsqura.selenium.FinalProject.ManageLocationTest#verifyLocationAndDeliveryChargeFieldsDisplayedOrNot</h3><table class="result"></table><p class="totop"><a href="#summary">back to summary</a></p><h3 id="m18">com.obsqura.selenium.FinalProject.ManageLocationTest#verifycreateNewLocation</h3><table class="result"><tr class="param"><th>Parameter #1</th><th>Parameter #2</th><th>Parameter #3</th></tr><tr class="param stripe"><td>United Kingdom</td><td>Kerala</td><td>250</td></tr></table><p class="totop"><a href="#summary">back to summary</a></p><h3 id="m19">com.obsqura.selenium.FinalProject.ManageNewsTest#VerifyEnterAndSaveNews</h3><table class="result"></table><p class="totop"><a href="#summary">back to summary</a></p><h3 id="m20">com.obsqura.selenium.FinalProject.ManageOrdersFromDashboardTest#verifyClickBackButtonFromViewScreen</h3><table class="result"></table><p class="totop"><a href="#summary">back to summary</a></p><h3 id="m21">com.obsqura.selenium.FinalProject.ManageOrdersFromDashboardTest#verifyClickViewButton</h3><table class="result"></table><p class="totop"><a href="#summary">back to summary</a></p><h3 id="m22">com.obsqura.selenium.FinalProject.ManageOrdersFromDashboardTest#verifyDeleteOrder</h3><table class="result"></table><p class="totop"><a href="#summary">back to summary</a></p><h3 id="m23">com.obsqura.selenium.FinalProject.ManageOrdersFromDashboardTest#verifyStatusColumnOptionColors</h3><table class="result"></table><p class="totop"><a href="#summary">back to summary</a></p><h3 id="m24">com.obsqura.selenium.FinalProject.ManagePagesFromDashboardTest#verifySearchInvalidData</h3><table class="result"></table><p class="totop"><a href="#summary">back to summary</a></p><h3 id="m25">com.obsqura.selenium.FinalProject.ManagePagesFromDashboardTest#verifySearchValidData</h3><table class="result"></table><p class="totop"><a href="#summary">back to summary</a></p><h3 id="m26">com.obsqura.selenium.FinalProject.ManageSliderTest#verifyAddSlider</h3><table class="result"></table><p class="totop"><a href="#summary">back to summary</a></p><h3 id="m27">com.obsqura.selenium.FinalProject.ManageSliderTest#verifyNavigateBackToHome</h3><table class="result"></table><p class="totop"><a href="#summary">back to summary</a></p><h3 id="m28">com.obsqura.selenium.FinalProject.PushNotificationsTest#verifyCheckTitleOfPage</h3><table class="result"></table><p class="totop"><a href="#summary">back to summary</a></p><h3 id="m29">com.obsqura.selenium.FinalProject.PushNotificationsTest#verifyResetNotification</h3><table class="result"></table><p class="totop"><a href="#summary">back to summary</a></p><h3 id="m30">com.obsqura.selenium.FinalProject.PushNotificationsTest#verifySendNotification</h3><table class="result"></table><p class="totop"><a href="#summary">back to summary</a></p><h3 id="m31">com.obsqura.selenium.FinalProject.VerifyButtonsAndColorsInExpenseCategoryTest#verifyFindBackgroundColor</h3><table class="result"></table><p class="totop"><a href="#summary">back to summary</a></p></body></html>