<!DOCTYPE html>

<html>
  <head>
  <meta charset='utf-8'>
  <title>TestNG reports</title>

    <link type="text/css" href="testng-reports.css" rel="stylesheet" />
    <script type="text/javascript" src="jquery-1.7.1.min.js"></script>
    <script type="text/javascript" src="testng-reports.js"></script>
    <script type="text/javascript" src="https://www.google.com/jsapi"></script>
    <script type='text/javascript'>
      google.load('visualization', '1', {packages:['table']});
      google.setOnLoadCallback(drawTable);
      var suiteTableInitFunctions = new Array();
      var suiteTableData = new Array();
    </script>
    <!--
      <script type="text/javascript" src="jquery-ui/js/jquery-ui-1.8.16.custom.min.js"></script>
     -->
  </head>

  <body>
    <div class="top-banner-root">
      <span class="top-banner-title-font">Test results</span>
      <br/>
      <span class="top-banner-font-1">1 suite, 7 failed tests</span>
    </div> <!-- top-banner-root -->
    <div class="navigator-root">
      <div class="navigator-suite-header">
        <span>All suites</span>
        <a href="#" class="collapse-all-link" title="Collapse/expand all the suites">
          <img class="collapse-all-icon" src="collapseall.gif">
          </img> <!-- collapse-all-icon -->
        </a> <!-- collapse-all-link -->
      </div> <!-- navigator-suite-header -->
      <div class="suite">
        <div class="rounded-window">
          <div class="suite-header light-rounded-window-top">
            <a href="#" class="navigator-link" panel-name="suite-Suite">
              <span class="suite-name border-failed">Suite</span>
            </a> <!-- navigator-link -->
          </div> <!-- suite-header light-rounded-window-top -->
          <div class="navigator-suite-content">
            <div class="suite-section-title">
              <span>Info</span>
            </div> <!-- suite-section-title -->
            <div class="suite-section-content">
              <ul>
                <li>
                  <a href="#" class="navigator-link " panel-name="test-xml-Suite">
                    <span>C:\Users\anjuc\eclipse-workspace\FinalProject\testng.xml</span>
                  </a> <!-- navigator-link  -->
                </li>
                <li>
                  <a href="#" class="navigator-link " panel-name="testlist-Suite">
                    <span class="test-stats">1 test</span>
                  </a> <!-- navigator-link  -->
                </li>
                <li>
                  <a href="#" class="navigator-link " panel-name="group-Suite">
                    <span>2 groups</span>
                  </a> <!-- navigator-link  -->
                </li>
                <li>
                  <a href="#" class="navigator-link " panel-name="times-Suite">
                    <span>Times</span>
                  </a> <!-- navigator-link  -->
                </li>
                <li>
                  <a href="#" class="navigator-link " panel-name="reporter-Suite">
                    <span>Reporter output</span>
                  </a> <!-- navigator-link  -->
                </li>
                <li>
                  <a href="#" class="navigator-link " panel-name="ignored-methods-Suite">
                    <span>Ignored methods</span>
                  </a> <!-- navigator-link  -->
                </li>
                <li>
                  <a href="#" class="navigator-link " panel-name="chronological-Suite">
                    <span>Chronological view</span>
                  </a> <!-- navigator-link  -->
                </li>
              </ul>
            </div> <!-- suite-section-content -->
            <div class="result-section">
              <div class="suite-section-title">
                <span>Results</span>
              </div> <!-- suite-section-title -->
              <div class="suite-section-content">
                <ul>
                  <li>
                    <span class="method-stats">32 methods, 7 failed,   25 passed</span>
                  </li>
                  <li>
                    <span class="method-list-title failed">Failed methods</span>
                    <span class="show-or-hide-methods failed">
                      <a href="#" panel-name="suite-Suite" class="hide-methods failed suite-Suite"> (hide)</a> <!-- hide-methods failed suite-Suite -->
                      <a href="#" panel-name="suite-Suite" class="show-methods failed suite-Suite"> (show)</a> <!-- show-methods failed suite-Suite -->
                    </span>
                    <div class="method-list-content failed suite-Suite">
                      <span>
                        <img width="3%" src="failed.png"/>
                        <a href="#" class="method navigator-link" panel-name="suite-Suite" title="com.obsqura.selenium.FinalProject.MobileSliderTest" hash-for-method="VerifyAddNewSlider">VerifyAddNewSlider</a> <!-- method navigator-link -->
                      </span>
                      <br/>
                      <span>
                        <img width="3%" src="failed.png"/>
                        <a href="#" class="method navigator-link" panel-name="suite-Suite" title="com.obsqura.selenium.FinalProject.ManageDeliveryBoyTest" hash-for-method="VerifyCreateNewDeliveryBoy(John Samuel, john123@gmail.com, 556485226, Sam villa,North carolina,Zip-45236)">VerifyCreateNewDeliveryBoy(John Samuel, john123@gmail.com, 556485226, Sam villa,North carolina,Zip-45236)</a> <!-- method navigator-link -->
                      </span>
                      <br/>
                      <span>
                        <img width="3%" src="failed.png"/>
                        <a href="#" class="method navigator-link" panel-name="suite-Suite" title="com.obsqura.selenium.FinalProject.MobileSliderTest" hash-for-method="verifyCheckButtonColors">verifyCheckButtonColors</a> <!-- method navigator-link -->
                      </span>
                      <br/>
                      <span>
                        <img width="3%" src="failed.png"/>
                        <a href="#" class="method navigator-link" panel-name="suite-Suite" title="com.obsqura.selenium.FinalProject.MobileSliderTest" hash-for-method="verifyCheckColumnHeaders">verifyCheckColumnHeaders</a> <!-- method navigator-link -->
                      </span>
                      <br/>
                      <span>
                        <img width="3%" src="failed.png"/>
                        <a href="#" class="method navigator-link" panel-name="suite-Suite" title="com.obsqura.selenium.FinalProject.ManageExpenseFromDashboardTest" hash-for-method="verifyCreateNewExpenseRecord">verifyCreateNewExpenseRecord</a> <!-- method navigator-link -->
                      </span>
                      <br/>
                      <span>
                        <img width="3%" src="failed.png"/>
                        <a href="#" class="method navigator-link" panel-name="suite-Suite" title="com.obsqura.selenium.FinalProject.ManageExpenseFromDashboardTest" hash-for-method="verifySelectDateFromCalendar">verifySelectDateFromCalendar</a> <!-- method navigator-link -->
                      </span>
                      <br/>
                      <span>
                        <img width="3%" src="failed.png"/>
                        <a href="#" class="method navigator-link" panel-name="suite-Suite" title="com.obsqura.selenium.FinalProject.ManageExpenseFromDashboardTest" hash-for-method="verifyTodaysDateInDateField">verifyTodaysDateInDateField</a> <!-- method navigator-link -->
                      </span>
                      <br/>
                    </div> <!-- method-list-content failed suite-Suite -->
                  </li>
                  <li>
                    <span class="method-list-title passed">Passed methods</span>
                    <span class="show-or-hide-methods passed">
                      <a href="#" panel-name="suite-Suite" class="hide-methods passed suite-Suite"> (hide)</a> <!-- hide-methods passed suite-Suite -->
                      <a href="#" panel-name="suite-Suite" class="show-methods passed suite-Suite"> (show)</a> <!-- show-methods passed suite-Suite -->
                    </span>
                    <div class="method-list-content passed suite-Suite">
                      <span>
                        <img width="3%" src="passed.png"/>
                        <a href="#" class="method navigator-link" panel-name="suite-Suite" title="com.obsqura.selenium.FinalProject.ManageNewsTest" hash-for-method="VerifyEnterAndSaveNews">VerifyEnterAndSaveNews</a> <!-- method navigator-link -->
                      </span>
                      <br/>
                      <span>
                        <img width="3%" src="passed.png"/>
                        <a href="#" class="method navigator-link" panel-name="suite-Suite" title="com.obsqura.selenium.FinalProject.ManageSliderTest" hash-for-method="verifyAddSlider">verifyAddSlider</a> <!-- method navigator-link -->
                      </span>
                      <br/>
                      <span>
                        <img width="3%" src="passed.png"/>
                        <a href="#" class="method navigator-link" panel-name="suite-Suite" title="com.obsqura.selenium.FinalProject.AdminUsersTest" hash-for-method="verifyCheckColumnHeaders">verifyCheckColumnHeaders</a> <!-- method navigator-link -->
                      </span>
                      <br/>
                      <span>
                        <img width="3%" src="passed.png"/>
                        <a href="#" class="method navigator-link" panel-name="suite-Suite" title="com.obsqura.selenium.FinalProject.PushNotificationsTest" hash-for-method="verifyCheckTitleOfPage">verifyCheckTitleOfPage</a> <!-- method navigator-link -->
                      </span>
                      <br/>
                      <span>
                        <img width="3%" src="passed.png"/>
                        <a href="#" class="method navigator-link" panel-name="suite-Suite" title="com.obsqura.selenium.FinalProject.ManageOrdersFromDashboardTest" hash-for-method="verifyClickBackButtonFromViewScreen">verifyClickBackButtonFromViewScreen</a> <!-- method navigator-link -->
                      </span>
                      <br/>
                      <span>
                        <img width="3%" src="passed.png"/>
                        <a href="#" class="method navigator-link" panel-name="suite-Suite" title="com.obsqura.selenium.FinalProject.ExpenseCategoryPageTest" hash-for-method="verifyClickExpenseCategory">verifyClickExpenseCategory</a> <!-- method navigator-link -->
                      </span>
                      <br/>
                      <span>
                        <img width="3%" src="passed.png"/>
                        <a href="#" class="method navigator-link" panel-name="suite-Suite" title="com.obsqura.selenium.FinalProject.ExpenseCategoryNewButtonTest" hash-for-method="verifyClickNewButton">verifyClickNewButton</a> <!-- method navigator-link -->
                      </span>
                      <br/>
                      <span>
                        <img width="3%" src="passed.png"/>
                        <a href="#" class="method navigator-link" panel-name="suite-Suite" title="com.obsqura.selenium.FinalProject.ExpenseCategoryNewButtonTest" hash-for-method="verifyClickSaveWithTitle">verifyClickSaveWithTitle</a> <!-- method navigator-link -->
                      </span>
                      <br/>
                      <span>
                        <img width="3%" src="passed.png"/>
                        <a href="#" class="method navigator-link" panel-name="suite-Suite" title="com.obsqura.selenium.FinalProject.ManageOrdersFromDashboardTest" hash-for-method="verifyClickViewButton">verifyClickViewButton</a> <!-- method navigator-link -->
                      </span>
                      <br/>
                      <span>
                        <img width="3%" src="passed.png"/>
                        <a href="#" class="method navigator-link" panel-name="suite-Suite" title="com.obsqura.selenium.FinalProject.AdminUsersTest" hash-for-method="verifyCreateNewUser">verifyCreateNewUser</a> <!-- method navigator-link -->
                      </span>
                      <br/>
                      <span>
                        <img width="3%" src="passed.png"/>
                        <a href="#" class="method navigator-link" panel-name="suite-Suite" title="com.obsqura.selenium.FinalProject.ManageOrdersFromDashboardTest" hash-for-method="verifyDeleteOrder">verifyDeleteOrder</a> <!-- method navigator-link -->
                      </span>
                      <br/>
                      <span>
                        <img width="3%" src="passed.png"/>
                        <a href="#" class="method navigator-link" panel-name="suite-Suite" title="com.obsqura.selenium.FinalProject.ExpenseCategoryNewButtonTest" hash-for-method="verifyDuplicateTitleValidation">verifyDuplicateTitleValidation</a> <!-- method navigator-link -->
                      </span>
                      <br/>
                      <span>
                        <img width="3%" src="passed.png"/>
                        <a href="#" class="method navigator-link" panel-name="suite-Suite" title="com.obsqura.selenium.FinalProject.ManageExpenseOptionsTest" hash-for-method="verifyExpenseManageOptions">verifyExpenseManageOptions</a> <!-- method navigator-link -->
                      </span>
                      <br/>
                      <span>
                        <img width="3%" src="passed.png"/>
                        <a href="#" class="method navigator-link" panel-name="suite-Suite" title="com.obsqura.selenium.FinalProject.VerifyButtonsAndColorsInExpenseCategoryTest" hash-for-method="verifyFindBackgroundColor">verifyFindBackgroundColor</a> <!-- method navigator-link -->
                      </span>
                      <br/>
                      <span>
                        <img width="3%" src="passed.png"/>
                        <a href="#" class="method navigator-link" panel-name="suite-Suite" title="com.obsqura.selenium.FinalProject.ManageLocationTest" hash-for-method="verifyLocationAndDeliveryChargeFieldsDisplayedOrNot">verifyLocationAndDeliveryChargeFieldsDisplayedOrNot</a> <!-- method navigator-link -->
                      </span>
                      <br/>
                      <span>
                        <img width="3%" src="passed.png"/>
                        <a href="#" class="method navigator-link" panel-name="suite-Suite" title="com.obsqura.selenium.FinalProject.LoginPageTest" hash-for-method="verifyLogin">verifyLogin</a> <!-- method navigator-link -->
                      </span>
                      <br/>
                      <span>
                        <img width="3%" src="passed.png"/>
                        <a href="#" class="method navigator-link" panel-name="suite-Suite" title="com.obsqura.selenium.FinalProject.ManageSliderTest" hash-for-method="verifyNavigateBackToHome">verifyNavigateBackToHome</a> <!-- method navigator-link -->
                      </span>
                      <br/>
                      <span>
                        <img width="3%" src="passed.png"/>
                        <a href="#" class="method navigator-link" panel-name="suite-Suite" title="com.obsqura.selenium.FinalProject.AdminUsersTest" hash-for-method="verifyResetData">verifyResetData</a> <!-- method navigator-link -->
                      </span>
                      <br/>
                      <span>
                        <img width="3%" src="passed.png"/>
                        <a href="#" class="method navigator-link" panel-name="suite-Suite" title="com.obsqura.selenium.FinalProject.PushNotificationsTest" hash-for-method="verifyResetNotification">verifyResetNotification</a> <!-- method navigator-link -->
                      </span>
                      <br/>
                      <span>
                        <img width="3%" src="passed.png"/>
                        <a href="#" class="method navigator-link" panel-name="suite-Suite" title="com.obsqura.selenium.FinalProject.ExpenseCategoryNewButtonTest" hash-for-method="verifySaveButtonColor">verifySaveButtonColor</a> <!-- method navigator-link -->
                      </span>
                      <br/>
                      <span>
                        <img width="3%" src="passed.png"/>
                        <a href="#" class="method navigator-link" panel-name="suite-Suite" title="com.obsqura.selenium.FinalProject.ManagePagesFromDashboardTest" hash-for-method="verifySearchInvalidData">verifySearchInvalidData</a> <!-- method navigator-link -->
                      </span>
                      <br/>
                      <span>
                        <img width="3%" src="passed.png"/>
                        <a href="#" class="method navigator-link" panel-name="suite-Suite" title="com.obsqura.selenium.FinalProject.ManagePagesFromDashboardTest" hash-for-method="verifySearchValidData">verifySearchValidData</a> <!-- method navigator-link -->
                      </span>
                      <br/>
                      <span>
                        <img width="3%" src="passed.png"/>
                        <a href="#" class="method navigator-link" panel-name="suite-Suite" title="com.obsqura.selenium.FinalProject.PushNotificationsTest" hash-for-method="verifySendNotification">verifySendNotification</a> <!-- method navigator-link -->
                      </span>
                      <br/>
                      <span>
                        <img width="3%" src="passed.png"/>
                        <a href="#" class="method navigator-link" panel-name="suite-Suite" title="com.obsqura.selenium.FinalProject.ManageOrdersFromDashboardTest" hash-for-method="verifyStatusColumnOptionColors">verifyStatusColumnOptionColors</a> <!-- method navigator-link -->
                      </span>
                      <br/>
                      <span>
                        <img width="3%" src="passed.png"/>
                        <a href="#" class="method navigator-link" panel-name="suite-Suite" title="com.obsqura.selenium.FinalProject.ManageLocationTest" hash-for-method="verifycreateNewLocation(United Kingdom, Kerala, 250)">verifycreateNewLocation(United Kingdom, Kerala, 250)</a> <!-- method navigator-link -->
                      </span>
                      <br/>
                    </div> <!-- method-list-content passed suite-Suite -->
                  </li>
                </ul>
              </div> <!-- suite-section-content -->
            </div> <!-- result-section -->
          </div> <!-- navigator-suite-content -->
        </div> <!-- rounded-window -->
      </div> <!-- suite -->
    </div> <!-- navigator-root -->
    <div class="wrapper">
      <div class="main-panel-root">
        <div panel-name="suite-Suite" class="panel Suite">
          <div class="suite-Suite-class-failed">
            <div class="main-panel-header rounded-window-top">
              <img src="failed.png"/>
              <span class="class-name">com.obsqura.selenium.FinalProject.ManageExpenseFromDashboardTest</span>
            </div> <!-- main-panel-header rounded-window-top -->
            <div class="main-panel-content rounded-window-bottom">
              <div class="method">
                <div class="method-content">
                  <a name="verifyCreateNewExpenseRecord">
                  </a> <!-- verifyCreateNewExpenseRecord -->
                  <span class="method-name">verifyCreateNewExpenseRecord</span>
                  <div class="stack-trace">org.openqa.selenium.ElementClickInterceptedException: element click intercepted: Element is not clickable at point (1354, 735)
  (Session info: chrome=109.0.5414.120)
Build info: version: &apos;4.7.2&apos;, revision: &apos;4d4020c3b7&apos;
System info: os.name: &apos;Windows 11&apos;, os.arch: &apos;amd64&apos;, os.version: &apos;10.0&apos;, java.version: &apos;1.8.0_361&apos;
Driver info: org.openqa.selenium.chrome.ChromeDriver
Command: [7239e769db0a6fed8d3f9272d4050f2e, clickElement {id=9973ee67-7cf3-4718-84c5-89c3c0265d0b}]
Capabilities {acceptInsecureCerts: false, browserName: chrome, browserVersion: 109.0.5414.120, chrome: {chromedriverVersion: 108.0.5359.71 (1e0e3868ee06..., userDataDir: C:\Users\anjuc\AppData\Loca...}, goog:chromeOptions: {debuggerAddress: localhost:57167}, networkConnectionEnabled: false, pageLoadStrategy: normal, platformName: WINDOWS, proxy: Proxy(), se:cdp: ws://localhost:57167/devtoo..., se:cdpVersion: 109.0.5414.120, setWindowRect: true, strictFileInteractability: false, timeouts: {implicit: 0, pageLoad: 300000, script: 30000}, unhandledPromptBehavior: dismiss and notify, webauthn:extension:credBlob: true, webauthn:extension:largeBlob: true, webauthn:virtualAuthenticators: true}
Element: [[ChromeDriver: chrome on WINDOWS (7239e769db0a6fed8d3f9272d4050f2e)] -&gt; xpath: //a[@href=&apos;https://groceryapp.uniqassosiates.com/admin/expense&apos;]]
Session ID: 7239e769db0a6fed8d3f9272d4050f2e
	at org.openqa.selenium.remote.codec.w3c.W3CHttpResponseCodec.createException(W3CHttpResponseCodec.java:200)
	at org.openqa.selenium.remote.codec.w3c.W3CHttpResponseCodec.decode(W3CHttpResponseCodec.java:133)
	at org.openqa.selenium.remote.codec.w3c.W3CHttpResponseCodec.decode(W3CHttpResponseCodec.java:53)
	at org.openqa.selenium.remote.HttpCommandExecutor.execute(HttpCommandExecutor.java:184)
	at org.openqa.selenium.remote.service.DriverCommandExecutor.invokeExecute(DriverCommandExecutor.java:167)
	at org.openqa.selenium.remote.service.DriverCommandExecutor.execute(DriverCommandExecutor.java:142)
	at org.openqa.selenium.remote.RemoteWebDriver.execute(RemoteWebDriver.java:535)
	at org.openqa.selenium.remote.RemoteWebElement.execute(RemoteWebElement.java:257)
	at org.openqa.selenium.remote.RemoteWebElement.click(RemoteWebElement.java:78)
	at org.openqa.selenium.support.pagefactory.internal.LocatingElementHandler.invoke(LocatingElementHandler.java:52)
	at com.sun.proxy.$Proxy16.click(Unknown Source)
	at utilities.PageUtility.clickOnElement(PageUtility.java:11)
	at pages.ManageExpenseFromDashboard.createNewExpenseRecord(ManageExpenseFromDashboard.java:86)
	at com.obsqura.selenium.FinalProject.ManageExpenseFromDashboardTest.verifyCreateNewExpenseRecord(ManageExpenseFromDashboardTest.java:25)
... Removed 32 stack frames
</div> <!-- stack-trace -->
                </div> <!-- method-content -->
              </div> <!-- method -->
              <div class="method">
                <div class="method-content">
                  <a name="verifySelectDateFromCalendar">
                  </a> <!-- verifySelectDateFromCalendar -->
                  <span class="method-name">verifySelectDateFromCalendar</span>
                  <div class="stack-trace">org.openqa.selenium.ElementClickInterceptedException: element click intercepted: Element is not clickable at point (1354, 737)
  (Session info: chrome=109.0.5414.120)
Build info: version: &apos;4.7.2&apos;, revision: &apos;4d4020c3b7&apos;
System info: os.name: &apos;Windows 11&apos;, os.arch: &apos;amd64&apos;, os.version: &apos;10.0&apos;, java.version: &apos;1.8.0_361&apos;
Driver info: org.openqa.selenium.chrome.ChromeDriver
Command: [1cdbf641857ff3ed792f07bc97fac0c1, clickElement {id=52bc6f68-b5ab-4955-8b14-3e9babbf8500}]
Capabilities {acceptInsecureCerts: false, browserName: chrome, browserVersion: 109.0.5414.120, chrome: {chromedriverVersion: 108.0.5359.71 (1e0e3868ee06..., userDataDir: C:\Users\anjuc\AppData\Loca...}, goog:chromeOptions: {debuggerAddress: localhost:57192}, networkConnectionEnabled: false, pageLoadStrategy: normal, platformName: WINDOWS, proxy: Proxy(), se:cdp: ws://localhost:57192/devtoo..., se:cdpVersion: 109.0.5414.120, setWindowRect: true, strictFileInteractability: false, timeouts: {implicit: 0, pageLoad: 300000, script: 30000}, unhandledPromptBehavior: dismiss and notify, webauthn:extension:credBlob: true, webauthn:extension:largeBlob: true, webauthn:virtualAuthenticators: true}
Element: [[ChromeDriver: chrome on WINDOWS (1cdbf641857ff3ed792f07bc97fac0c1)] -&gt; xpath: //a[@href=&apos;https://groceryapp.uniqassosiates.com/admin/expense&apos;]]
Session ID: 1cdbf641857ff3ed792f07bc97fac0c1
	at org.openqa.selenium.remote.codec.w3c.W3CHttpResponseCodec.createException(W3CHttpResponseCodec.java:200)
	at org.openqa.selenium.remote.codec.w3c.W3CHttpResponseCodec.decode(W3CHttpResponseCodec.java:133)
	at org.openqa.selenium.remote.codec.w3c.W3CHttpResponseCodec.decode(W3CHttpResponseCodec.java:53)
	at org.openqa.selenium.remote.HttpCommandExecutor.execute(HttpCommandExecutor.java:184)
	at org.openqa.selenium.remote.service.DriverCommandExecutor.invokeExecute(DriverCommandExecutor.java:167)
	at org.openqa.selenium.remote.service.DriverCommandExecutor.execute(DriverCommandExecutor.java:142)
	at org.openqa.selenium.remote.RemoteWebDriver.execute(RemoteWebDriver.java:535)
	at org.openqa.selenium.remote.RemoteWebElement.execute(RemoteWebElement.java:257)
	at org.openqa.selenium.remote.RemoteWebElement.click(RemoteWebElement.java:78)
	at org.openqa.selenium.support.pagefactory.internal.LocatingElementHandler.invoke(LocatingElementHandler.java:52)
	at com.sun.proxy.$Proxy16.click(Unknown Source)
	at utilities.PageUtility.clickOnElement(PageUtility.java:11)
	at pages.ManageExpenseFromDashboard.createExpenseRecordByselectDateFromCalendar(ManageExpenseFromDashboard.java:116)
	at com.obsqura.selenium.FinalProject.ManageExpenseFromDashboardTest.verifySelectDateFromCalendar(ManageExpenseFromDashboardTest.java:32)
... Removed 32 stack frames
</div> <!-- stack-trace -->
                </div> <!-- method-content -->
              </div> <!-- method -->
              <div class="method">
                <div class="method-content">
                  <a name="verifyTodaysDateInDateField">
                  </a> <!-- verifyTodaysDateInDateField -->
                  <span class="method-name">verifyTodaysDateInDateField</span>
                  <div class="stack-trace">org.openqa.selenium.ElementClickInterceptedException: element click intercepted: Element is not clickable at point (1354, 737)
  (Session info: chrome=109.0.5414.120)
Build info: version: &apos;4.7.2&apos;, revision: &apos;4d4020c3b7&apos;
System info: os.name: &apos;Windows 11&apos;, os.arch: &apos;amd64&apos;, os.version: &apos;10.0&apos;, java.version: &apos;1.8.0_361&apos;
Driver info: org.openqa.selenium.chrome.ChromeDriver
Command: [cc9e6969a2b8fa2bddf1d33fcb488ed3, clickElement {id=e4a0959d-a1e6-4f7c-83e1-0a54950807a4}]
Capabilities {acceptInsecureCerts: false, browserName: chrome, browserVersion: 109.0.5414.120, chrome: {chromedriverVersion: 108.0.5359.71 (1e0e3868ee06..., userDataDir: C:\Users\anjuc\AppData\Loca...}, goog:chromeOptions: {debuggerAddress: localhost:57216}, networkConnectionEnabled: false, pageLoadStrategy: normal, platformName: WINDOWS, proxy: Proxy(), se:cdp: ws://localhost:57216/devtoo..., se:cdpVersion: 109.0.5414.120, setWindowRect: true, strictFileInteractability: false, timeouts: {implicit: 0, pageLoad: 300000, script: 30000}, unhandledPromptBehavior: dismiss and notify, webauthn:extension:credBlob: true, webauthn:extension:largeBlob: true, webauthn:virtualAuthenticators: true}
Element: [[ChromeDriver: chrome on WINDOWS (cc9e6969a2b8fa2bddf1d33fcb488ed3)] -&gt; xpath: //a[@href=&apos;https://groceryapp.uniqassosiates.com/admin/expense&apos;]]
Session ID: cc9e6969a2b8fa2bddf1d33fcb488ed3
	at org.openqa.selenium.remote.codec.w3c.W3CHttpResponseCodec.createException(W3CHttpResponseCodec.java:200)
	at org.openqa.selenium.remote.codec.w3c.W3CHttpResponseCodec.decode(W3CHttpResponseCodec.java:133)
	at org.openqa.selenium.remote.codec.w3c.W3CHttpResponseCodec.decode(W3CHttpResponseCodec.java:53)
	at org.openqa.selenium.remote.HttpCommandExecutor.execute(HttpCommandExecutor.java:184)
	at org.openqa.selenium.remote.service.DriverCommandExecutor.invokeExecute(DriverCommandExecutor.java:167)
	at org.openqa.selenium.remote.service.DriverCommandExecutor.execute(DriverCommandExecutor.java:142)
	at org.openqa.selenium.remote.RemoteWebDriver.execute(RemoteWebDriver.java:535)
	at org.openqa.selenium.remote.RemoteWebElement.execute(RemoteWebElement.java:257)
	at org.openqa.selenium.remote.RemoteWebElement.click(RemoteWebElement.java:78)
	at org.openqa.selenium.support.pagefactory.internal.LocatingElementHandler.invoke(LocatingElementHandler.java:52)
	at com.sun.proxy.$Proxy16.click(Unknown Source)
	at utilities.PageUtility.clickOnElement(PageUtility.java:11)
	at pages.ManageExpenseFromDashboard.checkTodaysDateInDateField(ManageExpenseFromDashboard.java:72)
	at com.obsqura.selenium.FinalProject.ManageExpenseFromDashboardTest.verifyTodaysDateInDateField(ManageExpenseFromDashboardTest.java:18)
... Removed 32 stack frames
</div> <!-- stack-trace -->
                </div> <!-- method-content -->
              </div> <!-- method -->
            </div> <!-- main-panel-content rounded-window-bottom -->
          </div> <!-- suite-Suite-class-failed -->
          <div class="suite-Suite-class-failed">
            <div class="main-panel-header rounded-window-top">
              <img src="failed.png"/>
              <span class="class-name">com.obsqura.selenium.FinalProject.ManageDeliveryBoyTest</span>
            </div> <!-- main-panel-header rounded-window-top -->
            <div class="main-panel-content rounded-window-bottom">
              <div class="method">
                <div class="method-content">
                  <a name="VerifyCreateNewDeliveryBoy(John Samuel, john123@gmail.com, 556485226, Sam villa,North carolina,Zip-45236)">
                  </a> <!-- VerifyCreateNewDeliveryBoy(John Samuel, john123@gmail.com, 556485226, Sam villa,North carolina,Zip-45236) -->
                  <span class="method-name">VerifyCreateNewDeliveryBoy</span>
                  <span class="parameters">(John Samuel, john123@gmail.com, 556485226, Sam villa,North carolina,Zip-45236)</span>
                  <div class="stack-trace">org.openqa.selenium.ElementClickInterceptedException: element click intercepted: Element is not clickable at point (334, 773)
  (Session info: chrome=109.0.5414.120)
Build info: version: &apos;4.7.2&apos;, revision: &apos;4d4020c3b7&apos;
System info: os.name: &apos;Windows 11&apos;, os.arch: &apos;amd64&apos;, os.version: &apos;10.0&apos;, java.version: &apos;1.8.0_361&apos;
Driver info: org.openqa.selenium.chrome.ChromeDriver
Command: [f9cb34fb0a5a4d58a56ccb69891e9045, clickElement {id=c84b1ba8-4888-4022-bf9b-cead81cb2da4}]
Capabilities {acceptInsecureCerts: false, browserName: chrome, browserVersion: 109.0.5414.120, chrome: {chromedriverVersion: 108.0.5359.71 (1e0e3868ee06..., userDataDir: C:\Users\anjuc\AppData\Loca...}, goog:chromeOptions: {debuggerAddress: localhost:57094}, networkConnectionEnabled: false, pageLoadStrategy: normal, platformName: WINDOWS, proxy: Proxy(), se:cdp: ws://localhost:57094/devtoo..., se:cdpVersion: 109.0.5414.120, setWindowRect: true, strictFileInteractability: false, timeouts: {implicit: 0, pageLoad: 300000, script: 30000}, unhandledPromptBehavior: dismiss and notify, webauthn:extension:credBlob: true, webauthn:extension:largeBlob: true, webauthn:virtualAuthenticators: true}
Element: [[ChromeDriver: chrome on WINDOWS (f9cb34fb0a5a4d58a56ccb69891e9045)] -&gt; xpath: //button[@type=&apos;submit&apos;]]
Session ID: f9cb34fb0a5a4d58a56ccb69891e9045
	at org.openqa.selenium.remote.codec.w3c.W3CHttpResponseCodec.createException(W3CHttpResponseCodec.java:200)
	at org.openqa.selenium.remote.codec.w3c.W3CHttpResponseCodec.decode(W3CHttpResponseCodec.java:133)
	at org.openqa.selenium.remote.codec.w3c.W3CHttpResponseCodec.decode(W3CHttpResponseCodec.java:53)
	at org.openqa.selenium.remote.HttpCommandExecutor.execute(HttpCommandExecutor.java:184)
	at org.openqa.selenium.remote.service.DriverCommandExecutor.invokeExecute(DriverCommandExecutor.java:167)
	at org.openqa.selenium.remote.service.DriverCommandExecutor.execute(DriverCommandExecutor.java:142)
	at org.openqa.selenium.remote.RemoteWebDriver.execute(RemoteWebDriver.java:535)
	at org.openqa.selenium.remote.RemoteWebElement.execute(RemoteWebElement.java:257)
	at org.openqa.selenium.remote.RemoteWebElement.click(RemoteWebElement.java:78)
	at org.openqa.selenium.support.pagefactory.internal.LocatingElementHandler.invoke(LocatingElementHandler.java:52)
	at com.sun.proxy.$Proxy16.click(Unknown Source)
	at utilities.PageUtility.clickOnElement(PageUtility.java:11)
	at pages.ManageDeliveryBoyPage.createNewDeliveryBoy(ManageDeliveryBoyPage.java:65)
	at com.obsqura.selenium.FinalProject.ManageDeliveryBoyTest.VerifyCreateNewDeliveryBoy(ManageDeliveryBoyTest.java:18)
... Removed 32 stack frames
</div> <!-- stack-trace -->
                </div> <!-- method-content -->
              </div> <!-- method -->
            </div> <!-- main-panel-content rounded-window-bottom -->
          </div> <!-- suite-Suite-class-failed -->
          <div class="suite-Suite-class-failed">
            <div class="main-panel-header rounded-window-top">
              <img src="failed.png"/>
              <span class="class-name">com.obsqura.selenium.FinalProject.MobileSliderTest</span>
            </div> <!-- main-panel-header rounded-window-top -->
            <div class="main-panel-content rounded-window-bottom">
              <div class="method">
                <div class="method-content">
                  <a name="VerifyAddNewSlider">
                  </a> <!-- VerifyAddNewSlider -->
                  <span class="method-name">VerifyAddNewSlider</span>
                  <div class="stack-trace">org.openqa.selenium.ElementClickInterceptedException: element click intercepted: Element is not clickable at point (727, 737)
  (Session info: chrome=109.0.5414.120)
Build info: version: &apos;4.7.2&apos;, revision: &apos;4d4020c3b7&apos;
System info: os.name: &apos;Windows 11&apos;, os.arch: &apos;amd64&apos;, os.version: &apos;10.0&apos;, java.version: &apos;1.8.0_361&apos;
Driver info: org.openqa.selenium.chrome.ChromeDriver
Command: [24e757a22ea1e0480f0e08d0f7b9108e, clickElement {id=c99c4c77-a4fc-46bd-a49f-d2bbcc903e21}]
Capabilities {acceptInsecureCerts: false, browserName: chrome, browserVersion: 109.0.5414.120, chrome: {chromedriverVersion: 108.0.5359.71 (1e0e3868ee06..., userDataDir: C:\Users\anjuc\AppData\Loca...}, goog:chromeOptions: {debuggerAddress: localhost:57488}, networkConnectionEnabled: false, pageLoadStrategy: normal, platformName: WINDOWS, proxy: Proxy(), se:cdp: ws://localhost:57488/devtoo..., se:cdpVersion: 109.0.5414.120, setWindowRect: true, strictFileInteractability: false, timeouts: {implicit: 0, pageLoad: 300000, script: 30000}, unhandledPromptBehavior: dismiss and notify, webauthn:extension:credBlob: true, webauthn:extension:largeBlob: true, webauthn:virtualAuthenticators: true}
Element: [[ChromeDriver: chrome on WINDOWS (24e757a22ea1e0480f0e08d0f7b9108e)] -&gt; xpath: //a[@href=&apos;https://groceryapp.uniqassosiates.com/admin/list-mobileslider&apos; and @class=&apos;small-box-footer&apos;]]
Session ID: 24e757a22ea1e0480f0e08d0f7b9108e
	at org.openqa.selenium.remote.codec.w3c.W3CHttpResponseCodec.createException(W3CHttpResponseCodec.java:200)
	at org.openqa.selenium.remote.codec.w3c.W3CHttpResponseCodec.decode(W3CHttpResponseCodec.java:133)
	at org.openqa.selenium.remote.codec.w3c.W3CHttpResponseCodec.decode(W3CHttpResponseCodec.java:53)
	at org.openqa.selenium.remote.HttpCommandExecutor.execute(HttpCommandExecutor.java:184)
	at org.openqa.selenium.remote.service.DriverCommandExecutor.invokeExecute(DriverCommandExecutor.java:167)
	at org.openqa.selenium.remote.service.DriverCommandExecutor.execute(DriverCommandExecutor.java:142)
	at org.openqa.selenium.remote.RemoteWebDriver.execute(RemoteWebDriver.java:535)
	at org.openqa.selenium.remote.RemoteWebElement.execute(RemoteWebElement.java:257)
	at org.openqa.selenium.remote.RemoteWebElement.click(RemoteWebElement.java:78)
	at org.openqa.selenium.support.pagefactory.internal.LocatingElementHandler.invoke(LocatingElementHandler.java:52)
	at com.sun.proxy.$Proxy16.click(Unknown Source)
	at utilities.PageUtility.clickOnElement(PageUtility.java:11)
	at pages.MobileSliderPage.addNewSlider(MobileSliderPage.java:85)
	at com.obsqura.selenium.FinalProject.MobileSliderTest.VerifyAddNewSlider(MobileSliderTest.java:33)
... Removed 32 stack frames
</div> <!-- stack-trace -->
                </div> <!-- method-content -->
              </div> <!-- method -->
              <div class="method">
                <div class="method-content">
                  <a name="verifyCheckButtonColors">
                  </a> <!-- verifyCheckButtonColors -->
                  <span class="method-name">verifyCheckButtonColors</span>
                  <div class="stack-trace">org.openqa.selenium.ElementClickInterceptedException: element click intercepted: Element is not clickable at point (727, 737)
  (Session info: chrome=109.0.5414.120)
Build info: version: &apos;4.7.2&apos;, revision: &apos;4d4020c3b7&apos;
System info: os.name: &apos;Windows 11&apos;, os.arch: &apos;amd64&apos;, os.version: &apos;10.0&apos;, java.version: &apos;1.8.0_361&apos;
Driver info: org.openqa.selenium.chrome.ChromeDriver
Command: [32a5169296c2e0d72947297d82fb8bbb, clickElement {id=efd42989-ad73-414a-baac-bf829b31e8d1}]
Capabilities {acceptInsecureCerts: false, browserName: chrome, browserVersion: 109.0.5414.120, chrome: {chromedriverVersion: 108.0.5359.71 (1e0e3868ee06..., userDataDir: C:\Users\anjuc\AppData\Loca...}, goog:chromeOptions: {debuggerAddress: localhost:57513}, networkConnectionEnabled: false, pageLoadStrategy: normal, platformName: WINDOWS, proxy: Proxy(), se:cdp: ws://localhost:57513/devtoo..., se:cdpVersion: 109.0.5414.120, setWindowRect: true, strictFileInteractability: false, timeouts: {implicit: 0, pageLoad: 300000, script: 30000}, unhandledPromptBehavior: dismiss and notify, webauthn:extension:credBlob: true, webauthn:extension:largeBlob: true, webauthn:virtualAuthenticators: true}
Element: [[ChromeDriver: chrome on WINDOWS (32a5169296c2e0d72947297d82fb8bbb)] -&gt; xpath: //a[@href=&apos;https://groceryapp.uniqassosiates.com/admin/list-mobileslider&apos; and @class=&apos;small-box-footer&apos;]]
Session ID: 32a5169296c2e0d72947297d82fb8bbb
	at org.openqa.selenium.remote.codec.w3c.W3CHttpResponseCodec.createException(W3CHttpResponseCodec.java:200)
	at org.openqa.selenium.remote.codec.w3c.W3CHttpResponseCodec.decode(W3CHttpResponseCodec.java:133)
	at org.openqa.selenium.remote.codec.w3c.W3CHttpResponseCodec.decode(W3CHttpResponseCodec.java:53)
	at org.openqa.selenium.remote.HttpCommandExecutor.execute(HttpCommandExecutor.java:184)
	at org.openqa.selenium.remote.service.DriverCommandExecutor.invokeExecute(DriverCommandExecutor.java:167)
	at org.openqa.selenium.remote.service.DriverCommandExecutor.execute(DriverCommandExecutor.java:142)
	at org.openqa.selenium.remote.RemoteWebDriver.execute(RemoteWebDriver.java:535)
	at org.openqa.selenium.remote.RemoteWebElement.execute(RemoteWebElement.java:257)
	at org.openqa.selenium.remote.RemoteWebElement.click(RemoteWebElement.java:78)
	at org.openqa.selenium.support.pagefactory.internal.LocatingElementHandler.invoke(LocatingElementHandler.java:52)
	at com.sun.proxy.$Proxy16.click(Unknown Source)
	at utilities.PageUtility.clickOnElement(PageUtility.java:11)
	at pages.MobileSliderPage.checkButtonColors(MobileSliderPage.java:72)
	at com.obsqura.selenium.FinalProject.MobileSliderTest.verifyCheckButtonColors(MobileSliderTest.java:26)
... Removed 32 stack frames
</div> <!-- stack-trace -->
                </div> <!-- method-content -->
              </div> <!-- method -->
              <div class="method">
                <div class="method-content">
                  <a name="verifyCheckColumnHeaders">
                  </a> <!-- verifyCheckColumnHeaders -->
                  <span class="method-name">verifyCheckColumnHeaders</span>
                  <div class="stack-trace">org.openqa.selenium.ElementClickInterceptedException: element click intercepted: Element is not clickable at point (727, 737)
  (Session info: chrome=109.0.5414.120)
Build info: version: &apos;4.7.2&apos;, revision: &apos;4d4020c3b7&apos;
System info: os.name: &apos;Windows 11&apos;, os.arch: &apos;amd64&apos;, os.version: &apos;10.0&apos;, java.version: &apos;1.8.0_361&apos;
Driver info: org.openqa.selenium.chrome.ChromeDriver
Command: [00e35e46c75e94996d946214c49ff2b2, clickElement {id=b65b4ab5-865b-4264-8376-ef7023487d25}]
Capabilities {acceptInsecureCerts: false, browserName: chrome, browserVersion: 109.0.5414.120, chrome: {chromedriverVersion: 108.0.5359.71 (1e0e3868ee06..., userDataDir: C:\Users\anjuc\AppData\Loca...}, goog:chromeOptions: {debuggerAddress: localhost:57537}, networkConnectionEnabled: false, pageLoadStrategy: normal, platformName: WINDOWS, proxy: Proxy(), se:cdp: ws://localhost:57537/devtoo..., se:cdpVersion: 109.0.5414.120, setWindowRect: true, strictFileInteractability: false, timeouts: {implicit: 0, pageLoad: 300000, script: 30000}, unhandledPromptBehavior: dismiss and notify, webauthn:extension:credBlob: true, webauthn:extension:largeBlob: true, webauthn:virtualAuthenticators: true}
Element: [[ChromeDriver: chrome on WINDOWS (00e35e46c75e94996d946214c49ff2b2)] -&gt; xpath: //a[@href=&apos;https://groceryapp.uniqassosiates.com/admin/list-mobileslider&apos; and @class=&apos;small-box-footer&apos;]]
Session ID: 00e35e46c75e94996d946214c49ff2b2
	at org.openqa.selenium.remote.codec.w3c.W3CHttpResponseCodec.createException(W3CHttpResponseCodec.java:200)
	at org.openqa.selenium.remote.codec.w3c.W3CHttpResponseCodec.decode(W3CHttpResponseCodec.java:133)
	at org.openqa.selenium.remote.codec.w3c.W3CHttpResponseCodec.decode(W3CHttpResponseCodec.java:53)
	at org.openqa.selenium.remote.HttpCommandExecutor.execute(HttpCommandExecutor.java:184)
	at org.openqa.selenium.remote.service.DriverCommandExecutor.invokeExecute(DriverCommandExecutor.java:167)
	at org.openqa.selenium.remote.service.DriverCommandExecutor.execute(DriverCommandExecutor.java:142)
	at org.openqa.selenium.remote.RemoteWebDriver.execute(RemoteWebDriver.java:535)
	at org.openqa.selenium.remote.RemoteWebElement.execute(RemoteWebElement.java:257)
	at org.openqa.selenium.remote.RemoteWebElement.click(RemoteWebElement.java:78)
	at org.openqa.selenium.support.pagefactory.internal.LocatingElementHandler.invoke(LocatingElementHandler.java:52)
	at com.sun.proxy.$Proxy16.click(Unknown Source)
	at utilities.PageUtility.clickOnElement(PageUtility.java:11)
	at pages.MobileSliderPage.checkColumnHeaders(MobileSliderPage.java:52)
	at com.obsqura.selenium.FinalProject.MobileSliderTest.verifyCheckColumnHeaders(MobileSliderTest.java:19)
... Removed 32 stack frames
</div> <!-- stack-trace -->
                </div> <!-- method-content -->
              </div> <!-- method -->
            </div> <!-- main-panel-content rounded-window-bottom -->
          </div> <!-- suite-Suite-class-failed -->
          <div class="suite-Suite-class-passed">
            <div class="main-panel-header rounded-window-top">
              <img src="passed.png"/>
              <span class="class-name">com.obsqura.selenium.FinalProject.LoginPageTest</span>
            </div> <!-- main-panel-header rounded-window-top -->
            <div class="main-panel-content rounded-window-bottom">
              <div class="method">
                <div class="method-content">
                  <a name="verifyLogin">
                  </a> <!-- verifyLogin -->
                  <span class="method-name">verifyLogin</span>
                </div> <!-- method-content -->
              </div> <!-- method -->
            </div> <!-- main-panel-content rounded-window-bottom -->
          </div> <!-- suite-Suite-class-passed -->
          <div class="suite-Suite-class-passed">
            <div class="main-panel-header rounded-window-top">
              <img src="passed.png"/>
              <span class="class-name">com.obsqura.selenium.FinalProject.ManagePagesFromDashboardTest</span>
            </div> <!-- main-panel-header rounded-window-top -->
            <div class="main-panel-content rounded-window-bottom">
              <div class="method">
                <div class="method-content">
                  <a name="verifySearchInvalidData">
                  </a> <!-- verifySearchInvalidData -->
                  <span class="method-name">verifySearchInvalidData</span>
                </div> <!-- method-content -->
              </div> <!-- method -->
              <div class="method">
                <div class="method-content">
                  <a name="verifySearchValidData">
                  </a> <!-- verifySearchValidData -->
                  <span class="method-name">verifySearchValidData</span>
                </div> <!-- method-content -->
              </div> <!-- method -->
            </div> <!-- main-panel-content rounded-window-bottom -->
          </div> <!-- suite-Suite-class-passed -->
          <div class="suite-Suite-class-passed">
            <div class="main-panel-header rounded-window-top">
              <img src="passed.png"/>
              <span class="class-name">com.obsqura.selenium.FinalProject.PushNotificationsTest</span>
            </div> <!-- main-panel-header rounded-window-top -->
            <div class="main-panel-content rounded-window-bottom">
              <div class="method">
                <div class="method-content">
                  <a name="verifyCheckTitleOfPage">
                  </a> <!-- verifyCheckTitleOfPage -->
                  <span class="method-name">verifyCheckTitleOfPage</span>
                </div> <!-- method-content -->
              </div> <!-- method -->
              <div class="method">
                <div class="method-content">
                  <a name="verifyResetNotification">
                  </a> <!-- verifyResetNotification -->
                  <span class="method-name">verifyResetNotification</span>
                </div> <!-- method-content -->
              </div> <!-- method -->
              <div class="method">
                <div class="method-content">
                  <a name="verifySendNotification">
                  </a> <!-- verifySendNotification -->
                  <span class="method-name">verifySendNotification</span>
                </div> <!-- method-content -->
              </div> <!-- method -->
            </div> <!-- main-panel-content rounded-window-bottom -->
          </div> <!-- suite-Suite-class-passed -->
          <div class="suite-Suite-class-passed">
            <div class="main-panel-header rounded-window-top">
              <img src="passed.png"/>
              <span class="class-name">com.obsqura.selenium.FinalProject.ExpenseCategoryNewButtonTest</span>
            </div> <!-- main-panel-header rounded-window-top -->
            <div class="main-panel-content rounded-window-bottom">
              <div class="method">
                <div class="method-content">
                  <a name="verifyClickNewButton">
                  </a> <!-- verifyClickNewButton -->
                  <span class="method-name">verifyClickNewButton</span>
                </div> <!-- method-content -->
              </div> <!-- method -->
              <div class="method">
                <div class="method-content">
                  <a name="verifyClickSaveWithTitle">
                  </a> <!-- verifyClickSaveWithTitle -->
                  <span class="method-name">verifyClickSaveWithTitle</span>
                </div> <!-- method-content -->
              </div> <!-- method -->
              <div class="method">
                <div class="method-content">
                  <a name="verifyDuplicateTitleValidation">
                  </a> <!-- verifyDuplicateTitleValidation -->
                  <span class="method-name">verifyDuplicateTitleValidation</span>
                </div> <!-- method-content -->
              </div> <!-- method -->
              <div class="method">
                <div class="method-content">
                  <a name="verifySaveButtonColor">
                  </a> <!-- verifySaveButtonColor -->
                  <span class="method-name">verifySaveButtonColor</span>
                </div> <!-- method-content -->
              </div> <!-- method -->
            </div> <!-- main-panel-content rounded-window-bottom -->
          </div> <!-- suite-Suite-class-passed -->
          <div class="suite-Suite-class-passed">
            <div class="main-panel-header rounded-window-top">
              <img src="passed.png"/>
              <span class="class-name">com.obsqura.selenium.FinalProject.ManageSliderTest</span>
            </div> <!-- main-panel-header rounded-window-top -->
            <div class="main-panel-content rounded-window-bottom">
              <div class="method">
                <div class="method-content">
                  <a name="verifyAddSlider">
                  </a> <!-- verifyAddSlider -->
                  <span class="method-name">verifyAddSlider</span>
                </div> <!-- method-content -->
              </div> <!-- method -->
              <div class="method">
                <div class="method-content">
                  <a name="verifyNavigateBackToHome">
                  </a> <!-- verifyNavigateBackToHome -->
                  <span class="method-name">verifyNavigateBackToHome</span>
                </div> <!-- method-content -->
              </div> <!-- method -->
            </div> <!-- main-panel-content rounded-window-bottom -->
          </div> <!-- suite-Suite-class-passed -->
          <div class="suite-Suite-class-passed">
            <div class="main-panel-header rounded-window-top">
              <img src="passed.png"/>
              <span class="class-name">com.obsqura.selenium.FinalProject.VerifyButtonsAndColorsInExpenseCategoryTest</span>
            </div> <!-- main-panel-header rounded-window-top -->
            <div class="main-panel-content rounded-window-bottom">
              <div class="method">
                <div class="method-content">
                  <a name="verifyFindBackgroundColor">
                  </a> <!-- verifyFindBackgroundColor -->
                  <span class="method-name">verifyFindBackgroundColor</span>
                </div> <!-- method-content -->
              </div> <!-- method -->
            </div> <!-- main-panel-content rounded-window-bottom -->
          </div> <!-- suite-Suite-class-passed -->
          <div class="suite-Suite-class-passed">
            <div class="main-panel-header rounded-window-top">
              <img src="passed.png"/>
              <span class="class-name">com.obsqura.selenium.FinalProject.ManageExpenseOptionsTest</span>
            </div> <!-- main-panel-header rounded-window-top -->
            <div class="main-panel-content rounded-window-bottom">
              <div class="method">
                <div class="method-content">
                  <a name="verifyExpenseManageOptions">
                  </a> <!-- verifyExpenseManageOptions -->
                  <span class="method-name">verifyExpenseManageOptions</span>
                </div> <!-- method-content -->
              </div> <!-- method -->
            </div> <!-- main-panel-content rounded-window-bottom -->
          </div> <!-- suite-Suite-class-passed -->
          <div class="suite-Suite-class-passed">
            <div class="main-panel-header rounded-window-top">
              <img src="passed.png"/>
              <span class="class-name">com.obsqura.selenium.FinalProject.ExpenseCategoryPageTest</span>
            </div> <!-- main-panel-header rounded-window-top -->
            <div class="main-panel-content rounded-window-bottom">
              <div class="method">
                <div class="method-content">
                  <a name="verifyClickExpenseCategory">
                  </a> <!-- verifyClickExpenseCategory -->
                  <span class="method-name">verifyClickExpenseCategory</span>
                </div> <!-- method-content -->
              </div> <!-- method -->
            </div> <!-- main-panel-content rounded-window-bottom -->
          </div> <!-- suite-Suite-class-passed -->
          <div class="suite-Suite-class-passed">
            <div class="main-panel-header rounded-window-top">
              <img src="passed.png"/>
              <span class="class-name">com.obsqura.selenium.FinalProject.AdminUsersTest</span>
            </div> <!-- main-panel-header rounded-window-top -->
            <div class="main-panel-content rounded-window-bottom">
              <div class="method">
                <div class="method-content">
                  <a name="verifyCheckColumnHeaders">
                  </a> <!-- verifyCheckColumnHeaders -->
                  <span class="method-name">verifyCheckColumnHeaders</span>
                </div> <!-- method-content -->
              </div> <!-- method -->
              <div class="method">
                <div class="method-content">
                  <a name="verifyCreateNewUser">
                  </a> <!-- verifyCreateNewUser -->
                  <span class="method-name">verifyCreateNewUser</span>
                </div> <!-- method-content -->
              </div> <!-- method -->
              <div class="method">
                <div class="method-content">
                  <a name="verifyResetData">
                  </a> <!-- verifyResetData -->
                  <span class="method-name">verifyResetData</span>
                </div> <!-- method-content -->
              </div> <!-- method -->
            </div> <!-- main-panel-content rounded-window-bottom -->
          </div> <!-- suite-Suite-class-passed -->
          <div class="suite-Suite-class-passed">
            <div class="main-panel-header rounded-window-top">
              <img src="passed.png"/>
              <span class="class-name">com.obsqura.selenium.FinalProject.ManageOrdersFromDashboardTest</span>
            </div> <!-- main-panel-header rounded-window-top -->
            <div class="main-panel-content rounded-window-bottom">
              <div class="method">
                <div class="method-content">
                  <a name="verifyClickBackButtonFromViewScreen">
                  </a> <!-- verifyClickBackButtonFromViewScreen -->
                  <span class="method-name">verifyClickBackButtonFromViewScreen</span>
                </div> <!-- method-content -->
              </div> <!-- method -->
              <div class="method">
                <div class="method-content">
                  <a name="verifyClickViewButton">
                  </a> <!-- verifyClickViewButton -->
                  <span class="method-name">verifyClickViewButton</span>
                </div> <!-- method-content -->
              </div> <!-- method -->
              <div class="method">
                <div class="method-content">
                  <a name="verifyDeleteOrder">
                  </a> <!-- verifyDeleteOrder -->
                  <span class="method-name">verifyDeleteOrder</span>
                </div> <!-- method-content -->
              </div> <!-- method -->
              <div class="method">
                <div class="method-content">
                  <a name="verifyStatusColumnOptionColors">
                  </a> <!-- verifyStatusColumnOptionColors -->
                  <span class="method-name">verifyStatusColumnOptionColors</span>
                </div> <!-- method-content -->
              </div> <!-- method -->
            </div> <!-- main-panel-content rounded-window-bottom -->
          </div> <!-- suite-Suite-class-passed -->
          <div class="suite-Suite-class-passed">
            <div class="main-panel-header rounded-window-top">
              <img src="passed.png"/>
              <span class="class-name">com.obsqura.selenium.FinalProject.ManageLocationTest</span>
            </div> <!-- main-panel-header rounded-window-top -->
            <div class="main-panel-content rounded-window-bottom">
              <div class="method">
                <div class="method-content">
                  <a name="verifyLocationAndDeliveryChargeFieldsDisplayedOrNot">
                  </a> <!-- verifyLocationAndDeliveryChargeFieldsDisplayedOrNot -->
                  <span class="method-name">verifyLocationAndDeliveryChargeFieldsDisplayedOrNot</span>
                </div> <!-- method-content -->
              </div> <!-- method -->
              <div class="method">
                <div class="method-content">
                  <a name="verifycreateNewLocation(United Kingdom, Kerala, 250)">
                  </a> <!-- verifycreateNewLocation(United Kingdom, Kerala, 250) -->
                  <span class="method-name">verifycreateNewLocation</span>
                  <span class="parameters">(United Kingdom, Kerala, 250)</span>
                </div> <!-- method-content -->
              </div> <!-- method -->
            </div> <!-- main-panel-content rounded-window-bottom -->
          </div> <!-- suite-Suite-class-passed -->
          <div class="suite-Suite-class-passed">
            <div class="main-panel-header rounded-window-top">
              <img src="passed.png"/>
              <span class="class-name">com.obsqura.selenium.FinalProject.ManageNewsTest</span>
            </div> <!-- main-panel-header rounded-window-top -->
            <div class="main-panel-content rounded-window-bottom">
              <div class="method">
                <div class="method-content">
                  <a name="VerifyEnterAndSaveNews">
                  </a> <!-- VerifyEnterAndSaveNews -->
                  <span class="method-name">VerifyEnterAndSaveNews</span>
                </div> <!-- method-content -->
              </div> <!-- method -->
            </div> <!-- main-panel-content rounded-window-bottom -->
          </div> <!-- suite-Suite-class-passed -->
        </div> <!-- panel Suite -->
        <div panel-name="test-xml-Suite" class="panel">
          <div class="main-panel-header rounded-window-top">
            <span class="header-content">C:\Users\anjuc\eclipse-workspace\FinalProject\testng.xml</span>
          </div> <!-- main-panel-header rounded-window-top -->
          <div class="main-panel-content rounded-window-bottom">
            <pre>
&lt;?xml version=&quot;1.0&quot; encoding=&quot;UTF-8&quot;?&gt;
&lt;!DOCTYPE suite SYSTEM &quot;http://testng.org/testng-1.0.dtd&quot;&gt;
&lt;suite guice-stage=&quot;DEVELOPMENT&quot; name=&quot;Suite&quot;&gt;
  &lt;listeners&gt;
    &lt;listener class-name=&quot;com.obsqura.selenium.FinalProject.Listeners&quot;/&gt;
  &lt;/listeners&gt;
  &lt;test name=&quot;Test&quot;&gt;
    &lt;parameter name=&quot;browser&quot; value=&quot;chrome&quot;/&gt;
    &lt;parameter name=&quot;deliveryCharge&quot; value=&quot;250&quot;/&gt;
    &lt;parameter name=&quot;location&quot; value=&quot;Kerala&quot;/&gt;
    &lt;parameter name=&quot;countryValue&quot; value=&quot;United Kingdom&quot;/&gt;
    &lt;classes&gt;
      &lt;class name=&quot;com.obsqura.selenium.FinalProject.AdminUsersTest&quot;/&gt;
      &lt;class name=&quot;com.obsqura.selenium.FinalProject.ExpenseCategoryNewButtonTest&quot;/&gt;
      &lt;class name=&quot;com.obsqura.selenium.FinalProject.ExpenseCategoryPageTest&quot;/&gt;
      &lt;class name=&quot;com.obsqura.selenium.FinalProject.LoginPageTest&quot;/&gt;
      &lt;class name=&quot;com.obsqura.selenium.FinalProject.ManageDeliveryBoyTest&quot;/&gt;
      &lt;class name=&quot;com.obsqura.selenium.FinalProject.ManageLocationTest&quot;/&gt;
      &lt;class name=&quot;com.obsqura.selenium.FinalProject.ManageExpenseFromDashboardTest&quot;/&gt;
      &lt;class name=&quot;com.obsqura.selenium.FinalProject.ManageExpenseOptionsTest&quot;/&gt;
      &lt;class name=&quot;com.obsqura.selenium.FinalProject.ManageNewsTest&quot;/&gt;
      &lt;class name=&quot;com.obsqura.selenium.FinalProject.ManageOrdersFromDashboardTest&quot;/&gt;
      &lt;class name=&quot;com.obsqura.selenium.FinalProject.ManagePagesFromDashboardTest&quot;/&gt;
      &lt;class name=&quot;com.obsqura.selenium.FinalProject.ManageSliderTest&quot;/&gt;
      &lt;class name=&quot;com.obsqura.selenium.FinalProject.MobileSliderTest&quot;/&gt;
      &lt;class name=&quot;com.obsqura.selenium.FinalProject.PushNotificationsTest&quot;/&gt;
      &lt;class name=&quot;com.obsqura.selenium.FinalProject.VerifyButtonsAndColorsInExpenseCategoryTest&quot;/&gt;
    &lt;/classes&gt;
  &lt;/test&gt; &lt;!-- Test --&gt;
&lt;/suite&gt; &lt;!-- Suite --&gt;
            </pre>
          </div> <!-- main-panel-content rounded-window-bottom -->
        </div> <!-- panel -->
        <div panel-name="testlist-Suite" class="panel">
          <div class="main-panel-header rounded-window-top">
            <span class="header-content">Tests for Suite</span>
          </div> <!-- main-panel-header rounded-window-top -->
          <div class="main-panel-content rounded-window-bottom">
            <ul>
              <li>
                <span class="test-name">Test (15 classes)</span>
              </li>
            </ul>
          </div> <!-- main-panel-content rounded-window-bottom -->
        </div> <!-- panel -->
        <div panel-name="group-Suite" class="panel">
          <div class="main-panel-header rounded-window-top">
            <span class="header-content">Groups for Suite</span>
          </div> <!-- main-panel-header rounded-window-top -->
          <div class="main-panel-content rounded-window-bottom">
            <div class="test-group">
              <span class="test-group-name">group1</span>
              <br/>
              <div class="method-in-group">
                <span class="method-in-group-name">verifyCheckTitleOfPage</span>
                <br/>
              </div> <!-- method-in-group -->
              <div class="method-in-group">
                <span class="method-in-group-name">verifySendNotification</span>
                <br/>
              </div> <!-- method-in-group -->
            </div> <!-- test-group -->
            <div class="test-group">
              <span class="test-group-name">group2</span>
              <br/>
              <div class="method-in-group">
                <span class="method-in-group-name">verifyCheckTitleOfPage</span>
                <br/>
              </div> <!-- method-in-group -->
              <div class="method-in-group">
                <span class="method-in-group-name">verifyResetNotification</span>
                <br/>
              </div> <!-- method-in-group -->
            </div> <!-- test-group -->
          </div> <!-- main-panel-content rounded-window-bottom -->
        </div> <!-- panel -->
        <div panel-name="times-Suite" class="panel">
          <div class="main-panel-header rounded-window-top">
            <span class="header-content">Times for Suite</span>
          </div> <!-- main-panel-header rounded-window-top -->
          <div class="main-panel-content rounded-window-bottom">
            <div class="times-div">
              <script type="text/javascript">
suiteTableInitFunctions.push('tableData_Suite');
function tableData_Suite() {
var data = new google.visualization.DataTable();
data.addColumn('number', 'Number');
data.addColumn('string', 'Method');
data.addColumn('string', 'Class');
data.addColumn('number', 'Time (ms)');
data.addRows(32);
data.setCell(0, 0, 0)
data.setCell(0, 1, 'VerifyCreateNewDeliveryBoy')
data.setCell(0, 2, 'com.obsqura.selenium.FinalProject.ManageDeliveryBoyTest')
data.setCell(0, 3, 3289);
data.setCell(1, 0, 1)
data.setCell(1, 1, 'verifyCreateNewUser')
data.setCell(1, 2, 'com.obsqura.selenium.FinalProject.AdminUsersTest')
data.setCell(1, 3, 2409);
data.setCell(2, 0, 2)
data.setCell(2, 1, 'verifyClickBackButtonFromViewScreen')
data.setCell(2, 2, 'com.obsqura.selenium.FinalProject.ManageOrdersFromDashboardTest')
data.setCell(2, 3, 2384);
data.setCell(3, 0, 3)
data.setCell(3, 1, 'verifyCheckColumnHeaders')
data.setCell(3, 2, 'com.obsqura.selenium.FinalProject.AdminUsersTest')
data.setCell(3, 3, 2313);
data.setCell(4, 0, 4)
data.setCell(4, 1, 'verifycreateNewLocation')
data.setCell(4, 2, 'com.obsqura.selenium.FinalProject.ManageLocationTest')
data.setCell(4, 3, 2289);
data.setCell(5, 0, 5)
data.setCell(5, 1, 'verifyNavigateBackToHome')
data.setCell(5, 2, 'com.obsqura.selenium.FinalProject.ManageSliderTest')
data.setCell(5, 3, 2135);
data.setCell(6, 0, 6)
data.setCell(6, 1, 'verifyDeleteOrder')
data.setCell(6, 2, 'com.obsqura.selenium.FinalProject.ManageOrdersFromDashboardTest')
data.setCell(6, 3, 2093);
data.setCell(7, 0, 7)
data.setCell(7, 1, 'verifyCreateNewExpenseRecord')
data.setCell(7, 2, 'com.obsqura.selenium.FinalProject.ManageExpenseFromDashboardTest')
data.setCell(7, 3, 2009);
data.setCell(8, 0, 8)
data.setCell(8, 1, 'VerifyEnterAndSaveNews')
data.setCell(8, 2, 'com.obsqura.selenium.FinalProject.ManageNewsTest')
data.setCell(8, 3, 1996);
data.setCell(9, 0, 9)
data.setCell(9, 1, 'verifyResetData')
data.setCell(9, 2, 'com.obsqura.selenium.FinalProject.AdminUsersTest')
data.setCell(9, 3, 1993);
data.setCell(10, 0, 10)
data.setCell(10, 1, 'verifySelectDateFromCalendar')
data.setCell(10, 2, 'com.obsqura.selenium.FinalProject.ManageExpenseFromDashboardTest')
data.setCell(10, 3, 1918);
data.setCell(11, 0, 11)
data.setCell(11, 1, 'verifyTodaysDateInDateField')
data.setCell(11, 2, 'com.obsqura.selenium.FinalProject.ManageExpenseFromDashboardTest')
data.setCell(11, 3, 1879);
data.setCell(12, 0, 12)
data.setCell(12, 1, 'verifyCheckButtonColors')
data.setCell(12, 2, 'com.obsqura.selenium.FinalProject.MobileSliderTest')
data.setCell(12, 3, 1876);
data.setCell(13, 0, 13)
data.setCell(13, 1, 'verifyCheckColumnHeaders')
data.setCell(13, 2, 'com.obsqura.selenium.FinalProject.MobileSliderTest')
data.setCell(13, 3, 1871);
data.setCell(14, 0, 14)
data.setCell(14, 1, 'verifyAddSlider')
data.setCell(14, 2, 'com.obsqura.selenium.FinalProject.ManageSliderTest')
data.setCell(14, 3, 1800);
data.setCell(15, 0, 15)
data.setCell(15, 1, 'verifySendNotification')
data.setCell(15, 2, 'com.obsqura.selenium.FinalProject.PushNotificationsTest')
data.setCell(15, 3, 1769);
data.setCell(16, 0, 16)
data.setCell(16, 1, 'VerifyAddNewSlider')
data.setCell(16, 2, 'com.obsqura.selenium.FinalProject.MobileSliderTest')
data.setCell(16, 3, 1761);
data.setCell(17, 0, 17)
data.setCell(17, 1, 'verifyClickViewButton')
data.setCell(17, 2, 'com.obsqura.selenium.FinalProject.ManageOrdersFromDashboardTest')
data.setCell(17, 3, 1756);
data.setCell(18, 0, 18)
data.setCell(18, 1, 'verifyClickSaveWithTitle')
data.setCell(18, 2, 'com.obsqura.selenium.FinalProject.ExpenseCategoryNewButtonTest')
data.setCell(18, 3, 1566);
data.setCell(19, 0, 19)
data.setCell(19, 1, 'verifyDuplicateTitleValidation')
data.setCell(19, 2, 'com.obsqura.selenium.FinalProject.ExpenseCategoryNewButtonTest')
data.setCell(19, 3, 1540);
data.setCell(20, 0, 20)
data.setCell(20, 1, 'verifyResetNotification')
data.setCell(20, 2, 'com.obsqura.selenium.FinalProject.PushNotificationsTest')
data.setCell(20, 3, 1534);
data.setCell(21, 0, 21)
data.setCell(21, 1, 'verifySearchInvalidData')
data.setCell(21, 2, 'com.obsqura.selenium.FinalProject.ManagePagesFromDashboardTest')
data.setCell(21, 3, 1513);
data.setCell(22, 0, 22)
data.setCell(22, 1, 'verifyClickNewButton')
data.setCell(22, 2, 'com.obsqura.selenium.FinalProject.ExpenseCategoryNewButtonTest')
data.setCell(22, 3, 1498);
data.setCell(23, 0, 23)
data.setCell(23, 1, 'verifySaveButtonColor')
data.setCell(23, 2, 'com.obsqura.selenium.FinalProject.ExpenseCategoryNewButtonTest')
data.setCell(23, 3, 1444);
data.setCell(24, 0, 24)
data.setCell(24, 1, 'verifyStatusColumnOptionColors')
data.setCell(24, 2, 'com.obsqura.selenium.FinalProject.ManageOrdersFromDashboardTest')
data.setCell(24, 3, 1421);
data.setCell(25, 0, 25)
data.setCell(25, 1, 'verifyExpenseManageOptions')
data.setCell(25, 2, 'com.obsqura.selenium.FinalProject.ManageExpenseOptionsTest')
data.setCell(25, 3, 1406);
data.setCell(26, 0, 26)
data.setCell(26, 1, 'verifyLocationAndDeliveryChargeFieldsDisplayedOrNot')
data.setCell(26, 2, 'com.obsqura.selenium.FinalProject.ManageLocationTest')
data.setCell(26, 3, 1331);
data.setCell(27, 0, 27)
data.setCell(27, 1, 'verifyClickExpenseCategory')
data.setCell(27, 2, 'com.obsqura.selenium.FinalProject.ExpenseCategoryPageTest')
data.setCell(27, 3, 1323);
data.setCell(28, 0, 28)
data.setCell(28, 1, 'verifyFindBackgroundColor')
data.setCell(28, 2, 'com.obsqura.selenium.FinalProject.VerifyButtonsAndColorsInExpenseCategoryTest')
data.setCell(28, 3, 1242);
data.setCell(29, 0, 29)
data.setCell(29, 1, 'verifySearchValidData')
data.setCell(29, 2, 'com.obsqura.selenium.FinalProject.ManagePagesFromDashboardTest')
data.setCell(29, 3, 1241);
data.setCell(30, 0, 30)
data.setCell(30, 1, 'verifyCheckTitleOfPage')
data.setCell(30, 2, 'com.obsqura.selenium.FinalProject.PushNotificationsTest')
data.setCell(30, 3, 890);
data.setCell(31, 0, 31)
data.setCell(31, 1, 'verifyLogin')
data.setCell(31, 2, 'com.obsqura.selenium.FinalProject.LoginPageTest')
data.setCell(31, 3, 830);
window.suiteTableData['Suite']= { tableData: data, tableDiv: 'times-div-Suite'}
return data;
}
              </script>
              <span class="suite-total-time">Total running time: 56 seconds</span>
              <div id="times-div-Suite">
              </div> <!-- times-div-Suite -->
            </div> <!-- times-div -->
          </div> <!-- main-panel-content rounded-window-bottom -->
        </div> <!-- panel -->
        <div panel-name="reporter-Suite" class="panel">
          <div class="main-panel-header rounded-window-top">
            <span class="header-content">Reporter output for Suite</span>
          </div> <!-- main-panel-header rounded-window-top -->
          <div class="main-panel-content rounded-window-bottom">
          </div> <!-- main-panel-content rounded-window-bottom -->
        </div> <!-- panel -->
        <div panel-name="ignored-methods-Suite" class="panel">
          <div class="main-panel-header rounded-window-top">
            <span class="header-content">0 ignored methods</span>
          </div> <!-- main-panel-header rounded-window-top -->
          <div class="main-panel-content rounded-window-bottom">
          </div> <!-- main-panel-content rounded-window-bottom -->
        </div> <!-- panel -->
        <div panel-name="chronological-Suite" class="panel">
          <div class="main-panel-header rounded-window-top">
            <span class="header-content">Methods in chronological order</span>
          </div> <!-- main-panel-header rounded-window-top -->
          <div class="main-panel-content rounded-window-bottom">
            <div class="chronological-class">
              <div class="chronological-class-name">com.obsqura.selenium.FinalProject.AdminUsersTest</div> <!-- chronological-class-name -->
              <div class="configuration-method before">
                <span class="method-name">initialiseBrowser(chrome)</span>
                <span class="method-start">0 ms</span>
              </div> <!-- configuration-method before -->
              <div class="test-method">
                <span class="method-name">verifyCheckColumnHeaders</span>
                <span class="method-start">4553 ms</span>
              </div> <!-- test-method -->
              <div class="configuration-method after">
                <span class="method-name">browserQuit([TestResult name=verifyCheckColumnHeaders status=SUCCESS method=AdminUsersTest.verifyCheckColumnHead...)</span>
                <span class="method-start">6879 ms</span>
              </div> <!-- configuration-method after -->
              <div class="configuration-method before">
                <span class="method-name">initialiseBrowser(chrome)</span>
                <span class="method-start">7663 ms</span>
              </div> <!-- configuration-method before -->
              <div class="test-method">
                <span class="method-name">verifyCreateNewUser</span>
                <span class="method-start">9879 ms</span>
              </div> <!-- test-method -->
              <div class="configuration-method after">
                <span class="method-name">browserQuit([TestResult name=verifyCreateNewUser status=SUCCESS method=AdminUsersTest.verifyCreateNewUser()[pri:...)</span>
                <span class="method-start">12296 ms</span>
              </div> <!-- configuration-method after -->
              <div class="configuration-method before">
                <span class="method-name">initialiseBrowser(chrome)</span>
                <span class="method-start">13057 ms</span>
              </div> <!-- configuration-method before -->
              <div class="test-method">
                <span class="method-name">verifyResetData</span>
                <span class="method-start">15265 ms</span>
              </div> <!-- test-method -->
              <div class="configuration-method after">
                <span class="method-name">browserQuit([TestResult name=verifyResetData status=SUCCESS method=AdminUsersTest.verifyResetData()[pri:0, insta...)</span>
                <span class="method-start">17258 ms</span>
              </div> <!-- configuration-method after -->
            </div> <!-- chronological-class -->
            <div class="chronological-class">
              <div class="chronological-class-name">com.obsqura.selenium.FinalProject.ExpenseCategoryNewButtonTest</div> <!-- chronological-class-name -->
              <div class="configuration-method before">
                <span class="method-name">initialiseBrowser(chrome)</span>
                <span class="method-start">18038 ms</span>
              </div> <!-- configuration-method before -->
              <div class="test-method">
                <span class="method-name">verifyClickNewButton</span>
                <span class="method-start">20242 ms</span>
              </div> <!-- test-method -->
              <div class="configuration-method after">
                <span class="method-name">browserQuit([TestResult name=verifyClickNewButton status=SUCCESS method=ExpenseCategoryNewButtonTest.verifyClick...)</span>
                <span class="method-start">21748 ms</span>
              </div> <!-- configuration-method after -->
            </div> <!-- chronological-class -->
            <div class="chronological-class">
              <div class="chronological-class-name">com.obsqura.selenium.FinalProject.ExpenseCategoryPageTest</div> <!-- chronological-class-name -->
              <div class="configuration-method before">
                <span class="method-name">initialiseBrowser(chrome)</span>
                <span class="method-start">22503 ms</span>
              </div> <!-- configuration-method before -->
              <div class="test-method">
                <span class="method-name">verifyClickExpenseCategory</span>
                <span class="method-start">24863 ms</span>
              </div> <!-- test-method -->
              <div class="configuration-method after">
                <span class="method-name">browserQuit([TestResult name=verifyClickExpenseCategory status=SUCCESS method=ExpenseCategoryPageTest.verifyClic...)</span>
                <span class="method-start">26207 ms</span>
              </div> <!-- configuration-method after -->
            </div> <!-- chronological-class -->
            <div class="chronological-class">
              <div class="chronological-class-name">com.obsqura.selenium.FinalProject.LoginPageTest</div> <!-- chronological-class-name -->
              <div class="configuration-method before">
                <span class="method-name">initialiseBrowser(chrome)</span>
                <span class="method-start">26975 ms</span>
              </div> <!-- configuration-method before -->
              <div class="test-method">
                <span class="method-name">verifyLogin</span>
                <span class="method-start">29394 ms</span>
              </div> <!-- test-method -->
              <div class="configuration-method after">
                <span class="method-name">browserQuit([TestResult name=verifyLogin status=SUCCESS method=LoginPageTest.verifyLogin()[pri:0, instance:com.o...)</span>
                <span class="method-start">30224 ms</span>
              </div> <!-- configuration-method after -->
            </div> <!-- chronological-class -->
            <div class="chronological-class">
              <div class="chronological-class-name">com.obsqura.selenium.FinalProject.ManageDeliveryBoyTest</div> <!-- chronological-class-name -->
              <div class="configuration-method before">
                <span class="method-name">initialiseBrowser(chrome)</span>
                <span class="method-start">30986 ms</span>
              </div> <!-- configuration-method before -->
              <div class="test-method">
                <img src="failed.png">
                </img>
                <span class="method-name">VerifyCreateNewDeliveryBoy(John Samuel, john123@gmail.com, 556485226, Sam villa,North carolina,Zip-45236)</span>
                <span class="method-start">33348 ms</span>
              </div> <!-- test-method -->
              <div class="configuration-method after">
                <span class="method-name">browserQuit([TestResult name=VerifyCreateNewDeliveryBoy status=FAILURE method=ManageDeliveryBoyTest.VerifyCreate...)</span>
                <span class="method-start">36677 ms</span>
              </div> <!-- configuration-method after -->
            </div> <!-- chronological-class -->
            <div class="chronological-class">
              <div class="chronological-class-name">com.obsqura.selenium.FinalProject.ManageLocationTest</div> <!-- chronological-class-name -->
              <div class="configuration-method before">
                <span class="method-name">initialiseBrowser(chrome)</span>
                <span class="method-start">37664 ms</span>
              </div> <!-- configuration-method before -->
              <div class="test-method">
                <span class="method-name">verifyLocationAndDeliveryChargeFieldsDisplayedOrNot</span>
                <span class="method-start">39986 ms</span>
              </div> <!-- test-method -->
              <div class="configuration-method after">
                <span class="method-name">browserQuit([TestResult name=verifyLocationAndDeliveryChargeFieldsDisplayedOrNot status=SUCCESS method=ManageLoc...)</span>
                <span class="method-start">41317 ms</span>
              </div> <!-- configuration-method after -->
              <div class="configuration-method before">
                <span class="method-name">initialiseBrowser(chrome)</span>
                <span class="method-start">42064 ms</span>
              </div> <!-- configuration-method before -->
              <div class="test-method">
                <span class="method-name">verifycreateNewLocation(United Kingdom, Kerala, 250)</span>
                <span class="method-start">44335 ms</span>
              </div> <!-- test-method -->
              <div class="configuration-method after">
                <span class="method-name">browserQuit([TestResult name=verifycreateNewLocation status=SUCCESS method=ManageLocationTest.verifycreateNewLoc...)</span>
                <span class="method-start">46624 ms</span>
              </div> <!-- configuration-method after -->
            </div> <!-- chronological-class -->
            <div class="chronological-class">
              <div class="chronological-class-name">com.obsqura.selenium.FinalProject.ManageExpenseFromDashboardTest</div> <!-- chronological-class-name -->
              <div class="configuration-method before">
                <span class="method-name">initialiseBrowser(chrome)</span>
                <span class="method-start">47388 ms</span>
              </div> <!-- configuration-method before -->
              <div class="test-method">
                <img src="failed.png">
                </img>
                <span class="method-name">verifyCreateNewExpenseRecord</span>
                <span class="method-start">49693 ms</span>
              </div> <!-- test-method -->
              <div class="configuration-method after">
                <span class="method-name">browserQuit([TestResult name=verifyCreateNewExpenseRecord status=FAILURE method=ManageExpenseFromDashboardTest.v...)</span>
                <span class="method-start">51715 ms</span>
              </div> <!-- configuration-method after -->
              <div class="configuration-method before">
                <span class="method-name">initialiseBrowser(chrome)</span>
                <span class="method-start">52670 ms</span>
              </div> <!-- configuration-method before -->
              <div class="test-method">
                <img src="failed.png">
                </img>
                <span class="method-name">verifySelectDateFromCalendar</span>
                <span class="method-start">54935 ms</span>
              </div> <!-- test-method -->
              <div class="configuration-method after">
                <span class="method-name">browserQuit([TestResult name=verifySelectDateFromCalendar status=FAILURE method=ManageExpenseFromDashboardTest.v...)</span>
                <span class="method-start">56869 ms</span>
              </div> <!-- configuration-method after -->
              <div class="configuration-method before">
                <span class="method-name">initialiseBrowser(chrome)</span>
                <span class="method-start">57810 ms</span>
              </div> <!-- configuration-method before -->
              <div class="test-method">
                <img src="failed.png">
                </img>
                <span class="method-name">verifyTodaysDateInDateField</span>
                <span class="method-start">61038 ms</span>
              </div> <!-- test-method -->
              <div class="configuration-method after">
                <span class="method-name">browserQuit([TestResult name=verifyTodaysDateInDateField status=FAILURE method=ManageExpenseFromDashboardTest.ve...)</span>
                <span class="method-start">62917 ms</span>
              </div> <!-- configuration-method after -->
            </div> <!-- chronological-class -->
            <div class="chronological-class">
              <div class="chronological-class-name">com.obsqura.selenium.FinalProject.ManageExpenseOptionsTest</div> <!-- chronological-class-name -->
              <div class="configuration-method before">
                <span class="method-name">initialiseBrowser(chrome)</span>
                <span class="method-start">63897 ms</span>
              </div> <!-- configuration-method before -->
              <div class="test-method">
                <span class="method-name">verifyExpenseManageOptions</span>
                <span class="method-start">66237 ms</span>
              </div> <!-- test-method -->
              <div class="configuration-method after">
                <span class="method-name">browserQuit([TestResult name=verifyExpenseManageOptions status=SUCCESS method=ManageExpenseOptionsTest.verifyExp...)</span>
                <span class="method-start">67643 ms</span>
              </div> <!-- configuration-method after -->
            </div> <!-- chronological-class -->
            <div class="chronological-class">
              <div class="chronological-class-name">com.obsqura.selenium.FinalProject.ManageNewsTest</div> <!-- chronological-class-name -->
              <div class="configuration-method before">
                <span class="method-name">initialiseBrowser(chrome)</span>
                <span class="method-start">68448 ms</span>
              </div> <!-- configuration-method before -->
              <div class="test-method">
                <span class="method-name">VerifyEnterAndSaveNews</span>
                <span class="method-start">70677 ms</span>
              </div> <!-- test-method -->
              <div class="configuration-method after">
                <span class="method-name">browserQuit([TestResult name=VerifyEnterAndSaveNews status=SUCCESS method=ManageNewsTest.VerifyEnterAndSaveNews(...)</span>
                <span class="method-start">72673 ms</span>
              </div> <!-- configuration-method after -->
            </div> <!-- chronological-class -->
            <div class="chronological-class">
              <div class="chronological-class-name">com.obsqura.selenium.FinalProject.ManageOrdersFromDashboardTest</div> <!-- chronological-class-name -->
              <div class="configuration-method before">
                <span class="method-name">initialiseBrowser(chrome)</span>
                <span class="method-start">73422 ms</span>
              </div> <!-- configuration-method before -->
              <div class="test-method">
                <span class="method-name">verifyClickBackButtonFromViewScreen</span>
                <span class="method-start">75705 ms</span>
              </div> <!-- test-method -->
              <div class="configuration-method after">
                <span class="method-name">browserQuit([TestResult name=verifyClickBackButtonFromViewScreen status=SUCCESS method=ManageOrdersFromDashboard...)</span>
                <span class="method-start">78090 ms</span>
              </div> <!-- configuration-method after -->
              <div class="configuration-method before">
                <span class="method-name">initialiseBrowser(chrome)</span>
                <span class="method-start">78864 ms</span>
              </div> <!-- configuration-method before -->
              <div class="test-method">
                <span class="method-name">verifyClickViewButton</span>
                <span class="method-start">81031 ms</span>
              </div> <!-- test-method -->
              <div class="configuration-method after">
                <span class="method-name">browserQuit([TestResult name=verifyClickViewButton status=SUCCESS method=ManageOrdersFromDashboardTest.verifyCli...)</span>
                <span class="method-start">82787 ms</span>
              </div> <!-- configuration-method after -->
              <div class="configuration-method before">
                <span class="method-name">initialiseBrowser(chrome)</span>
                <span class="method-start">83550 ms</span>
              </div> <!-- configuration-method before -->
              <div class="test-method">
                <span class="method-name">verifyDeleteOrder</span>
                <span class="method-start">85861 ms</span>
              </div> <!-- test-method -->
              <div class="configuration-method after">
                <span class="method-name">browserQuit([TestResult name=verifyDeleteOrder status=SUCCESS method=ManageOrdersFromDashboardTest.verifyDeleteO...)</span>
                <span class="method-start">87954 ms</span>
              </div> <!-- configuration-method after -->
              <div class="configuration-method before">
                <span class="method-name">initialiseBrowser(chrome)</span>
                <span class="method-start">88733 ms</span>
              </div> <!-- configuration-method before -->
              <div class="test-method">
                <span class="method-name">verifyStatusColumnOptionColors</span>
                <span class="method-start">90912 ms</span>
              </div> <!-- test-method -->
              <div class="configuration-method after">
                <span class="method-name">browserQuit([TestResult name=verifyStatusColumnOptionColors status=SUCCESS method=ManageOrdersFromDashboardTest....)</span>
                <span class="method-start">92333 ms</span>
              </div> <!-- configuration-method after -->
            </div> <!-- chronological-class -->
            <div class="chronological-class">
              <div class="chronological-class-name">com.obsqura.selenium.FinalProject.ManagePagesFromDashboardTest</div> <!-- chronological-class-name -->
              <div class="configuration-method before">
                <span class="method-name">initialiseBrowser(chrome)</span>
                <span class="method-start">93118 ms</span>
              </div> <!-- configuration-method before -->
              <div class="test-method">
                <span class="method-name">verifySearchInvalidData</span>
                <span class="method-start">95683 ms</span>
              </div> <!-- test-method -->
              <div class="configuration-method after">
                <span class="method-name">browserQuit([TestResult name=verifySearchInvalidData status=SUCCESS method=ManagePagesFromDashboardTest.verifySe...)</span>
                <span class="method-start">97196 ms</span>
              </div> <!-- configuration-method after -->
              <div class="configuration-method before">
                <span class="method-name">initialiseBrowser(chrome)</span>
                <span class="method-start">97958 ms</span>
              </div> <!-- configuration-method before -->
              <div class="test-method">
                <span class="method-name">verifySearchValidData</span>
                <span class="method-start">100105 ms</span>
              </div> <!-- test-method -->
              <div class="configuration-method after">
                <span class="method-name">browserQuit([TestResult name=verifySearchValidData status=SUCCESS method=ManagePagesFromDashboardTest.verifySear...)</span>
                <span class="method-start">101346 ms</span>
              </div> <!-- configuration-method after -->
            </div> <!-- chronological-class -->
            <div class="chronological-class">
              <div class="chronological-class-name">com.obsqura.selenium.FinalProject.ManageSliderTest</div> <!-- chronological-class-name -->
              <div class="configuration-method before">
                <span class="method-name">initialiseBrowser(chrome)</span>
                <span class="method-start">102034 ms</span>
              </div> <!-- configuration-method before -->
              <div class="test-method">
                <span class="method-name">verifyAddSlider</span>
                <span class="method-start">104197 ms</span>
              </div> <!-- test-method -->
              <div class="configuration-method after">
                <span class="method-name">browserQuit([TestResult name=verifyAddSlider status=SUCCESS method=ManageSliderTest.verifyAddSlider()[pri:0, ins...)</span>
                <span class="method-start">105997 ms</span>
              </div> <!-- configuration-method after -->
              <div class="configuration-method before">
                <span class="method-name">initialiseBrowser(chrome)</span>
                <span class="method-start">106716 ms</span>
              </div> <!-- configuration-method before -->
              <div class="test-method">
                <span class="method-name">verifyNavigateBackToHome</span>
                <span class="method-start">108844 ms</span>
              </div> <!-- test-method -->
              <div class="configuration-method after">
                <span class="method-name">browserQuit([TestResult name=verifyNavigateBackToHome status=SUCCESS method=ManageSliderTest.verifyNavigateBackT...)</span>
                <span class="method-start">110979 ms</span>
              </div> <!-- configuration-method after -->
            </div> <!-- chronological-class -->
            <div class="chronological-class">
              <div class="chronological-class-name">com.obsqura.selenium.FinalProject.MobileSliderTest</div> <!-- chronological-class-name -->
              <div class="configuration-method before">
                <span class="method-name">initialiseBrowser(chrome)</span>
                <span class="method-start">111749 ms</span>
              </div> <!-- configuration-method before -->
              <div class="test-method">
                <img src="failed.png">
                </img>
                <span class="method-name">VerifyAddNewSlider</span>
                <span class="method-start">113936 ms</span>
              </div> <!-- test-method -->
              <div class="configuration-method after">
                <span class="method-name">browserQuit([TestResult name=VerifyAddNewSlider status=FAILURE method=MobileSliderTest.VerifyAddNewSlider()[pri:...)</span>
                <span class="method-start">115710 ms</span>
              </div> <!-- configuration-method after -->
              <div class="configuration-method before">
                <span class="method-name">initialiseBrowser(chrome)</span>
                <span class="method-start">116665 ms</span>
              </div> <!-- configuration-method before -->
              <div class="test-method">
                <img src="failed.png">
                </img>
                <span class="method-name">verifyCheckButtonColors</span>
                <span class="method-start">118813 ms</span>
              </div> <!-- test-method -->
              <div class="configuration-method after">
                <span class="method-name">browserQuit([TestResult name=verifyCheckButtonColors status=FAILURE method=MobileSliderTest.verifyCheckButtonCol...)</span>
                <span class="method-start">120689 ms</span>
              </div> <!-- configuration-method after -->
              <div class="configuration-method before">
                <span class="method-name">initialiseBrowser(chrome)</span>
                <span class="method-start">121618 ms</span>
              </div> <!-- configuration-method before -->
              <div class="test-method">
                <img src="failed.png">
                </img>
                <span class="method-name">verifyCheckColumnHeaders</span>
                <span class="method-start">123838 ms</span>
              </div> <!-- test-method -->
              <div class="configuration-method after">
                <span class="method-name">browserQuit([TestResult name=verifyCheckColumnHeaders status=FAILURE method=MobileSliderTest.verifyCheckColumnHe...)</span>
                <span class="method-start">125709 ms</span>
              </div> <!-- configuration-method after -->
            </div> <!-- chronological-class -->
            <div class="chronological-class">
              <div class="chronological-class-name">com.obsqura.selenium.FinalProject.PushNotificationsTest</div> <!-- chronological-class-name -->
              <div class="configuration-method before">
                <span class="method-name">initialiseBrowser(chrome)</span>
                <span class="method-start">126654 ms</span>
              </div> <!-- configuration-method before -->
              <div class="test-method">
                <span class="method-name">verifyCheckTitleOfPage</span>
                <span class="method-start">128784 ms</span>
              </div> <!-- test-method -->
              <div class="configuration-method after">
                <span class="method-name">browserQuit([TestResult name=verifyCheckTitleOfPage status=SUCCESS method=PushNotificationsTest.verifyCheckTitle...)</span>
                <span class="method-start">129682 ms</span>
              </div> <!-- configuration-method after -->
              <div class="configuration-method before">
                <span class="method-name">initialiseBrowser(chrome)</span>
                <span class="method-start">130434 ms</span>
              </div> <!-- configuration-method before -->
              <div class="test-method">
                <span class="method-name">verifyResetNotification</span>
                <span class="method-start">132797 ms</span>
              </div> <!-- test-method -->
              <div class="configuration-method after">
                <span class="method-name">browserQuit([TestResult name=verifyResetNotification status=SUCCESS method=PushNotificationsTest.verifyResetNoti...)</span>
                <span class="method-start">134331 ms</span>
              </div> <!-- configuration-method after -->
              <div class="configuration-method before">
                <span class="method-name">initialiseBrowser(chrome)</span>
                <span class="method-start">135062 ms</span>
              </div> <!-- configuration-method before -->
              <div class="test-method">
                <span class="method-name">verifySendNotification</span>
                <span class="method-start">137383 ms</span>
              </div> <!-- test-method -->
              <div class="configuration-method after">
                <span class="method-name">browserQuit([TestResult name=verifySendNotification status=SUCCESS method=PushNotificationsTest.verifySendNotifi...)</span>
                <span class="method-start">139152 ms</span>
              </div> <!-- configuration-method after -->
            </div> <!-- chronological-class -->
            <div class="chronological-class">
              <div class="chronological-class-name">com.obsqura.selenium.FinalProject.VerifyButtonsAndColorsInExpenseCategoryTest</div> <!-- chronological-class-name -->
              <div class="configuration-method before">
                <span class="method-name">initialiseBrowser(chrome)</span>
                <span class="method-start">139882 ms</span>
              </div> <!-- configuration-method before -->
              <div class="test-method">
                <span class="method-name">verifyFindBackgroundColor</span>
                <span class="method-start">142030 ms</span>
              </div> <!-- test-method -->
              <div class="configuration-method after">
                <span class="method-name">browserQuit([TestResult name=verifyFindBackgroundColor status=SUCCESS method=VerifyButtonsAndColorsInExpenseCate...)</span>
                <span class="method-start">143272 ms</span>
              </div> <!-- configuration-method after -->
            </div> <!-- chronological-class -->
            <div class="chronological-class">
              <div class="chronological-class-name">com.obsqura.selenium.FinalProject.ExpenseCategoryNewButtonTest</div> <!-- chronological-class-name -->
              <div class="configuration-method before">
                <span class="method-name">initialiseBrowser(chrome)</span>
                <span class="method-start">144007 ms</span>
              </div> <!-- configuration-method before -->
              <div class="test-method">
                <span class="method-name">verifySaveButtonColor</span>
                <span class="method-start">146171 ms</span>
              </div> <!-- test-method -->
              <div class="configuration-method after">
                <span class="method-name">browserQuit([TestResult name=verifySaveButtonColor status=SUCCESS method=ExpenseCategoryNewButtonTest.verifySave...)</span>
                <span class="method-start">147615 ms</span>
              </div> <!-- configuration-method after -->
              <div class="configuration-method before">
                <span class="method-name">initialiseBrowser(chrome)</span>
                <span class="method-start">148334 ms</span>
              </div> <!-- configuration-method before -->
              <div class="test-method">
                <span class="method-name">verifyClickSaveWithTitle</span>
                <span class="method-start">150465 ms</span>
              </div> <!-- test-method -->
              <div class="configuration-method after">
                <span class="method-name">browserQuit([TestResult name=verifyClickSaveWithTitle status=SUCCESS method=ExpenseCategoryNewButtonTest.verifyC...)</span>
                <span class="method-start">152031 ms</span>
              </div> <!-- configuration-method after -->
              <div class="configuration-method before">
                <span class="method-name">initialiseBrowser(chrome)</span>
                <span class="method-start">152785 ms</span>
              </div> <!-- configuration-method before -->
              <div class="test-method">
                <span class="method-name">verifyDuplicateTitleValidation</span>
                <span class="method-start">154945 ms</span>
              </div> <!-- test-method -->
              <div class="configuration-method after">
                <span class="method-name">browserQuit([TestResult name=verifyDuplicateTitleValidation status=SUCCESS method=ExpenseCategoryNewButtonTest.v...)</span>
                <span class="method-start">156492 ms</span>
              </div> <!-- configuration-method after -->
          </div> <!-- main-panel-content rounded-window-bottom -->
        </div> <!-- panel -->
      </div> <!-- main-panel-root -->
    </div> <!-- wrapper -->
  </body>
</html>
